2024-11-15T10:22:29.583+05:30  INFO 18848 --- [Product-Service] [restartedMain] c.e.product.ProductServiceApplication    : Starting ProductServiceApplication using Java 21.0.5 with PID 18848 (C:\Users\ddadasop\eclipse-workspace\Shopping-Cart\Product-Service\target\classes started by ddadasop in C:\Users\ddadasop\eclipse-workspace\Shopping-Cart\Product-Service)
2024-11-15T10:22:29.636+05:30  INFO 18848 --- [Product-Service] [restartedMain] c.e.product.ProductServiceApplication    : No active profile set, falling back to 1 default profile: "default"
2024-11-15T10:22:29.909+05:30  INFO 18848 --- [Product-Service] [restartedMain] .e.DevToolsPropertyDefaultsPostProcessor : Devtools property defaults active! Set 'spring.devtools.add-properties' to 'false' to disable
2024-11-15T10:22:29.918+05:30  INFO 18848 --- [Product-Service] [restartedMain] .e.DevToolsPropertyDefaultsPostProcessor : For additional web related logging consider setting the 'logging.level.web' property to 'DEBUG'
2024-11-15T10:22:31.875+05:30  INFO 18848 --- [Product-Service] [restartedMain] .s.d.r.c.RepositoryConfigurationDelegate : Bootstrapping Spring Data JPA repositories in DEFAULT mode.
2024-11-15T10:22:32.438+05:30  INFO 18848 --- [Product-Service] [restartedMain] .s.d.r.c.RepositoryConfigurationDelegate : Finished Spring Data repository scanning in 529 ms. Found 1 JPA repository interface.
2024-11-15T10:22:34.513+05:30  INFO 18848 --- [Product-Service] [restartedMain] o.s.cloud.context.scope.GenericScope     : BeanFactory id=cc6d942e-5716-3ea7-a825-cd0b64964ced
2024-11-15T10:22:35.166+05:30  WARN 18848 --- [Product-Service] [restartedMain] trationDelegate$BeanPostProcessorChecker : Bean 'org.springframework.cloud.client.loadbalancer.LoadBalancerAutoConfiguration$DeferringLoadBalancerInterceptorConfig' of type [org.springframework.cloud.client.loadbalancer.LoadBalancerAutoConfiguration$DeferringLoadBalancerInterceptorConfig] is not eligible for getting processed by all BeanPostProcessors (for example: not eligible for auto-proxying). The currently created BeanPostProcessor [lbRestClientPostProcessor] is declared through a non-static factory method on that class; consider declaring it as static instead.
2024-11-15T10:22:35.176+05:30  WARN 18848 --- [Product-Service] [restartedMain] trationDelegate$BeanPostProcessorChecker : Bean 'deferringLoadBalancerInterceptor' of type [org.springframework.cloud.client.loadbalancer.DeferringLoadBalancerInterceptor] is not eligible for getting processed by all BeanPostProcessors (for example: not eligible for auto-proxying). Is this bean getting eagerly injected/applied to a currently created BeanPostProcessor [lbRestClientPostProcessor]? Check the corresponding BeanPostProcessor declaration and its dependencies/advisors. If this bean does not have to be post-processed, declare it with ROLE_INFRASTRUCTURE.
2024-11-15T10:22:36.793+05:30  INFO 18848 --- [Product-Service] [restartedMain] o.s.b.w.embedded.tomcat.TomcatWebServer  : Tomcat initialized with port 8092 (http)
2024-11-15T10:22:36.872+05:30  INFO 18848 --- [Product-Service] [restartedMain] o.apache.catalina.core.StandardService   : Starting service [Tomcat]
2024-11-15T10:22:36.873+05:30  INFO 18848 --- [Product-Service] [restartedMain] o.apache.catalina.core.StandardEngine    : Starting Servlet engine: [Apache Tomcat/10.1.31]
2024-11-15T10:22:37.193+05:30  INFO 18848 --- [Product-Service] [restartedMain] o.a.c.c.C.[Tomcat].[localhost].[/]       : Initializing Spring embedded WebApplicationContext
2024-11-15T10:22:37.196+05:30  INFO 18848 --- [Product-Service] [restartedMain] w.s.c.ServletWebServerApplicationContext : Root WebApplicationContext: initialization completed in 7273 ms
2024-11-15T10:22:37.823+05:30  INFO 18848 --- [Product-Service] [restartedMain] o.hibernate.jpa.internal.util.LogHelper  : HHH000204: Processing PersistenceUnitInfo [name: default]
2024-11-15T10:22:38.059+05:30  INFO 18848 --- [Product-Service] [restartedMain] org.hibernate.Version                    : HHH000412: Hibernate ORM core version 6.5.3.Final
2024-11-15T10:22:38.252+05:30  INFO 18848 --- [Product-Service] [restartedMain] o.h.c.internal.RegionFactoryInitiator    : HHH000026: Second-level cache disabled
2024-11-15T10:22:39.334+05:30  INFO 18848 --- [Product-Service] [restartedMain] o.s.o.j.p.SpringPersistenceUnitInfo      : No LoadTimeWeaver setup: ignoring JPA class transformer
2024-11-15T10:22:39.432+05:30  INFO 18848 --- [Product-Service] [restartedMain] com.zaxxer.hikari.HikariDataSource       : HikariPool-1 - Starting...
2024-11-15T10:22:40.018+05:30  INFO 18848 --- [Product-Service] [restartedMain] com.zaxxer.hikari.pool.HikariPool        : HikariPool-1 - Added connection com.mysql.cj.jdbc.ConnectionImpl@14ea4afa
2024-11-15T10:22:40.024+05:30  INFO 18848 --- [Product-Service] [restartedMain] com.zaxxer.hikari.HikariDataSource       : HikariPool-1 - Start completed.
2024-11-15T10:22:40.188+05:30  WARN 18848 --- [Product-Service] [restartedMain] org.hibernate.orm.deprecation            : HHH90000025: MySQL8Dialect does not need to be specified explicitly using 'hibernate.dialect' (remove the property setting and it will be selected by default)
2024-11-15T10:22:40.193+05:30  WARN 18848 --- [Product-Service] [restartedMain] org.hibernate.orm.deprecation            : HHH90000026: MySQL8Dialect has been deprecated; use org.hibernate.dialect.MySQLDialect instead
2024-11-15T10:22:43.206+05:30  INFO 18848 --- [Product-Service] [restartedMain] o.h.e.t.j.p.i.JtaPlatformInitiator       : HHH000489: No JTA platform available (set 'hibernate.transaction.jta.platform' to enable JTA platform integration)
2024-11-15T10:22:43.517+05:30  INFO 18848 --- [Product-Service] [restartedMain] j.LocalContainerEntityManagerFactoryBean : Initialized JPA EntityManagerFactory for persistence unit 'default'
2024-11-15T10:22:45.585+05:30  WARN 18848 --- [Product-Service] [restartedMain] JpaBaseConfiguration$JpaWebConfiguration : spring.jpa.open-in-view is enabled by default. Therefore, database queries may be performed during view rendering. Explicitly configure spring.jpa.open-in-view to disable this warning
2024-11-15T10:22:47.619+05:30  WARN 18848 --- [Product-Service] [restartedMain] o.s.b.d.a.OptionalLiveReloadServer       : Unable to start LiveReload server
2024-11-15T10:22:47.915+05:30  INFO 18848 --- [Product-Service] [restartedMain] DiscoveryClientOptionalArgsConfiguration : Eureka HTTP Client uses RestTemplate.
2024-11-15T10:22:48.086+05:30  WARN 18848 --- [Product-Service] [restartedMain] iguration$LoadBalancerCaffeineWarnLogger : Spring Cloud LoadBalancer is currently working with the default cache. While this cache implementation is useful for development and tests, it's recommended to use Caffeine cache in production.You can switch to using Caffeine cache, by adding it and org.springframework.cache.caffeine.CaffeineCacheManager to the classpath.
2024-11-15T10:22:48.179+05:30  INFO 18848 --- [Product-Service] [restartedMain] o.s.c.n.eureka.InstanceInfoFactory       : Setting initial instance status as: STARTING
2024-11-15T10:22:48.331+05:30  INFO 18848 --- [Product-Service] [restartedMain] com.netflix.discovery.DiscoveryClient    : Initializing Eureka in region us-east-1
2024-11-15T10:22:48.354+05:30  INFO 18848 --- [Product-Service] [restartedMain] c.n.d.s.r.aws.ConfigClusterResolver      : Resolving eureka endpoints via configuration
2024-11-15T10:22:48.399+05:30  INFO 18848 --- [Product-Service] [restartedMain] com.netflix.discovery.DiscoveryClient    : Disable delta property : false
2024-11-15T10:22:48.400+05:30  INFO 18848 --- [Product-Service] [restartedMain] com.netflix.discovery.DiscoveryClient    : Single vip registry refresh property : null
2024-11-15T10:22:48.401+05:30  INFO 18848 --- [Product-Service] [restartedMain] com.netflix.discovery.DiscoveryClient    : Force full registry fetch : false
2024-11-15T10:22:48.402+05:30  INFO 18848 --- [Product-Service] [restartedMain] com.netflix.discovery.DiscoveryClient    : Application is null : false
2024-11-15T10:22:48.403+05:30  INFO 18848 --- [Product-Service] [restartedMain] com.netflix.discovery.DiscoveryClient    : Registered Applications size is zero : true
2024-11-15T10:22:48.404+05:30  INFO 18848 --- [Product-Service] [restartedMain] com.netflix.discovery.DiscoveryClient    : Application version is -1: true
2024-11-15T10:22:48.405+05:30  INFO 18848 --- [Product-Service] [restartedMain] com.netflix.discovery.DiscoveryClient    : Getting all instance registry info from the eureka server
2024-11-15T10:22:50.032+05:30  INFO 18848 --- [Product-Service] [restartedMain] com.netflix.discovery.DiscoveryClient    : The response status is 200
2024-11-15T10:22:50.040+05:30  INFO 18848 --- [Product-Service] [restartedMain] com.netflix.discovery.DiscoveryClient    : Starting heartbeat executor: renew interval is: 30
2024-11-15T10:22:50.049+05:30  INFO 18848 --- [Product-Service] [restartedMain] c.n.discovery.InstanceInfoReplicator     : InstanceInfoReplicator onDemand update allowed rate per min is 4
2024-11-15T10:22:50.055+05:30  INFO 18848 --- [Product-Service] [restartedMain] com.netflix.discovery.DiscoveryClient    : Discovery Client initialized at timestamp 1731646370053 with initial instances count: 1
2024-11-15T10:22:50.069+05:30  INFO 18848 --- [Product-Service] [restartedMain] o.s.c.n.e.s.EurekaServiceRegistry        : Registering application PRODUCT-SERVICE with eureka with status UP
2024-11-15T10:22:50.071+05:30  INFO 18848 --- [Product-Service] [restartedMain] com.netflix.discovery.DiscoveryClient    : Saw local status change event StatusChangeEvent [timestamp=1731646370071, current=UP, previous=STARTING]
2024-11-15T10:22:50.080+05:30  INFO 18848 --- [Product-Service] [DiscoveryClient-InstanceInfoReplicator-%d] com.netflix.discovery.DiscoveryClient    : DiscoveryClient_PRODUCT-SERVICE/LIN-5CG0215GZ8.corp.capgemini.com:Product-Service:8092: registering service...
2024-11-15T10:22:50.197+05:30  INFO 18848 --- [Product-Service] [restartedMain] o.s.b.w.embedded.tomcat.TomcatWebServer  : Tomcat started on port 8092 (http) with context path '/'
2024-11-15T10:22:50.201+05:30  INFO 18848 --- [Product-Service] [restartedMain] .s.c.n.e.s.EurekaAutoServiceRegistration : Updating port to 8092
2024-11-15T10:22:50.272+05:30  INFO 18848 --- [Product-Service] [DiscoveryClient-InstanceInfoReplicator-%d] com.netflix.discovery.DiscoveryClient    : DiscoveryClient_PRODUCT-SERVICE/LIN-5CG0215GZ8.corp.capgemini.com:Product-Service:8092 - registration status: 204
2024-11-15T10:22:50.277+05:30  INFO 18848 --- [Product-Service] [restartedMain] c.e.product.ProductServiceApplication    : Started ProductServiceApplication in 22.903 seconds (process running for 25.492)
2024-11-15T10:27:48.198+05:30  INFO 18848 --- [Product-Service] [AsyncResolver-bootstrap-executor-%d] c.n.d.s.r.aws.ConfigClusterResolver      : Resolving eureka endpoints via configuration
2024-11-15T10:32:48.214+05:30  INFO 18848 --- [Product-Service] [AsyncResolver-bootstrap-executor-%d] c.n.d.s.r.aws.ConfigClusterResolver      : Resolving eureka endpoints via configuration
2024-11-15T10:37:48.229+05:30  INFO 18848 --- [Product-Service] [AsyncResolver-bootstrap-executor-%d] c.n.d.s.r.aws.ConfigClusterResolver      : Resolving eureka endpoints via configuration
2024-11-15T10:38:58.071+05:30  INFO 18848 --- [Product-Service] [File Watcher] rtingClassPathChangeChangedEventListener : Restarting due to 1 class path change (1 addition, 0 deletions, 0 modifications)
2024-11-15T10:38:58.077+05:30  INFO 18848 --- [Product-Service] [Thread-1] o.s.c.n.e.s.EurekaServiceRegistry        : Unregistering application PRODUCT-SERVICE with eureka with status DOWN
2024-11-15T10:38:58.078+05:30  INFO 18848 --- [Product-Service] [Thread-1] com.netflix.discovery.DiscoveryClient    : Saw local status change event StatusChangeEvent [timestamp=1731647338078, current=DOWN, previous=UP]
2024-11-15T10:38:58.079+05:30  INFO 18848 --- [Product-Service] [DiscoveryClient-InstanceInfoReplicator-%d] com.netflix.discovery.DiscoveryClient    : DiscoveryClient_PRODUCT-SERVICE/LIN-5CG0215GZ8.corp.capgemini.com:Product-Service:8092: registering service...
2024-11-15T10:38:58.122+05:30  INFO 18848 --- [Product-Service] [DiscoveryClient-InstanceInfoReplicator-%d] com.netflix.discovery.DiscoveryClient    : DiscoveryClient_PRODUCT-SERVICE/LIN-5CG0215GZ8.corp.capgemini.com:Product-Service:8092 - registration status: 204
2024-11-15T10:38:58.125+05:30  INFO 18848 --- [Product-Service] [Thread-1] j.LocalContainerEntityManagerFactoryBean : Closing JPA EntityManagerFactory for persistence unit 'default'
2024-11-15T10:38:58.137+05:30  INFO 18848 --- [Product-Service] [Thread-1] com.zaxxer.hikari.HikariDataSource       : HikariPool-1 - Shutdown initiated...
2024-11-15T10:38:58.168+05:30  INFO 18848 --- [Product-Service] [Thread-1] com.zaxxer.hikari.HikariDataSource       : HikariPool-1 - Shutdown completed.
2024-11-15T10:38:58.171+05:30  INFO 18848 --- [Product-Service] [Thread-1] com.netflix.discovery.DiscoveryClient    : Shutting down DiscoveryClient ...
2024-11-15T10:39:01.189+05:30  INFO 18848 --- [Product-Service] [Thread-1] com.netflix.discovery.DiscoveryClient    : Unregistering ...
2024-11-15T10:39:01.213+05:30  INFO 18848 --- [Product-Service] [Thread-1] com.netflix.discovery.DiscoveryClient    : DiscoveryClient_PRODUCT-SERVICE/LIN-5CG0215GZ8.corp.capgemini.com:Product-Service:8092 - deregister  status: 200
2024-11-15T10:39:01.218+05:30  INFO 18848 --- [Product-Service] [Thread-1] com.netflix.discovery.DiscoveryClient    : Completed shut down of DiscoveryClient
2024-11-15T10:39:01.651+05:30  INFO 18848 --- [Product-Service] [restartedMain] c.e.product.ProductServiceApplication    : Starting ProductServiceApplication using Java 21.0.5 with PID 18848 (C:\Users\ddadasop\eclipse-workspace\Shopping-Cart\Product-Service\target\classes started by ddadasop in C:\Users\ddadasop\eclipse-workspace\Shopping-Cart\Product-Service)
2024-11-15T10:39:01.652+05:30  INFO 18848 --- [Product-Service] [restartedMain] c.e.product.ProductServiceApplication    : No active profile set, falling back to 1 default profile: "default"
2024-11-15T10:39:02.727+05:30  INFO 18848 --- [Product-Service] [restartedMain] .s.d.r.c.RepositoryConfigurationDelegate : Bootstrapping Spring Data JPA repositories in DEFAULT mode.
2024-11-15T10:39:02.807+05:30  INFO 18848 --- [Product-Service] [restartedMain] .s.d.r.c.RepositoryConfigurationDelegate : Finished Spring Data repository scanning in 78 ms. Found 1 JPA repository interface.
2024-11-15T10:39:03.488+05:30  INFO 18848 --- [Product-Service] [restartedMain] o.s.cloud.context.scope.GenericScope     : BeanFactory id=cc6d942e-5716-3ea7-a825-cd0b64964ced
2024-11-15T10:39:03.584+05:30  WARN 18848 --- [Product-Service] [restartedMain] trationDelegate$BeanPostProcessorChecker : Bean 'org.springframework.cloud.client.loadbalancer.LoadBalancerAutoConfiguration$DeferringLoadBalancerInterceptorConfig' of type [org.springframework.cloud.client.loadbalancer.LoadBalancerAutoConfiguration$DeferringLoadBalancerInterceptorConfig] is not eligible for getting processed by all BeanPostProcessors (for example: not eligible for auto-proxying). The currently created BeanPostProcessor [lbRestClientPostProcessor] is declared through a non-static factory method on that class; consider declaring it as static instead.
2024-11-15T10:39:03.588+05:30  WARN 18848 --- [Product-Service] [restartedMain] trationDelegate$BeanPostProcessorChecker : Bean 'deferringLoadBalancerInterceptor' of type [org.springframework.cloud.client.loadbalancer.DeferringLoadBalancerInterceptor] is not eligible for getting processed by all BeanPostProcessors (for example: not eligible for auto-proxying). Is this bean getting eagerly injected/applied to a currently created BeanPostProcessor [lbRestClientPostProcessor]? Check the corresponding BeanPostProcessor declaration and its dependencies/advisors. If this bean does not have to be post-processed, declare it with ROLE_INFRASTRUCTURE.
2024-11-15T10:39:03.767+05:30  INFO 18848 --- [Product-Service] [restartedMain] o.s.b.w.embedded.tomcat.TomcatWebServer  : Tomcat initialized with port 8092 (http)
2024-11-15T10:39:03.770+05:30  INFO 18848 --- [Product-Service] [restartedMain] o.apache.catalina.core.StandardService   : Starting service [Tomcat]
2024-11-15T10:39:03.771+05:30  INFO 18848 --- [Product-Service] [restartedMain] o.apache.catalina.core.StandardEngine    : Starting Servlet engine: [Apache Tomcat/10.1.31]
2024-11-15T10:39:03.928+05:30  INFO 18848 --- [Product-Service] [restartedMain] o.a.c.c.C.[Tomcat].[localhost].[/]       : Initializing Spring embedded WebApplicationContext
2024-11-15T10:39:03.929+05:30  INFO 18848 --- [Product-Service] [restartedMain] w.s.c.ServletWebServerApplicationContext : Root WebApplicationContext: initialization completed in 2262 ms
2024-11-15T10:39:04.049+05:30  INFO 18848 --- [Product-Service] [restartedMain] o.hibernate.jpa.internal.util.LogHelper  : HHH000204: Processing PersistenceUnitInfo [name: default]
2024-11-15T10:39:04.068+05:30  INFO 18848 --- [Product-Service] [restartedMain] o.h.c.internal.RegionFactoryInitiator    : HHH000026: Second-level cache disabled
2024-11-15T10:39:04.113+05:30  INFO 18848 --- [Product-Service] [restartedMain] o.s.o.j.p.SpringPersistenceUnitInfo      : No LoadTimeWeaver setup: ignoring JPA class transformer
2024-11-15T10:39:04.117+05:30  INFO 18848 --- [Product-Service] [restartedMain] com.zaxxer.hikari.HikariDataSource       : HikariPool-2 - Starting...
2024-11-15T10:39:04.141+05:30  INFO 18848 --- [Product-Service] [restartedMain] com.zaxxer.hikari.pool.HikariPool        : HikariPool-2 - Added connection com.mysql.cj.jdbc.ConnectionImpl@2a53055b
2024-11-15T10:39:04.142+05:30  INFO 18848 --- [Product-Service] [restartedMain] com.zaxxer.hikari.HikariDataSource       : HikariPool-2 - Start completed.
2024-11-15T10:39:04.145+05:30  WARN 18848 --- [Product-Service] [restartedMain] org.hibernate.orm.deprecation            : HHH90000025: MySQL8Dialect does not need to be specified explicitly using 'hibernate.dialect' (remove the property setting and it will be selected by default)
2024-11-15T10:39:04.146+05:30  WARN 18848 --- [Product-Service] [restartedMain] org.hibernate.orm.deprecation            : HHH90000026: MySQL8Dialect has been deprecated; use org.hibernate.dialect.MySQLDialect instead
2024-11-15T10:39:04.421+05:30  INFO 18848 --- [Product-Service] [restartedMain] o.h.e.t.j.p.i.JtaPlatformInitiator       : HHH000489: No JTA platform available (set 'hibernate.transaction.jta.platform' to enable JTA platform integration)
2024-11-15T10:39:04.601+05:30  INFO 18848 --- [Product-Service] [restartedMain] j.LocalContainerEntityManagerFactoryBean : Initialized JPA EntityManagerFactory for persistence unit 'default'
2024-11-15T10:39:04.923+05:30  WARN 18848 --- [Product-Service] [restartedMain] JpaBaseConfiguration$JpaWebConfiguration : spring.jpa.open-in-view is enabled by default. Therefore, database queries may be performed during view rendering. Explicitly configure spring.jpa.open-in-view to disable this warning
2024-11-15T10:39:05.393+05:30  WARN 18848 --- [Product-Service] [restartedMain] o.s.b.d.a.OptionalLiveReloadServer       : Unable to start LiveReload server
2024-11-15T10:39:05.510+05:30  INFO 18848 --- [Product-Service] [restartedMain] DiscoveryClientOptionalArgsConfiguration : Eureka HTTP Client uses RestTemplate.
2024-11-15T10:39:05.603+05:30  WARN 18848 --- [Product-Service] [restartedMain] iguration$LoadBalancerCaffeineWarnLogger : Spring Cloud LoadBalancer is currently working with the default cache. While this cache implementation is useful for development and tests, it's recommended to use Caffeine cache in production.You can switch to using Caffeine cache, by adding it and org.springframework.cache.caffeine.CaffeineCacheManager to the classpath.
2024-11-15T10:39:05.632+05:30  INFO 18848 --- [Product-Service] [restartedMain] o.s.c.n.eureka.InstanceInfoFactory       : Setting initial instance status as: STARTING
2024-11-15T10:39:05.640+05:30  INFO 18848 --- [Product-Service] [restartedMain] com.netflix.discovery.DiscoveryClient    : Initializing Eureka in region us-east-1
2024-11-15T10:39:05.641+05:30  INFO 18848 --- [Product-Service] [restartedMain] c.n.d.s.r.aws.ConfigClusterResolver      : Resolving eureka endpoints via configuration
2024-11-15T10:39:05.642+05:30  INFO 18848 --- [Product-Service] [restartedMain] com.netflix.discovery.DiscoveryClient    : Disable delta property : false
2024-11-15T10:39:05.643+05:30  INFO 18848 --- [Product-Service] [restartedMain] com.netflix.discovery.DiscoveryClient    : Single vip registry refresh property : null
2024-11-15T10:39:05.644+05:30  INFO 18848 --- [Product-Service] [restartedMain] com.netflix.discovery.DiscoveryClient    : Force full registry fetch : false
2024-11-15T10:39:05.644+05:30  INFO 18848 --- [Product-Service] [restartedMain] com.netflix.discovery.DiscoveryClient    : Application is null : false
2024-11-15T10:39:05.645+05:30  INFO 18848 --- [Product-Service] [restartedMain] com.netflix.discovery.DiscoveryClient    : Registered Applications size is zero : true
2024-11-15T10:39:05.646+05:30  INFO 18848 --- [Product-Service] [restartedMain] com.netflix.discovery.DiscoveryClient    : Application version is -1: true
2024-11-15T10:39:05.646+05:30  INFO 18848 --- [Product-Service] [restartedMain] com.netflix.discovery.DiscoveryClient    : Getting all instance registry info from the eureka server
2024-11-15T10:39:05.761+05:30  INFO 18848 --- [Product-Service] [restartedMain] com.netflix.discovery.DiscoveryClient    : The response status is 200
2024-11-15T10:39:05.763+05:30  INFO 18848 --- [Product-Service] [restartedMain] com.netflix.discovery.DiscoveryClient    : Starting heartbeat executor: renew interval is: 30
2024-11-15T10:39:05.765+05:30  INFO 18848 --- [Product-Service] [restartedMain] c.n.discovery.InstanceInfoReplicator     : InstanceInfoReplicator onDemand update allowed rate per min is 4
2024-11-15T10:39:05.767+05:30  INFO 18848 --- [Product-Service] [restartedMain] com.netflix.discovery.DiscoveryClient    : Discovery Client initialized at timestamp 1731647345767 with initial instances count: 2
2024-11-15T10:39:05.772+05:30  INFO 18848 --- [Product-Service] [restartedMain] o.s.c.n.e.s.EurekaServiceRegistry        : Registering application PRODUCT-SERVICE with eureka with status UP
2024-11-15T10:39:05.773+05:30  INFO 18848 --- [Product-Service] [restartedMain] com.netflix.discovery.DiscoveryClient    : Saw local status change event StatusChangeEvent [timestamp=1731647345773, current=UP, previous=STARTING]
2024-11-15T10:39:05.774+05:30  INFO 18848 --- [Product-Service] [DiscoveryClient-InstanceInfoReplicator-%d] com.netflix.discovery.DiscoveryClient    : DiscoveryClient_PRODUCT-SERVICE/LIN-5CG0215GZ8.corp.capgemini.com:Product-Service:8092: registering service...
2024-11-15T10:39:05.809+05:30  INFO 18848 --- [Product-Service] [restartedMain] o.s.b.w.embedded.tomcat.TomcatWebServer  : Tomcat started on port 8092 (http) with context path '/'
2024-11-15T10:39:05.818+05:30  INFO 18848 --- [Product-Service] [DiscoveryClient-InstanceInfoReplicator-%d] com.netflix.discovery.DiscoveryClient    : DiscoveryClient_PRODUCT-SERVICE/LIN-5CG0215GZ8.corp.capgemini.com:Product-Service:8092 - registration status: 204
2024-11-15T10:39:05.822+05:30  INFO 18848 --- [Product-Service] [restartedMain] .s.c.n.e.s.EurekaAutoServiceRegistration : Updating port to 8092
2024-11-15T10:39:05.855+05:30  INFO 18848 --- [Product-Service] [restartedMain] c.e.product.ProductServiceApplication    : Started ProductServiceApplication in 4.356 seconds (process running for 1001.299)
2024-11-15T10:39:05.862+05:30  INFO 18848 --- [Product-Service] [restartedMain] .ConditionEvaluationDeltaLoggingListener : Condition evaluation unchanged
2024-11-15T10:39:08.967+05:30  INFO 18848 --- [Product-Service] [File Watcher] rtingClassPathChangeChangedEventListener : Restarting due to 1 class path change (0 additions, 1 deletion, 0 modifications)
2024-11-15T10:39:08.971+05:30  INFO 18848 --- [Product-Service] [Thread-7] o.s.c.n.e.s.EurekaServiceRegistry        : Unregistering application PRODUCT-SERVICE with eureka with status DOWN
2024-11-15T10:39:08.972+05:30  INFO 18848 --- [Product-Service] [Thread-7] com.netflix.discovery.DiscoveryClient    : Saw local status change event StatusChangeEvent [timestamp=1731647348972, current=DOWN, previous=UP]
2024-11-15T10:39:08.973+05:30  INFO 18848 --- [Product-Service] [DiscoveryClient-InstanceInfoReplicator-%d] com.netflix.discovery.DiscoveryClient    : DiscoveryClient_PRODUCT-SERVICE/LIN-5CG0215GZ8.corp.capgemini.com:Product-Service:8092: registering service...
2024-11-15T10:39:09.000+05:30  INFO 18848 --- [Product-Service] [Thread-7] j.LocalContainerEntityManagerFactoryBean : Closing JPA EntityManagerFactory for persistence unit 'default'
2024-11-15T10:39:09.004+05:30  INFO 18848 --- [Product-Service] [Thread-7] com.zaxxer.hikari.HikariDataSource       : HikariPool-2 - Shutdown initiated...
2024-11-15T10:39:09.013+05:30  INFO 18848 --- [Product-Service] [DiscoveryClient-InstanceInfoReplicator-%d] com.netflix.discovery.DiscoveryClient    : DiscoveryClient_PRODUCT-SERVICE/LIN-5CG0215GZ8.corp.capgemini.com:Product-Service:8092 - registration status: 204
2024-11-15T10:39:09.033+05:30  INFO 18848 --- [Product-Service] [Thread-7] com.zaxxer.hikari.HikariDataSource       : HikariPool-2 - Shutdown completed.
2024-11-15T10:39:09.035+05:30  INFO 18848 --- [Product-Service] [Thread-7] com.netflix.discovery.DiscoveryClient    : Shutting down DiscoveryClient ...
2024-11-15T10:39:12.044+05:30  INFO 18848 --- [Product-Service] [Thread-7] com.netflix.discovery.DiscoveryClient    : Unregistering ...
2024-11-15T10:39:12.069+05:30  INFO 18848 --- [Product-Service] [Thread-7] com.netflix.discovery.DiscoveryClient    : DiscoveryClient_PRODUCT-SERVICE/LIN-5CG0215GZ8.corp.capgemini.com:Product-Service:8092 - deregister  status: 200
2024-11-15T10:39:12.070+05:30  INFO 18848 --- [Product-Service] [Thread-7] com.netflix.discovery.DiscoveryClient    : Completed shut down of DiscoveryClient
2024-11-15T10:39:12.449+05:30  INFO 18848 --- [Product-Service] [restartedMain] c.e.product.ProductServiceApplication    : Starting ProductServiceApplication using Java 21.0.5 with PID 18848 (C:\Users\ddadasop\eclipse-workspace\Shopping-Cart\Product-Service\target\classes started by ddadasop in C:\Users\ddadasop\eclipse-workspace\Shopping-Cart\Product-Service)
2024-11-15T10:39:12.451+05:30  INFO 18848 --- [Product-Service] [restartedMain] c.e.product.ProductServiceApplication    : No active profile set, falling back to 1 default profile: "default"
2024-11-15T10:39:13.132+05:30  INFO 18848 --- [Product-Service] [restartedMain] .s.d.r.c.RepositoryConfigurationDelegate : Bootstrapping Spring Data JPA repositories in DEFAULT mode.
2024-11-15T10:39:13.180+05:30  INFO 18848 --- [Product-Service] [restartedMain] .s.d.r.c.RepositoryConfigurationDelegate : Finished Spring Data repository scanning in 46 ms. Found 1 JPA repository interface.
2024-11-15T10:39:13.809+05:30  INFO 18848 --- [Product-Service] [restartedMain] o.s.cloud.context.scope.GenericScope     : BeanFactory id=cc6d942e-5716-3ea7-a825-cd0b64964ced
2024-11-15T10:39:13.880+05:30  WARN 18848 --- [Product-Service] [restartedMain] trationDelegate$BeanPostProcessorChecker : Bean 'org.springframework.cloud.client.loadbalancer.LoadBalancerAutoConfiguration$DeferringLoadBalancerInterceptorConfig' of type [org.springframework.cloud.client.loadbalancer.LoadBalancerAutoConfiguration$DeferringLoadBalancerInterceptorConfig] is not eligible for getting processed by all BeanPostProcessors (for example: not eligible for auto-proxying). The currently created BeanPostProcessor [lbRestClientPostProcessor] is declared through a non-static factory method on that class; consider declaring it as static instead.
2024-11-15T10:39:13.883+05:30  WARN 18848 --- [Product-Service] [restartedMain] trationDelegate$BeanPostProcessorChecker : Bean 'deferringLoadBalancerInterceptor' of type [org.springframework.cloud.client.loadbalancer.DeferringLoadBalancerInterceptor] is not eligible for getting processed by all BeanPostProcessors (for example: not eligible for auto-proxying). Is this bean getting eagerly injected/applied to a currently created BeanPostProcessor [lbRestClientPostProcessor]? Check the corresponding BeanPostProcessor declaration and its dependencies/advisors. If this bean does not have to be post-processed, declare it with ROLE_INFRASTRUCTURE.
2024-11-15T10:39:14.025+05:30  INFO 18848 --- [Product-Service] [restartedMain] o.s.b.w.embedded.tomcat.TomcatWebServer  : Tomcat initialized with port 8092 (http)
2024-11-15T10:39:14.028+05:30  INFO 18848 --- [Product-Service] [restartedMain] o.apache.catalina.core.StandardService   : Starting service [Tomcat]
2024-11-15T10:39:14.029+05:30  INFO 18848 --- [Product-Service] [restartedMain] o.apache.catalina.core.StandardEngine    : Starting Servlet engine: [Apache Tomcat/10.1.31]
2024-11-15T10:39:14.160+05:30  INFO 18848 --- [Product-Service] [restartedMain] o.a.c.c.C.[Tomcat].[localhost].[/]       : Initializing Spring embedded WebApplicationContext
2024-11-15T10:39:14.161+05:30  INFO 18848 --- [Product-Service] [restartedMain] w.s.c.ServletWebServerApplicationContext : Root WebApplicationContext: initialization completed in 1700 ms
2024-11-15T10:39:14.294+05:30  INFO 18848 --- [Product-Service] [restartedMain] o.hibernate.jpa.internal.util.LogHelper  : HHH000204: Processing PersistenceUnitInfo [name: default]
2024-11-15T10:39:14.308+05:30  INFO 18848 --- [Product-Service] [restartedMain] o.h.c.internal.RegionFactoryInitiator    : HHH000026: Second-level cache disabled
2024-11-15T10:39:14.351+05:30  INFO 18848 --- [Product-Service] [restartedMain] o.s.o.j.p.SpringPersistenceUnitInfo      : No LoadTimeWeaver setup: ignoring JPA class transformer
2024-11-15T10:39:14.355+05:30  INFO 18848 --- [Product-Service] [restartedMain] com.zaxxer.hikari.HikariDataSource       : HikariPool-3 - Starting...
2024-11-15T10:39:14.370+05:30  INFO 18848 --- [Product-Service] [restartedMain] com.zaxxer.hikari.pool.HikariPool        : HikariPool-3 - Added connection com.mysql.cj.jdbc.ConnectionImpl@7dbb9d79
2024-11-15T10:39:14.370+05:30  INFO 18848 --- [Product-Service] [restartedMain] com.zaxxer.hikari.HikariDataSource       : HikariPool-3 - Start completed.
2024-11-15T10:39:14.372+05:30  WARN 18848 --- [Product-Service] [restartedMain] org.hibernate.orm.deprecation            : HHH90000025: MySQL8Dialect does not need to be specified explicitly using 'hibernate.dialect' (remove the property setting and it will be selected by default)
2024-11-15T10:39:14.373+05:30  WARN 18848 --- [Product-Service] [restartedMain] org.hibernate.orm.deprecation            : HHH90000026: MySQL8Dialect has been deprecated; use org.hibernate.dialect.MySQLDialect instead
2024-11-15T10:39:14.575+05:30  INFO 18848 --- [Product-Service] [restartedMain] o.h.e.t.j.p.i.JtaPlatformInitiator       : HHH000489: No JTA platform available (set 'hibernate.transaction.jta.platform' to enable JTA platform integration)
2024-11-15T10:39:14.708+05:30  INFO 18848 --- [Product-Service] [restartedMain] j.LocalContainerEntityManagerFactoryBean : Initialized JPA EntityManagerFactory for persistence unit 'default'
2024-11-15T10:39:15.058+05:30  WARN 18848 --- [Product-Service] [restartedMain] JpaBaseConfiguration$JpaWebConfiguration : spring.jpa.open-in-view is enabled by default. Therefore, database queries may be performed during view rendering. Explicitly configure spring.jpa.open-in-view to disable this warning
2024-11-15T10:39:15.575+05:30  WARN 18848 --- [Product-Service] [restartedMain] o.s.b.d.a.OptionalLiveReloadServer       : Unable to start LiveReload server
2024-11-15T10:39:15.687+05:30  INFO 18848 --- [Product-Service] [restartedMain] DiscoveryClientOptionalArgsConfiguration : Eureka HTTP Client uses RestTemplate.
2024-11-15T10:39:15.748+05:30  WARN 18848 --- [Product-Service] [restartedMain] iguration$LoadBalancerCaffeineWarnLogger : Spring Cloud LoadBalancer is currently working with the default cache. While this cache implementation is useful for development and tests, it's recommended to use Caffeine cache in production.You can switch to using Caffeine cache, by adding it and org.springframework.cache.caffeine.CaffeineCacheManager to the classpath.
2024-11-15T10:39:15.793+05:30  INFO 18848 --- [Product-Service] [restartedMain] o.s.c.n.eureka.InstanceInfoFactory       : Setting initial instance status as: STARTING
2024-11-15T10:39:15.811+05:30  INFO 18848 --- [Product-Service] [restartedMain] com.netflix.discovery.DiscoveryClient    : Initializing Eureka in region us-east-1
2024-11-15T10:39:15.812+05:30  INFO 18848 --- [Product-Service] [restartedMain] c.n.d.s.r.aws.ConfigClusterResolver      : Resolving eureka endpoints via configuration
2024-11-15T10:39:15.813+05:30  INFO 18848 --- [Product-Service] [restartedMain] com.netflix.discovery.DiscoveryClient    : Disable delta property : false
2024-11-15T10:39:15.814+05:30  INFO 18848 --- [Product-Service] [restartedMain] com.netflix.discovery.DiscoveryClient    : Single vip registry refresh property : null
2024-11-15T10:39:15.815+05:30  INFO 18848 --- [Product-Service] [restartedMain] com.netflix.discovery.DiscoveryClient    : Force full registry fetch : false
2024-11-15T10:39:15.816+05:30  INFO 18848 --- [Product-Service] [restartedMain] com.netflix.discovery.DiscoveryClient    : Application is null : false
2024-11-15T10:39:15.817+05:30  INFO 18848 --- [Product-Service] [restartedMain] com.netflix.discovery.DiscoveryClient    : Registered Applications size is zero : true
2024-11-15T10:39:15.818+05:30  INFO 18848 --- [Product-Service] [restartedMain] com.netflix.discovery.DiscoveryClient    : Application version is -1: true
2024-11-15T10:39:15.818+05:30  INFO 18848 --- [Product-Service] [restartedMain] com.netflix.discovery.DiscoveryClient    : Getting all instance registry info from the eureka server
2024-11-15T10:39:16.027+05:30  INFO 18848 --- [Product-Service] [restartedMain] com.netflix.discovery.DiscoveryClient    : The response status is 200
2024-11-15T10:39:16.029+05:30  INFO 18848 --- [Product-Service] [restartedMain] com.netflix.discovery.DiscoveryClient    : Starting heartbeat executor: renew interval is: 30
2024-11-15T10:39:16.031+05:30  INFO 18848 --- [Product-Service] [restartedMain] c.n.discovery.InstanceInfoReplicator     : InstanceInfoReplicator onDemand update allowed rate per min is 4
2024-11-15T10:39:16.032+05:30  INFO 18848 --- [Product-Service] [restartedMain] com.netflix.discovery.DiscoveryClient    : Discovery Client initialized at timestamp 1731647356032 with initial instances count: 2
2024-11-15T10:39:16.035+05:30  INFO 18848 --- [Product-Service] [restartedMain] o.s.c.n.e.s.EurekaServiceRegistry        : Registering application PRODUCT-SERVICE with eureka with status UP
2024-11-15T10:39:16.036+05:30  INFO 18848 --- [Product-Service] [restartedMain] com.netflix.discovery.DiscoveryClient    : Saw local status change event StatusChangeEvent [timestamp=1731647356036, current=UP, previous=STARTING]
2024-11-15T10:39:16.037+05:30  INFO 18848 --- [Product-Service] [DiscoveryClient-InstanceInfoReplicator-%d] com.netflix.discovery.DiscoveryClient    : DiscoveryClient_PRODUCT-SERVICE/LIN-5CG0215GZ8.corp.capgemini.com:Product-Service:8092: registering service...
2024-11-15T10:39:16.072+05:30  INFO 18848 --- [Product-Service] [restartedMain] o.s.b.w.embedded.tomcat.TomcatWebServer  : Tomcat started on port 8092 (http) with context path '/'
2024-11-15T10:39:16.075+05:30  INFO 18848 --- [Product-Service] [restartedMain] .s.c.n.e.s.EurekaAutoServiceRegistration : Updating port to 8092
2024-11-15T10:39:16.076+05:30  INFO 18848 --- [Product-Service] [DiscoveryClient-InstanceInfoReplicator-%d] com.netflix.discovery.DiscoveryClient    : DiscoveryClient_PRODUCT-SERVICE/LIN-5CG0215GZ8.corp.capgemini.com:Product-Service:8092 - registration status: 204
2024-11-15T10:39:16.133+05:30  INFO 18848 --- [Product-Service] [restartedMain] c.e.product.ProductServiceApplication    : Started ProductServiceApplication in 3.828 seconds (process running for 1011.578)
2024-11-15T10:39:16.138+05:30  INFO 18848 --- [Product-Service] [restartedMain] .ConditionEvaluationDeltaLoggingListener : Condition evaluation unchanged
2024-11-15T10:39:17.045+05:30  INFO 18848 --- [Product-Service] [File Watcher] rtingClassPathChangeChangedEventListener : Restarting due to 1 class path change (1 addition, 0 deletions, 0 modifications)
2024-11-15T10:39:17.048+05:30  INFO 18848 --- [Product-Service] [Thread-13] o.s.c.n.e.s.EurekaServiceRegistry        : Unregistering application PRODUCT-SERVICE with eureka with status DOWN
2024-11-15T10:39:17.049+05:30  INFO 18848 --- [Product-Service] [Thread-13] com.netflix.discovery.DiscoveryClient    : Saw local status change event StatusChangeEvent [timestamp=1731647357049, current=DOWN, previous=UP]
2024-11-15T10:39:17.050+05:30  INFO 18848 --- [Product-Service] [DiscoveryClient-InstanceInfoReplicator-%d] com.netflix.discovery.DiscoveryClient    : DiscoveryClient_PRODUCT-SERVICE/LIN-5CG0215GZ8.corp.capgemini.com:Product-Service:8092: registering service...
2024-11-15T10:39:17.065+05:30  INFO 18848 --- [Product-Service] [DiscoveryClient-InstanceInfoReplicator-%d] com.netflix.discovery.DiscoveryClient    : DiscoveryClient_PRODUCT-SERVICE/LIN-5CG0215GZ8.corp.capgemini.com:Product-Service:8092 - registration status: 204
2024-11-15T10:39:17.076+05:30  INFO 18848 --- [Product-Service] [Thread-13] j.LocalContainerEntityManagerFactoryBean : Closing JPA EntityManagerFactory for persistence unit 'default'
2024-11-15T10:39:17.078+05:30  INFO 18848 --- [Product-Service] [Thread-13] com.zaxxer.hikari.HikariDataSource       : HikariPool-3 - Shutdown initiated...
2024-11-15T10:39:17.092+05:30  INFO 18848 --- [Product-Service] [Thread-13] com.zaxxer.hikari.HikariDataSource       : HikariPool-3 - Shutdown completed.
2024-11-15T10:39:17.093+05:30  INFO 18848 --- [Product-Service] [Thread-13] com.netflix.discovery.DiscoveryClient    : Shutting down DiscoveryClient ...
2024-11-15T10:39:20.097+05:30  INFO 18848 --- [Product-Service] [Thread-13] com.netflix.discovery.DiscoveryClient    : Unregistering ...
2024-11-15T10:39:20.120+05:30  INFO 18848 --- [Product-Service] [Thread-13] com.netflix.discovery.DiscoveryClient    : DiscoveryClient_PRODUCT-SERVICE/LIN-5CG0215GZ8.corp.capgemini.com:Product-Service:8092 - deregister  status: 200
2024-11-15T10:39:20.121+05:30  INFO 18848 --- [Product-Service] [Thread-13] com.netflix.discovery.DiscoveryClient    : Completed shut down of DiscoveryClient
2024-11-15T10:39:20.464+05:30  INFO 18848 --- [Product-Service] [restartedMain] c.e.product.ProductServiceApplication    : Starting ProductServiceApplication using Java 21.0.5 with PID 18848 (C:\Users\ddadasop\eclipse-workspace\Shopping-Cart\Product-Service\target\classes started by ddadasop in C:\Users\ddadasop\eclipse-workspace\Shopping-Cart\Product-Service)
2024-11-15T10:39:20.466+05:30  INFO 18848 --- [Product-Service] [restartedMain] c.e.product.ProductServiceApplication    : No active profile set, falling back to 1 default profile: "default"
2024-11-15T10:39:21.227+05:30  INFO 18848 --- [Product-Service] [restartedMain] .s.d.r.c.RepositoryConfigurationDelegate : Bootstrapping Spring Data JPA repositories in DEFAULT mode.
2024-11-15T10:39:21.277+05:30  INFO 18848 --- [Product-Service] [restartedMain] .s.d.r.c.RepositoryConfigurationDelegate : Finished Spring Data repository scanning in 49 ms. Found 1 JPA repository interface.
2024-11-15T10:39:21.790+05:30  INFO 18848 --- [Product-Service] [restartedMain] o.s.cloud.context.scope.GenericScope     : BeanFactory id=cc6d942e-5716-3ea7-a825-cd0b64964ced
2024-11-15T10:39:21.835+05:30  WARN 18848 --- [Product-Service] [restartedMain] trationDelegate$BeanPostProcessorChecker : Bean 'org.springframework.cloud.client.loadbalancer.LoadBalancerAutoConfiguration$DeferringLoadBalancerInterceptorConfig' of type [org.springframework.cloud.client.loadbalancer.LoadBalancerAutoConfiguration$DeferringLoadBalancerInterceptorConfig] is not eligible for getting processed by all BeanPostProcessors (for example: not eligible for auto-proxying). The currently created BeanPostProcessor [lbRestClientPostProcessor] is declared through a non-static factory method on that class; consider declaring it as static instead.
2024-11-15T10:39:21.838+05:30  WARN 18848 --- [Product-Service] [restartedMain] trationDelegate$BeanPostProcessorChecker : Bean 'deferringLoadBalancerInterceptor' of type [org.springframework.cloud.client.loadbalancer.DeferringLoadBalancerInterceptor] is not eligible for getting processed by all BeanPostProcessors (for example: not eligible for auto-proxying). Is this bean getting eagerly injected/applied to a currently created BeanPostProcessor [lbRestClientPostProcessor]? Check the corresponding BeanPostProcessor declaration and its dependencies/advisors. If this bean does not have to be post-processed, declare it with ROLE_INFRASTRUCTURE.
2024-11-15T10:39:21.968+05:30  INFO 18848 --- [Product-Service] [restartedMain] o.s.b.w.embedded.tomcat.TomcatWebServer  : Tomcat initialized with port 8092 (http)
2024-11-15T10:39:21.971+05:30  INFO 18848 --- [Product-Service] [restartedMain] o.apache.catalina.core.StandardService   : Starting service [Tomcat]
2024-11-15T10:39:21.971+05:30  INFO 18848 --- [Product-Service] [restartedMain] o.apache.catalina.core.StandardEngine    : Starting Servlet engine: [Apache Tomcat/10.1.31]
2024-11-15T10:39:22.124+05:30  INFO 18848 --- [Product-Service] [restartedMain] o.a.c.c.C.[Tomcat].[localhost].[/]       : Initializing Spring embedded WebApplicationContext
2024-11-15T10:39:22.124+05:30  INFO 18848 --- [Product-Service] [restartedMain] w.s.c.ServletWebServerApplicationContext : Root WebApplicationContext: initialization completed in 1649 ms
2024-11-15T10:39:22.219+05:30  INFO 18848 --- [Product-Service] [restartedMain] o.hibernate.jpa.internal.util.LogHelper  : HHH000204: Processing PersistenceUnitInfo [name: default]
2024-11-15T10:39:22.232+05:30  INFO 18848 --- [Product-Service] [restartedMain] o.h.c.internal.RegionFactoryInitiator    : HHH000026: Second-level cache disabled
2024-11-15T10:39:22.265+05:30  INFO 18848 --- [Product-Service] [restartedMain] o.s.o.j.p.SpringPersistenceUnitInfo      : No LoadTimeWeaver setup: ignoring JPA class transformer
2024-11-15T10:39:22.268+05:30  INFO 18848 --- [Product-Service] [restartedMain] com.zaxxer.hikari.HikariDataSource       : HikariPool-4 - Starting...
2024-11-15T10:39:22.286+05:30  INFO 18848 --- [Product-Service] [restartedMain] com.zaxxer.hikari.pool.HikariPool        : HikariPool-4 - Added connection com.mysql.cj.jdbc.ConnectionImpl@6de4f8cd
2024-11-15T10:39:22.286+05:30  INFO 18848 --- [Product-Service] [restartedMain] com.zaxxer.hikari.HikariDataSource       : HikariPool-4 - Start completed.
2024-11-15T10:39:22.288+05:30  WARN 18848 --- [Product-Service] [restartedMain] org.hibernate.orm.deprecation            : HHH90000025: MySQL8Dialect does not need to be specified explicitly using 'hibernate.dialect' (remove the property setting and it will be selected by default)
2024-11-15T10:39:22.289+05:30  WARN 18848 --- [Product-Service] [restartedMain] org.hibernate.orm.deprecation            : HHH90000026: MySQL8Dialect has been deprecated; use org.hibernate.dialect.MySQLDialect instead
2024-11-15T10:39:22.453+05:30  INFO 18848 --- [Product-Service] [restartedMain] o.h.e.t.j.p.i.JtaPlatformInitiator       : HHH000489: No JTA platform available (set 'hibernate.transaction.jta.platform' to enable JTA platform integration)
2024-11-15T10:39:22.566+05:30  INFO 18848 --- [Product-Service] [restartedMain] j.LocalContainerEntityManagerFactoryBean : Initialized JPA EntityManagerFactory for persistence unit 'default'
2024-11-15T10:39:22.773+05:30  WARN 18848 --- [Product-Service] [restartedMain] JpaBaseConfiguration$JpaWebConfiguration : spring.jpa.open-in-view is enabled by default. Therefore, database queries may be performed during view rendering. Explicitly configure spring.jpa.open-in-view to disable this warning
2024-11-15T10:39:23.080+05:30  WARN 18848 --- [Product-Service] [restartedMain] o.s.b.d.a.OptionalLiveReloadServer       : Unable to start LiveReload server
2024-11-15T10:39:23.157+05:30  INFO 18848 --- [Product-Service] [restartedMain] DiscoveryClientOptionalArgsConfiguration : Eureka HTTP Client uses RestTemplate.
2024-11-15T10:39:23.198+05:30  WARN 18848 --- [Product-Service] [restartedMain] iguration$LoadBalancerCaffeineWarnLogger : Spring Cloud LoadBalancer is currently working with the default cache. While this cache implementation is useful for development and tests, it's recommended to use Caffeine cache in production.You can switch to using Caffeine cache, by adding it and org.springframework.cache.caffeine.CaffeineCacheManager to the classpath.
2024-11-15T10:39:23.219+05:30  INFO 18848 --- [Product-Service] [restartedMain] o.s.c.n.eureka.InstanceInfoFactory       : Setting initial instance status as: STARTING
2024-11-15T10:39:23.225+05:30  INFO 18848 --- [Product-Service] [restartedMain] com.netflix.discovery.DiscoveryClient    : Initializing Eureka in region us-east-1
2024-11-15T10:39:23.226+05:30  INFO 18848 --- [Product-Service] [restartedMain] c.n.d.s.r.aws.ConfigClusterResolver      : Resolving eureka endpoints via configuration
2024-11-15T10:39:23.226+05:30  INFO 18848 --- [Product-Service] [restartedMain] com.netflix.discovery.DiscoveryClient    : Disable delta property : false
2024-11-15T10:39:23.227+05:30  INFO 18848 --- [Product-Service] [restartedMain] com.netflix.discovery.DiscoveryClient    : Single vip registry refresh property : null
2024-11-15T10:39:23.227+05:30  INFO 18848 --- [Product-Service] [restartedMain] com.netflix.discovery.DiscoveryClient    : Force full registry fetch : false
2024-11-15T10:39:23.227+05:30  INFO 18848 --- [Product-Service] [restartedMain] com.netflix.discovery.DiscoveryClient    : Application is null : false
2024-11-15T10:39:23.227+05:30  INFO 18848 --- [Product-Service] [restartedMain] com.netflix.discovery.DiscoveryClient    : Registered Applications size is zero : true
2024-11-15T10:39:23.227+05:30  INFO 18848 --- [Product-Service] [restartedMain] com.netflix.discovery.DiscoveryClient    : Application version is -1: true
2024-11-15T10:39:23.228+05:30  INFO 18848 --- [Product-Service] [restartedMain] com.netflix.discovery.DiscoveryClient    : Getting all instance registry info from the eureka server
2024-11-15T10:39:23.338+05:30  INFO 18848 --- [Product-Service] [restartedMain] com.netflix.discovery.DiscoveryClient    : The response status is 200
2024-11-15T10:39:23.341+05:30  INFO 18848 --- [Product-Service] [restartedMain] com.netflix.discovery.DiscoveryClient    : Starting heartbeat executor: renew interval is: 30
2024-11-15T10:39:23.343+05:30  INFO 18848 --- [Product-Service] [restartedMain] c.n.discovery.InstanceInfoReplicator     : InstanceInfoReplicator onDemand update allowed rate per min is 4
2024-11-15T10:39:23.345+05:30  INFO 18848 --- [Product-Service] [restartedMain] com.netflix.discovery.DiscoveryClient    : Discovery Client initialized at timestamp 1731647363345 with initial instances count: 2
2024-11-15T10:39:23.347+05:30  INFO 18848 --- [Product-Service] [restartedMain] o.s.c.n.e.s.EurekaServiceRegistry        : Registering application PRODUCT-SERVICE with eureka with status UP
2024-11-15T10:39:23.348+05:30  INFO 18848 --- [Product-Service] [restartedMain] com.netflix.discovery.DiscoveryClient    : Saw local status change event StatusChangeEvent [timestamp=1731647363348, current=UP, previous=STARTING]
2024-11-15T10:39:23.349+05:30  INFO 18848 --- [Product-Service] [DiscoveryClient-InstanceInfoReplicator-%d] com.netflix.discovery.DiscoveryClient    : DiscoveryClient_PRODUCT-SERVICE/LIN-5CG0215GZ8.corp.capgemini.com:Product-Service:8092: registering service...
2024-11-15T10:39:23.375+05:30  INFO 18848 --- [Product-Service] [restartedMain] o.s.b.w.embedded.tomcat.TomcatWebServer  : Tomcat started on port 8092 (http) with context path '/'
2024-11-15T10:39:23.377+05:30  INFO 18848 --- [Product-Service] [restartedMain] .s.c.n.e.s.EurekaAutoServiceRegistration : Updating port to 8092
2024-11-15T10:39:23.387+05:30  INFO 18848 --- [Product-Service] [DiscoveryClient-InstanceInfoReplicator-%d] com.netflix.discovery.DiscoveryClient    : DiscoveryClient_PRODUCT-SERVICE/LIN-5CG0215GZ8.corp.capgemini.com:Product-Service:8092 - registration status: 204
2024-11-15T10:39:23.415+05:30  INFO 18848 --- [Product-Service] [restartedMain] c.e.product.ProductServiceApplication    : Started ProductServiceApplication in 3.081 seconds (process running for 1018.86)
2024-11-15T10:39:23.420+05:30  INFO 18848 --- [Product-Service] [restartedMain] .ConditionEvaluationDeltaLoggingListener : Condition evaluation unchanged
2024-11-15T10:39:29.760+05:30  INFO 18848 --- [Product-Service] [File Watcher] rtingClassPathChangeChangedEventListener : Restarting due to 1 class path change (0 additions, 1 deletion, 0 modifications)
2024-11-15T10:39:29.764+05:30  INFO 18848 --- [Product-Service] [Thread-19] o.s.c.n.e.s.EurekaServiceRegistry        : Unregistering application PRODUCT-SERVICE with eureka with status DOWN
2024-11-15T10:39:29.764+05:30  INFO 18848 --- [Product-Service] [Thread-19] com.netflix.discovery.DiscoveryClient    : Saw local status change event StatusChangeEvent [timestamp=1731647369764, current=DOWN, previous=UP]
2024-11-15T10:39:29.765+05:30  INFO 18848 --- [Product-Service] [DiscoveryClient-InstanceInfoReplicator-%d] com.netflix.discovery.DiscoveryClient    : DiscoveryClient_PRODUCT-SERVICE/LIN-5CG0215GZ8.corp.capgemini.com:Product-Service:8092: registering service...
2024-11-15T10:39:29.790+05:30  INFO 18848 --- [Product-Service] [Thread-19] j.LocalContainerEntityManagerFactoryBean : Closing JPA EntityManagerFactory for persistence unit 'default'
2024-11-15T10:39:29.799+05:30  INFO 18848 --- [Product-Service] [DiscoveryClient-InstanceInfoReplicator-%d] com.netflix.discovery.DiscoveryClient    : DiscoveryClient_PRODUCT-SERVICE/LIN-5CG0215GZ8.corp.capgemini.com:Product-Service:8092 - registration status: 204
2024-11-15T10:39:29.807+05:30  INFO 18848 --- [Product-Service] [Thread-19] com.zaxxer.hikari.HikariDataSource       : HikariPool-4 - Shutdown initiated...
2024-11-15T10:39:29.835+05:30  INFO 18848 --- [Product-Service] [Thread-19] com.zaxxer.hikari.HikariDataSource       : HikariPool-4 - Shutdown completed.
2024-11-15T10:39:29.836+05:30  INFO 18848 --- [Product-Service] [Thread-19] com.netflix.discovery.DiscoveryClient    : Shutting down DiscoveryClient ...
2024-11-15T10:39:32.842+05:30  INFO 18848 --- [Product-Service] [Thread-19] com.netflix.discovery.DiscoveryClient    : Unregistering ...
2024-11-15T10:39:32.868+05:30  INFO 18848 --- [Product-Service] [Thread-19] com.netflix.discovery.DiscoveryClient    : DiscoveryClient_PRODUCT-SERVICE/LIN-5CG0215GZ8.corp.capgemini.com:Product-Service:8092 - deregister  status: 200
2024-11-15T10:39:32.869+05:30  INFO 18848 --- [Product-Service] [Thread-19] com.netflix.discovery.DiscoveryClient    : Completed shut down of DiscoveryClient
2024-11-15T10:39:33.170+05:30  INFO 18848 --- [Product-Service] [restartedMain] c.e.product.ProductServiceApplication    : Starting ProductServiceApplication using Java 21.0.5 with PID 18848 (C:\Users\ddadasop\eclipse-workspace\Shopping-Cart\Product-Service\target\classes started by ddadasop in C:\Users\ddadasop\eclipse-workspace\Shopping-Cart\Product-Service)
2024-11-15T10:39:33.171+05:30  INFO 18848 --- [Product-Service] [restartedMain] c.e.product.ProductServiceApplication    : No active profile set, falling back to 1 default profile: "default"
2024-11-15T10:39:33.803+05:30  INFO 18848 --- [Product-Service] [restartedMain] .s.d.r.c.RepositoryConfigurationDelegate : Bootstrapping Spring Data JPA repositories in DEFAULT mode.
2024-11-15T10:39:33.857+05:30  INFO 18848 --- [Product-Service] [restartedMain] .s.d.r.c.RepositoryConfigurationDelegate : Finished Spring Data repository scanning in 53 ms. Found 1 JPA repository interface.
2024-11-15T10:39:34.311+05:30  INFO 18848 --- [Product-Service] [restartedMain] o.s.cloud.context.scope.GenericScope     : BeanFactory id=cc6d942e-5716-3ea7-a825-cd0b64964ced
2024-11-15T10:39:34.385+05:30  WARN 18848 --- [Product-Service] [restartedMain] trationDelegate$BeanPostProcessorChecker : Bean 'org.springframework.cloud.client.loadbalancer.LoadBalancerAutoConfiguration$DeferringLoadBalancerInterceptorConfig' of type [org.springframework.cloud.client.loadbalancer.LoadBalancerAutoConfiguration$DeferringLoadBalancerInterceptorConfig] is not eligible for getting processed by all BeanPostProcessors (for example: not eligible for auto-proxying). The currently created BeanPostProcessor [lbRestClientPostProcessor] is declared through a non-static factory method on that class; consider declaring it as static instead.
2024-11-15T10:39:34.387+05:30  WARN 18848 --- [Product-Service] [restartedMain] trationDelegate$BeanPostProcessorChecker : Bean 'deferringLoadBalancerInterceptor' of type [org.springframework.cloud.client.loadbalancer.DeferringLoadBalancerInterceptor] is not eligible for getting processed by all BeanPostProcessors (for example: not eligible for auto-proxying). Is this bean getting eagerly injected/applied to a currently created BeanPostProcessor [lbRestClientPostProcessor]? Check the corresponding BeanPostProcessor declaration and its dependencies/advisors. If this bean does not have to be post-processed, declare it with ROLE_INFRASTRUCTURE.
2024-11-15T10:39:34.610+05:30  INFO 18848 --- [Product-Service] [restartedMain] o.s.b.w.embedded.tomcat.TomcatWebServer  : Tomcat initialized with port 8092 (http)
2024-11-15T10:39:34.616+05:30  INFO 18848 --- [Product-Service] [restartedMain] o.apache.catalina.core.StandardService   : Starting service [Tomcat]
2024-11-15T10:39:34.619+05:30  INFO 18848 --- [Product-Service] [restartedMain] o.apache.catalina.core.StandardEngine    : Starting Servlet engine: [Apache Tomcat/10.1.31]
2024-11-15T10:39:34.752+05:30  INFO 18848 --- [Product-Service] [restartedMain] o.a.c.c.C.[Tomcat].[localhost].[/]       : Initializing Spring embedded WebApplicationContext
2024-11-15T10:39:34.753+05:30  INFO 18848 --- [Product-Service] [restartedMain] w.s.c.ServletWebServerApplicationContext : Root WebApplicationContext: initialization completed in 1574 ms
2024-11-15T10:39:34.858+05:30  INFO 18848 --- [Product-Service] [restartedMain] o.hibernate.jpa.internal.util.LogHelper  : HHH000204: Processing PersistenceUnitInfo [name: default]
2024-11-15T10:39:34.874+05:30  INFO 18848 --- [Product-Service] [restartedMain] o.h.c.internal.RegionFactoryInitiator    : HHH000026: Second-level cache disabled
2024-11-15T10:39:34.905+05:30  INFO 18848 --- [Product-Service] [restartedMain] o.s.o.j.p.SpringPersistenceUnitInfo      : No LoadTimeWeaver setup: ignoring JPA class transformer
2024-11-15T10:39:34.909+05:30  INFO 18848 --- [Product-Service] [restartedMain] com.zaxxer.hikari.HikariDataSource       : HikariPool-5 - Starting...
2024-11-15T10:39:34.924+05:30  INFO 18848 --- [Product-Service] [restartedMain] com.zaxxer.hikari.pool.HikariPool        : HikariPool-5 - Added connection com.mysql.cj.jdbc.ConnectionImpl@1d349836
2024-11-15T10:39:34.925+05:30  INFO 18848 --- [Product-Service] [restartedMain] com.zaxxer.hikari.HikariDataSource       : HikariPool-5 - Start completed.
2024-11-15T10:39:34.927+05:30  WARN 18848 --- [Product-Service] [restartedMain] org.hibernate.orm.deprecation            : HHH90000025: MySQL8Dialect does not need to be specified explicitly using 'hibernate.dialect' (remove the property setting and it will be selected by default)
2024-11-15T10:39:34.927+05:30  WARN 18848 --- [Product-Service] [restartedMain] org.hibernate.orm.deprecation            : HHH90000026: MySQL8Dialect has been deprecated; use org.hibernate.dialect.MySQLDialect instead
2024-11-15T10:39:35.079+05:30  INFO 18848 --- [Product-Service] [restartedMain] o.h.e.t.j.p.i.JtaPlatformInitiator       : HHH000489: No JTA platform available (set 'hibernate.transaction.jta.platform' to enable JTA platform integration)
2024-11-15T10:39:35.189+05:30  INFO 18848 --- [Product-Service] [restartedMain] j.LocalContainerEntityManagerFactoryBean : Initialized JPA EntityManagerFactory for persistence unit 'default'
2024-11-15T10:39:35.383+05:30  WARN 18848 --- [Product-Service] [restartedMain] JpaBaseConfiguration$JpaWebConfiguration : spring.jpa.open-in-view is enabled by default. Therefore, database queries may be performed during view rendering. Explicitly configure spring.jpa.open-in-view to disable this warning
2024-11-15T10:39:35.712+05:30  WARN 18848 --- [Product-Service] [restartedMain] o.s.b.d.a.OptionalLiveReloadServer       : Unable to start LiveReload server
2024-11-15T10:39:35.800+05:30  INFO 18848 --- [Product-Service] [restartedMain] DiscoveryClientOptionalArgsConfiguration : Eureka HTTP Client uses RestTemplate.
2024-11-15T10:39:35.840+05:30  WARN 18848 --- [Product-Service] [restartedMain] iguration$LoadBalancerCaffeineWarnLogger : Spring Cloud LoadBalancer is currently working with the default cache. While this cache implementation is useful for development and tests, it's recommended to use Caffeine cache in production.You can switch to using Caffeine cache, by adding it and org.springframework.cache.caffeine.CaffeineCacheManager to the classpath.
2024-11-15T10:39:35.861+05:30  INFO 18848 --- [Product-Service] [restartedMain] o.s.c.n.eureka.InstanceInfoFactory       : Setting initial instance status as: STARTING
2024-11-15T10:39:35.867+05:30  INFO 18848 --- [Product-Service] [restartedMain] com.netflix.discovery.DiscoveryClient    : Initializing Eureka in region us-east-1
2024-11-15T10:39:35.868+05:30  INFO 18848 --- [Product-Service] [restartedMain] c.n.d.s.r.aws.ConfigClusterResolver      : Resolving eureka endpoints via configuration
2024-11-15T10:39:35.869+05:30  INFO 18848 --- [Product-Service] [restartedMain] com.netflix.discovery.DiscoveryClient    : Disable delta property : false
2024-11-15T10:39:35.870+05:30  INFO 18848 --- [Product-Service] [restartedMain] com.netflix.discovery.DiscoveryClient    : Single vip registry refresh property : null
2024-11-15T10:39:35.870+05:30  INFO 18848 --- [Product-Service] [restartedMain] com.netflix.discovery.DiscoveryClient    : Force full registry fetch : false
2024-11-15T10:39:35.870+05:30  INFO 18848 --- [Product-Service] [restartedMain] com.netflix.discovery.DiscoveryClient    : Application is null : false
2024-11-15T10:39:35.871+05:30  INFO 18848 --- [Product-Service] [restartedMain] com.netflix.discovery.DiscoveryClient    : Registered Applications size is zero : true
2024-11-15T10:39:35.872+05:30  INFO 18848 --- [Product-Service] [restartedMain] com.netflix.discovery.DiscoveryClient    : Application version is -1: true
2024-11-15T10:39:35.873+05:30  INFO 18848 --- [Product-Service] [restartedMain] com.netflix.discovery.DiscoveryClient    : Getting all instance registry info from the eureka server
2024-11-15T10:39:35.958+05:30  INFO 18848 --- [Product-Service] [restartedMain] com.netflix.discovery.DiscoveryClient    : The response status is 200
2024-11-15T10:39:35.960+05:30  INFO 18848 --- [Product-Service] [restartedMain] com.netflix.discovery.DiscoveryClient    : Starting heartbeat executor: renew interval is: 30
2024-11-15T10:39:35.961+05:30  INFO 18848 --- [Product-Service] [restartedMain] c.n.discovery.InstanceInfoReplicator     : InstanceInfoReplicator onDemand update allowed rate per min is 4
2024-11-15T10:39:35.963+05:30  INFO 18848 --- [Product-Service] [restartedMain] com.netflix.discovery.DiscoveryClient    : Discovery Client initialized at timestamp 1731647375963 with initial instances count: 2
2024-11-15T10:39:35.966+05:30  INFO 18848 --- [Product-Service] [restartedMain] o.s.c.n.e.s.EurekaServiceRegistry        : Registering application PRODUCT-SERVICE with eureka with status UP
2024-11-15T10:39:35.967+05:30  INFO 18848 --- [Product-Service] [restartedMain] com.netflix.discovery.DiscoveryClient    : Saw local status change event StatusChangeEvent [timestamp=1731647375967, current=UP, previous=STARTING]
2024-11-15T10:39:35.967+05:30  INFO 18848 --- [Product-Service] [DiscoveryClient-InstanceInfoReplicator-%d] com.netflix.discovery.DiscoveryClient    : DiscoveryClient_PRODUCT-SERVICE/LIN-5CG0215GZ8.corp.capgemini.com:Product-Service:8092: registering service...
2024-11-15T10:39:35.995+05:30  INFO 18848 --- [Product-Service] [restartedMain] o.s.b.w.embedded.tomcat.TomcatWebServer  : Tomcat started on port 8092 (http) with context path '/'
2024-11-15T10:39:36.001+05:30  INFO 18848 --- [Product-Service] [restartedMain] .s.c.n.e.s.EurekaAutoServiceRegistration : Updating port to 8092
2024-11-15T10:39:36.008+05:30  INFO 18848 --- [Product-Service] [DiscoveryClient-InstanceInfoReplicator-%d] com.netflix.discovery.DiscoveryClient    : DiscoveryClient_PRODUCT-SERVICE/LIN-5CG0215GZ8.corp.capgemini.com:Product-Service:8092 - registration status: 204
2024-11-15T10:39:36.023+05:30  INFO 18848 --- [Product-Service] [restartedMain] c.e.product.ProductServiceApplication    : Started ProductServiceApplication in 2.98 seconds (process running for 1031.468)
2024-11-15T10:39:36.027+05:30  INFO 18848 --- [Product-Service] [restartedMain] .ConditionEvaluationDeltaLoggingListener : Condition evaluation unchanged
2024-11-15T10:40:39.843+05:30  INFO 18848 --- [Product-Service] [File Watcher] rtingClassPathChangeChangedEventListener : Restarting due to 1 class path change (1 addition, 0 deletions, 0 modifications)
2024-11-15T10:40:39.847+05:30  INFO 18848 --- [Product-Service] [Thread-25] o.s.c.n.e.s.EurekaServiceRegistry        : Unregistering application PRODUCT-SERVICE with eureka with status DOWN
2024-11-15T10:40:39.847+05:30  INFO 18848 --- [Product-Service] [Thread-25] com.netflix.discovery.DiscoveryClient    : Saw local status change event StatusChangeEvent [timestamp=1731647439847, current=DOWN, previous=UP]
2024-11-15T10:40:39.848+05:30  INFO 18848 --- [Product-Service] [DiscoveryClient-InstanceInfoReplicator-%d] com.netflix.discovery.DiscoveryClient    : DiscoveryClient_PRODUCT-SERVICE/LIN-5CG0215GZ8.corp.capgemini.com:Product-Service:8092: registering service...
2024-11-15T10:40:39.877+05:30  INFO 18848 --- [Product-Service] [Thread-25] j.LocalContainerEntityManagerFactoryBean : Closing JPA EntityManagerFactory for persistence unit 'default'
2024-11-15T10:40:39.878+05:30  INFO 18848 --- [Product-Service] [Thread-25] com.zaxxer.hikari.HikariDataSource       : HikariPool-5 - Shutdown initiated...
2024-11-15T10:40:39.882+05:30  INFO 18848 --- [Product-Service] [DiscoveryClient-InstanceInfoReplicator-%d] com.netflix.discovery.DiscoveryClient    : DiscoveryClient_PRODUCT-SERVICE/LIN-5CG0215GZ8.corp.capgemini.com:Product-Service:8092 - registration status: 204
2024-11-15T10:40:39.893+05:30  INFO 18848 --- [Product-Service] [Thread-25] com.zaxxer.hikari.HikariDataSource       : HikariPool-5 - Shutdown completed.
2024-11-15T10:40:39.895+05:30  INFO 18848 --- [Product-Service] [Thread-25] com.netflix.discovery.DiscoveryClient    : Shutting down DiscoveryClient ...
2024-11-15T10:40:42.905+05:30  INFO 18848 --- [Product-Service] [Thread-25] com.netflix.discovery.DiscoveryClient    : Unregistering ...
2024-11-15T10:40:42.928+05:30  INFO 18848 --- [Product-Service] [Thread-25] com.netflix.discovery.DiscoveryClient    : DiscoveryClient_PRODUCT-SERVICE/LIN-5CG0215GZ8.corp.capgemini.com:Product-Service:8092 - deregister  status: 200
2024-11-15T10:40:42.929+05:30  INFO 18848 --- [Product-Service] [Thread-25] com.netflix.discovery.DiscoveryClient    : Completed shut down of DiscoveryClient
2024-11-15T10:40:43.244+05:30  INFO 18848 --- [Product-Service] [restartedMain] c.e.product.ProductServiceApplication    : Starting ProductServiceApplication using Java 21.0.5 with PID 18848 (C:\Users\ddadasop\eclipse-workspace\Shopping-Cart\Product-Service\target\classes started by ddadasop in C:\Users\ddadasop\eclipse-workspace\Shopping-Cart\Product-Service)
2024-11-15T10:40:43.245+05:30  INFO 18848 --- [Product-Service] [restartedMain] c.e.product.ProductServiceApplication    : No active profile set, falling back to 1 default profile: "default"
2024-11-15T10:40:43.996+05:30  INFO 18848 --- [Product-Service] [restartedMain] .s.d.r.c.RepositoryConfigurationDelegate : Bootstrapping Spring Data JPA repositories in DEFAULT mode.
2024-11-15T10:40:44.044+05:30  INFO 18848 --- [Product-Service] [restartedMain] .s.d.r.c.RepositoryConfigurationDelegate : Finished Spring Data repository scanning in 46 ms. Found 1 JPA repository interface.
2024-11-15T10:40:44.474+05:30  INFO 18848 --- [Product-Service] [restartedMain] o.s.cloud.context.scope.GenericScope     : BeanFactory id=cc6d942e-5716-3ea7-a825-cd0b64964ced
2024-11-15T10:40:44.526+05:30  WARN 18848 --- [Product-Service] [restartedMain] trationDelegate$BeanPostProcessorChecker : Bean 'org.springframework.cloud.client.loadbalancer.LoadBalancerAutoConfiguration$DeferringLoadBalancerInterceptorConfig' of type [org.springframework.cloud.client.loadbalancer.LoadBalancerAutoConfiguration$DeferringLoadBalancerInterceptorConfig] is not eligible for getting processed by all BeanPostProcessors (for example: not eligible for auto-proxying). The currently created BeanPostProcessor [lbRestClientPostProcessor] is declared through a non-static factory method on that class; consider declaring it as static instead.
2024-11-15T10:40:44.528+05:30  WARN 18848 --- [Product-Service] [restartedMain] trationDelegate$BeanPostProcessorChecker : Bean 'deferringLoadBalancerInterceptor' of type [org.springframework.cloud.client.loadbalancer.DeferringLoadBalancerInterceptor] is not eligible for getting processed by all BeanPostProcessors (for example: not eligible for auto-proxying). Is this bean getting eagerly injected/applied to a currently created BeanPostProcessor [lbRestClientPostProcessor]? Check the corresponding BeanPostProcessor declaration and its dependencies/advisors. If this bean does not have to be post-processed, declare it with ROLE_INFRASTRUCTURE.
2024-11-15T10:40:44.674+05:30  INFO 18848 --- [Product-Service] [restartedMain] o.s.b.w.embedded.tomcat.TomcatWebServer  : Tomcat initialized with port 8092 (http)
2024-11-15T10:40:44.677+05:30  INFO 18848 --- [Product-Service] [restartedMain] o.apache.catalina.core.StandardService   : Starting service [Tomcat]
2024-11-15T10:40:44.678+05:30  INFO 18848 --- [Product-Service] [restartedMain] o.apache.catalina.core.StandardEngine    : Starting Servlet engine: [Apache Tomcat/10.1.31]
2024-11-15T10:40:44.830+05:30  INFO 18848 --- [Product-Service] [restartedMain] o.a.c.c.C.[Tomcat].[localhost].[/]       : Initializing Spring embedded WebApplicationContext
2024-11-15T10:40:44.832+05:30  INFO 18848 --- [Product-Service] [restartedMain] w.s.c.ServletWebServerApplicationContext : Root WebApplicationContext: initialization completed in 1580 ms
2024-11-15T10:40:44.928+05:30  INFO 18848 --- [Product-Service] [restartedMain] o.hibernate.jpa.internal.util.LogHelper  : HHH000204: Processing PersistenceUnitInfo [name: default]
2024-11-15T10:40:44.937+05:30  INFO 18848 --- [Product-Service] [restartedMain] o.h.c.internal.RegionFactoryInitiator    : HHH000026: Second-level cache disabled
2024-11-15T10:40:44.966+05:30  INFO 18848 --- [Product-Service] [restartedMain] o.s.o.j.p.SpringPersistenceUnitInfo      : No LoadTimeWeaver setup: ignoring JPA class transformer
2024-11-15T10:40:44.968+05:30  INFO 18848 --- [Product-Service] [restartedMain] com.zaxxer.hikari.HikariDataSource       : HikariPool-6 - Starting...
2024-11-15T10:40:44.988+05:30  INFO 18848 --- [Product-Service] [restartedMain] com.zaxxer.hikari.pool.HikariPool        : HikariPool-6 - Added connection com.mysql.cj.jdbc.ConnectionImpl@6a64ede4
2024-11-15T10:40:44.989+05:30  INFO 18848 --- [Product-Service] [restartedMain] com.zaxxer.hikari.HikariDataSource       : HikariPool-6 - Start completed.
2024-11-15T10:40:44.991+05:30  WARN 18848 --- [Product-Service] [restartedMain] org.hibernate.orm.deprecation            : HHH90000025: MySQL8Dialect does not need to be specified explicitly using 'hibernate.dialect' (remove the property setting and it will be selected by default)
2024-11-15T10:40:44.991+05:30  WARN 18848 --- [Product-Service] [restartedMain] org.hibernate.orm.deprecation            : HHH90000026: MySQL8Dialect has been deprecated; use org.hibernate.dialect.MySQLDialect instead
2024-11-15T10:40:45.149+05:30  INFO 18848 --- [Product-Service] [restartedMain] o.h.e.t.j.p.i.JtaPlatformInitiator       : HHH000489: No JTA platform available (set 'hibernate.transaction.jta.platform' to enable JTA platform integration)
2024-11-15T10:40:45.258+05:30  INFO 18848 --- [Product-Service] [restartedMain] j.LocalContainerEntityManagerFactoryBean : Initialized JPA EntityManagerFactory for persistence unit 'default'
2024-11-15T10:40:45.447+05:30  WARN 18848 --- [Product-Service] [restartedMain] JpaBaseConfiguration$JpaWebConfiguration : spring.jpa.open-in-view is enabled by default. Therefore, database queries may be performed during view rendering. Explicitly configure spring.jpa.open-in-view to disable this warning
2024-11-15T10:40:45.714+05:30  WARN 18848 --- [Product-Service] [restartedMain] o.s.b.d.a.OptionalLiveReloadServer       : Unable to start LiveReload server
2024-11-15T10:40:45.799+05:30  INFO 18848 --- [Product-Service] [restartedMain] DiscoveryClientOptionalArgsConfiguration : Eureka HTTP Client uses RestTemplate.
2024-11-15T10:40:45.837+05:30  WARN 18848 --- [Product-Service] [restartedMain] iguration$LoadBalancerCaffeineWarnLogger : Spring Cloud LoadBalancer is currently working with the default cache. While this cache implementation is useful for development and tests, it's recommended to use Caffeine cache in production.You can switch to using Caffeine cache, by adding it and org.springframework.cache.caffeine.CaffeineCacheManager to the classpath.
2024-11-15T10:40:45.855+05:30  INFO 18848 --- [Product-Service] [restartedMain] o.s.c.n.eureka.InstanceInfoFactory       : Setting initial instance status as: STARTING
2024-11-15T10:40:45.862+05:30  INFO 18848 --- [Product-Service] [restartedMain] com.netflix.discovery.DiscoveryClient    : Initializing Eureka in region us-east-1
2024-11-15T10:40:45.863+05:30  INFO 18848 --- [Product-Service] [restartedMain] c.n.d.s.r.aws.ConfigClusterResolver      : Resolving eureka endpoints via configuration
2024-11-15T10:40:45.864+05:30  INFO 18848 --- [Product-Service] [restartedMain] com.netflix.discovery.DiscoveryClient    : Disable delta property : false
2024-11-15T10:40:45.865+05:30  INFO 18848 --- [Product-Service] [restartedMain] com.netflix.discovery.DiscoveryClient    : Single vip registry refresh property : null
2024-11-15T10:40:45.865+05:30  INFO 18848 --- [Product-Service] [restartedMain] com.netflix.discovery.DiscoveryClient    : Force full registry fetch : false
2024-11-15T10:40:45.865+05:30  INFO 18848 --- [Product-Service] [restartedMain] com.netflix.discovery.DiscoveryClient    : Application is null : false
2024-11-15T10:40:45.865+05:30  INFO 18848 --- [Product-Service] [restartedMain] com.netflix.discovery.DiscoveryClient    : Registered Applications size is zero : true
2024-11-15T10:40:45.866+05:30  INFO 18848 --- [Product-Service] [restartedMain] com.netflix.discovery.DiscoveryClient    : Application version is -1: true
2024-11-15T10:40:45.866+05:30  INFO 18848 --- [Product-Service] [restartedMain] com.netflix.discovery.DiscoveryClient    : Getting all instance registry info from the eureka server
2024-11-15T10:40:45.950+05:30  INFO 18848 --- [Product-Service] [restartedMain] com.netflix.discovery.DiscoveryClient    : The response status is 200
2024-11-15T10:40:45.952+05:30  INFO 18848 --- [Product-Service] [restartedMain] com.netflix.discovery.DiscoveryClient    : Starting heartbeat executor: renew interval is: 30
2024-11-15T10:40:45.954+05:30  INFO 18848 --- [Product-Service] [restartedMain] c.n.discovery.InstanceInfoReplicator     : InstanceInfoReplicator onDemand update allowed rate per min is 4
2024-11-15T10:40:45.955+05:30  INFO 18848 --- [Product-Service] [restartedMain] com.netflix.discovery.DiscoveryClient    : Discovery Client initialized at timestamp 1731647445955 with initial instances count: 2
2024-11-15T10:40:45.958+05:30  INFO 18848 --- [Product-Service] [restartedMain] o.s.c.n.e.s.EurekaServiceRegistry        : Registering application PRODUCT-SERVICE with eureka with status UP
2024-11-15T10:40:45.958+05:30  INFO 18848 --- [Product-Service] [restartedMain] com.netflix.discovery.DiscoveryClient    : Saw local status change event StatusChangeEvent [timestamp=1731647445958, current=UP, previous=STARTING]
2024-11-15T10:40:45.959+05:30  INFO 18848 --- [Product-Service] [DiscoveryClient-InstanceInfoReplicator-%d] com.netflix.discovery.DiscoveryClient    : DiscoveryClient_PRODUCT-SERVICE/LIN-5CG0215GZ8.corp.capgemini.com:Product-Service:8092: registering service...
2024-11-15T10:40:45.993+05:30  INFO 18848 --- [Product-Service] [restartedMain] o.s.b.w.embedded.tomcat.TomcatWebServer  : Tomcat started on port 8092 (http) with context path '/'
2024-11-15T10:40:45.995+05:30  INFO 18848 --- [Product-Service] [restartedMain] .s.c.n.e.s.EurekaAutoServiceRegistration : Updating port to 8092
2024-11-15T10:40:46.003+05:30  INFO 18848 --- [Product-Service] [DiscoveryClient-InstanceInfoReplicator-%d] com.netflix.discovery.DiscoveryClient    : DiscoveryClient_PRODUCT-SERVICE/LIN-5CG0215GZ8.corp.capgemini.com:Product-Service:8092 - registration status: 204
2024-11-15T10:40:46.024+05:30  INFO 18848 --- [Product-Service] [restartedMain] c.e.product.ProductServiceApplication    : Started ProductServiceApplication in 2.908 seconds (process running for 1101.473)
2024-11-15T10:40:46.028+05:30  INFO 18848 --- [Product-Service] [restartedMain] .ConditionEvaluationDeltaLoggingListener : Condition evaluation unchanged
2024-11-15T10:41:20.735+05:30  INFO 18848 --- [Product-Service] [File Watcher] rtingClassPathChangeChangedEventListener : Restarting due to 2 class path changes (1 addition, 1 deletion, 0 modifications)
2024-11-15T10:41:20.738+05:30  INFO 18848 --- [Product-Service] [Thread-31] o.s.c.n.e.s.EurekaServiceRegistry        : Unregistering application PRODUCT-SERVICE with eureka with status DOWN
2024-11-15T10:41:20.739+05:30  INFO 18848 --- [Product-Service] [Thread-31] com.netflix.discovery.DiscoveryClient    : Saw local status change event StatusChangeEvent [timestamp=1731647480739, current=DOWN, previous=UP]
2024-11-15T10:41:20.739+05:30  INFO 18848 --- [Product-Service] [DiscoveryClient-InstanceInfoReplicator-%d] com.netflix.discovery.DiscoveryClient    : DiscoveryClient_PRODUCT-SERVICE/LIN-5CG0215GZ8.corp.capgemini.com:Product-Service:8092: registering service...
2024-11-15T10:41:20.757+05:30  INFO 18848 --- [Product-Service] [DiscoveryClient-InstanceInfoReplicator-%d] com.netflix.discovery.DiscoveryClient    : DiscoveryClient_PRODUCT-SERVICE/LIN-5CG0215GZ8.corp.capgemini.com:Product-Service:8092 - registration status: 204
2024-11-15T10:41:20.764+05:30  INFO 18848 --- [Product-Service] [Thread-31] j.LocalContainerEntityManagerFactoryBean : Closing JPA EntityManagerFactory for persistence unit 'default'
2024-11-15T10:41:20.766+05:30  INFO 18848 --- [Product-Service] [Thread-31] com.zaxxer.hikari.HikariDataSource       : HikariPool-6 - Shutdown initiated...
2024-11-15T10:41:20.782+05:30  INFO 18848 --- [Product-Service] [Thread-31] com.zaxxer.hikari.HikariDataSource       : HikariPool-6 - Shutdown completed.
2024-11-15T10:41:20.782+05:30  INFO 18848 --- [Product-Service] [Thread-31] com.netflix.discovery.DiscoveryClient    : Shutting down DiscoveryClient ...
2024-11-15T10:41:23.784+05:30  INFO 18848 --- [Product-Service] [Thread-31] com.netflix.discovery.DiscoveryClient    : Unregistering ...
2024-11-15T10:41:23.805+05:30  INFO 18848 --- [Product-Service] [Thread-31] com.netflix.discovery.DiscoveryClient    : DiscoveryClient_PRODUCT-SERVICE/LIN-5CG0215GZ8.corp.capgemini.com:Product-Service:8092 - deregister  status: 200
2024-11-15T10:41:23.805+05:30  INFO 18848 --- [Product-Service] [Thread-31] com.netflix.discovery.DiscoveryClient    : Completed shut down of DiscoveryClient
2024-11-15T10:41:24.155+05:30  INFO 18848 --- [Product-Service] [restartedMain] c.e.product.ProductServiceApplication    : Starting ProductServiceApplication using Java 21.0.5 with PID 18848 (C:\Users\ddadasop\eclipse-workspace\Shopping-Cart\Product-Service\target\classes started by ddadasop in C:\Users\ddadasop\eclipse-workspace\Shopping-Cart\Product-Service)
2024-11-15T10:41:24.157+05:30  INFO 18848 --- [Product-Service] [restartedMain] c.e.product.ProductServiceApplication    : No active profile set, falling back to 1 default profile: "default"
2024-11-15T10:41:24.755+05:30  INFO 18848 --- [Product-Service] [restartedMain] .s.d.r.c.RepositoryConfigurationDelegate : Bootstrapping Spring Data JPA repositories in DEFAULT mode.
2024-11-15T10:41:24.792+05:30  INFO 18848 --- [Product-Service] [restartedMain] .s.d.r.c.RepositoryConfigurationDelegate : Finished Spring Data repository scanning in 36 ms. Found 1 JPA repository interface.
2024-11-15T10:41:25.235+05:30  INFO 18848 --- [Product-Service] [restartedMain] o.s.cloud.context.scope.GenericScope     : BeanFactory id=cc6d942e-5716-3ea7-a825-cd0b64964ced
2024-11-15T10:41:25.284+05:30  WARN 18848 --- [Product-Service] [restartedMain] trationDelegate$BeanPostProcessorChecker : Bean 'org.springframework.cloud.client.loadbalancer.LoadBalancerAutoConfiguration$DeferringLoadBalancerInterceptorConfig' of type [org.springframework.cloud.client.loadbalancer.LoadBalancerAutoConfiguration$DeferringLoadBalancerInterceptorConfig] is not eligible for getting processed by all BeanPostProcessors (for example: not eligible for auto-proxying). The currently created BeanPostProcessor [lbRestClientPostProcessor] is declared through a non-static factory method on that class; consider declaring it as static instead.
2024-11-15T10:41:25.286+05:30  WARN 18848 --- [Product-Service] [restartedMain] trationDelegate$BeanPostProcessorChecker : Bean 'deferringLoadBalancerInterceptor' of type [org.springframework.cloud.client.loadbalancer.DeferringLoadBalancerInterceptor] is not eligible for getting processed by all BeanPostProcessors (for example: not eligible for auto-proxying). Is this bean getting eagerly injected/applied to a currently created BeanPostProcessor [lbRestClientPostProcessor]? Check the corresponding BeanPostProcessor declaration and its dependencies/advisors. If this bean does not have to be post-processed, declare it with ROLE_INFRASTRUCTURE.
2024-11-15T10:41:25.403+05:30  INFO 18848 --- [Product-Service] [restartedMain] o.s.b.w.embedded.tomcat.TomcatWebServer  : Tomcat initialized with port 8092 (http)
2024-11-15T10:41:25.415+05:30  INFO 18848 --- [Product-Service] [restartedMain] o.apache.catalina.core.StandardService   : Starting service [Tomcat]
2024-11-15T10:41:25.416+05:30  INFO 18848 --- [Product-Service] [restartedMain] o.apache.catalina.core.StandardEngine    : Starting Servlet engine: [Apache Tomcat/10.1.31]
2024-11-15T10:41:25.586+05:30  INFO 18848 --- [Product-Service] [restartedMain] o.a.c.c.C.[Tomcat].[localhost].[/]       : Initializing Spring embedded WebApplicationContext
2024-11-15T10:41:25.587+05:30  INFO 18848 --- [Product-Service] [restartedMain] w.s.c.ServletWebServerApplicationContext : Root WebApplicationContext: initialization completed in 1421 ms
2024-11-15T10:41:25.689+05:30  INFO 18848 --- [Product-Service] [restartedMain] o.hibernate.jpa.internal.util.LogHelper  : HHH000204: Processing PersistenceUnitInfo [name: default]
2024-11-15T10:41:25.702+05:30  INFO 18848 --- [Product-Service] [restartedMain] o.h.c.internal.RegionFactoryInitiator    : HHH000026: Second-level cache disabled
2024-11-15T10:41:25.743+05:30  INFO 18848 --- [Product-Service] [restartedMain] o.s.o.j.p.SpringPersistenceUnitInfo      : No LoadTimeWeaver setup: ignoring JPA class transformer
2024-11-15T10:41:25.746+05:30  INFO 18848 --- [Product-Service] [restartedMain] com.zaxxer.hikari.HikariDataSource       : HikariPool-7 - Starting...
2024-11-15T10:41:25.766+05:30  INFO 18848 --- [Product-Service] [restartedMain] com.zaxxer.hikari.pool.HikariPool        : HikariPool-7 - Added connection com.mysql.cj.jdbc.ConnectionImpl@7bb4c33c
2024-11-15T10:41:25.767+05:30  INFO 18848 --- [Product-Service] [restartedMain] com.zaxxer.hikari.HikariDataSource       : HikariPool-7 - Start completed.
2024-11-15T10:41:25.768+05:30  WARN 18848 --- [Product-Service] [restartedMain] org.hibernate.orm.deprecation            : HHH90000025: MySQL8Dialect does not need to be specified explicitly using 'hibernate.dialect' (remove the property setting and it will be selected by default)
2024-11-15T10:41:25.769+05:30  WARN 18848 --- [Product-Service] [restartedMain] org.hibernate.orm.deprecation            : HHH90000026: MySQL8Dialect has been deprecated; use org.hibernate.dialect.MySQLDialect instead
2024-11-15T10:41:25.940+05:30  INFO 18848 --- [Product-Service] [restartedMain] o.h.e.t.j.p.i.JtaPlatformInitiator       : HHH000489: No JTA platform available (set 'hibernate.transaction.jta.platform' to enable JTA platform integration)
2024-11-15T10:41:26.098+05:30  INFO 18848 --- [Product-Service] [restartedMain] j.LocalContainerEntityManagerFactoryBean : Initialized JPA EntityManagerFactory for persistence unit 'default'
2024-11-15T10:41:26.341+05:30  WARN 18848 --- [Product-Service] [restartedMain] JpaBaseConfiguration$JpaWebConfiguration : spring.jpa.open-in-view is enabled by default. Therefore, database queries may be performed during view rendering. Explicitly configure spring.jpa.open-in-view to disable this warning
2024-11-15T10:41:26.667+05:30  WARN 18848 --- [Product-Service] [restartedMain] o.s.b.d.a.OptionalLiveReloadServer       : Unable to start LiveReload server
2024-11-15T10:41:26.757+05:30  INFO 18848 --- [Product-Service] [restartedMain] DiscoveryClientOptionalArgsConfiguration : Eureka HTTP Client uses RestTemplate.
2024-11-15T10:41:26.810+05:30  WARN 18848 --- [Product-Service] [restartedMain] iguration$LoadBalancerCaffeineWarnLogger : Spring Cloud LoadBalancer is currently working with the default cache. While this cache implementation is useful for development and tests, it's recommended to use Caffeine cache in production.You can switch to using Caffeine cache, by adding it and org.springframework.cache.caffeine.CaffeineCacheManager to the classpath.
2024-11-15T10:41:26.839+05:30  INFO 18848 --- [Product-Service] [restartedMain] o.s.c.n.eureka.InstanceInfoFactory       : Setting initial instance status as: STARTING
2024-11-15T10:41:26.848+05:30  INFO 18848 --- [Product-Service] [restartedMain] com.netflix.discovery.DiscoveryClient    : Initializing Eureka in region us-east-1
2024-11-15T10:41:26.850+05:30  INFO 18848 --- [Product-Service] [restartedMain] c.n.d.s.r.aws.ConfigClusterResolver      : Resolving eureka endpoints via configuration
2024-11-15T10:41:26.851+05:30  INFO 18848 --- [Product-Service] [restartedMain] com.netflix.discovery.DiscoveryClient    : Disable delta property : false
2024-11-15T10:41:26.851+05:30  INFO 18848 --- [Product-Service] [restartedMain] com.netflix.discovery.DiscoveryClient    : Single vip registry refresh property : null
2024-11-15T10:41:26.851+05:30  INFO 18848 --- [Product-Service] [restartedMain] com.netflix.discovery.DiscoveryClient    : Force full registry fetch : false
2024-11-15T10:41:26.851+05:30  INFO 18848 --- [Product-Service] [restartedMain] com.netflix.discovery.DiscoveryClient    : Application is null : false
2024-11-15T10:41:26.852+05:30  INFO 18848 --- [Product-Service] [restartedMain] com.netflix.discovery.DiscoveryClient    : Registered Applications size is zero : true
2024-11-15T10:41:26.852+05:30  INFO 18848 --- [Product-Service] [restartedMain] com.netflix.discovery.DiscoveryClient    : Application version is -1: true
2024-11-15T10:41:26.852+05:30  INFO 18848 --- [Product-Service] [restartedMain] com.netflix.discovery.DiscoveryClient    : Getting all instance registry info from the eureka server
2024-11-15T10:41:26.952+05:30  INFO 18848 --- [Product-Service] [restartedMain] com.netflix.discovery.DiscoveryClient    : The response status is 200
2024-11-15T10:41:26.955+05:30  INFO 18848 --- [Product-Service] [restartedMain] com.netflix.discovery.DiscoveryClient    : Starting heartbeat executor: renew interval is: 30
2024-11-15T10:41:26.956+05:30  INFO 18848 --- [Product-Service] [restartedMain] c.n.discovery.InstanceInfoReplicator     : InstanceInfoReplicator onDemand update allowed rate per min is 4
2024-11-15T10:41:26.958+05:30  INFO 18848 --- [Product-Service] [restartedMain] com.netflix.discovery.DiscoveryClient    : Discovery Client initialized at timestamp 1731647486958 with initial instances count: 2
2024-11-15T10:41:26.962+05:30  INFO 18848 --- [Product-Service] [restartedMain] o.s.c.n.e.s.EurekaServiceRegistry        : Registering application PRODUCT-SERVICE with eureka with status UP
2024-11-15T10:41:26.963+05:30  INFO 18848 --- [Product-Service] [restartedMain] com.netflix.discovery.DiscoveryClient    : Saw local status change event StatusChangeEvent [timestamp=1731647486963, current=UP, previous=STARTING]
2024-11-15T10:41:26.964+05:30  INFO 18848 --- [Product-Service] [DiscoveryClient-InstanceInfoReplicator-%d] com.netflix.discovery.DiscoveryClient    : DiscoveryClient_PRODUCT-SERVICE/LIN-5CG0215GZ8.corp.capgemini.com:Product-Service:8092: registering service...
2024-11-15T10:41:27.000+05:30  INFO 18848 --- [Product-Service] [restartedMain] o.s.b.w.embedded.tomcat.TomcatWebServer  : Tomcat started on port 8092 (http) with context path '/'
2024-11-15T10:41:27.002+05:30  INFO 18848 --- [Product-Service] [restartedMain] .s.c.n.e.s.EurekaAutoServiceRegistration : Updating port to 8092
2024-11-15T10:41:27.006+05:30  INFO 18848 --- [Product-Service] [DiscoveryClient-InstanceInfoReplicator-%d] com.netflix.discovery.DiscoveryClient    : DiscoveryClient_PRODUCT-SERVICE/LIN-5CG0215GZ8.corp.capgemini.com:Product-Service:8092 - registration status: 204
2024-11-15T10:41:27.030+05:30  INFO 18848 --- [Product-Service] [restartedMain] c.e.product.ProductServiceApplication    : Started ProductServiceApplication in 3.033 seconds (process running for 1142.481)
2024-11-15T10:41:27.038+05:30  INFO 18848 --- [Product-Service] [restartedMain] .ConditionEvaluationDeltaLoggingListener : Condition evaluation unchanged
2024-11-15T10:41:41.723+05:30  INFO 18848 --- [Product-Service] [File Watcher] rtingClassPathChangeChangedEventListener : Restarting due to 1 class path change (0 additions, 0 deletions, 1 modification)
2024-11-15T10:41:41.730+05:30  INFO 18848 --- [Product-Service] [Thread-37] o.s.c.n.e.s.EurekaServiceRegistry        : Unregistering application PRODUCT-SERVICE with eureka with status DOWN
2024-11-15T10:41:41.730+05:30  INFO 18848 --- [Product-Service] [Thread-37] com.netflix.discovery.DiscoveryClient    : Saw local status change event StatusChangeEvent [timestamp=1731647501730, current=DOWN, previous=UP]
2024-11-15T10:41:41.731+05:30  INFO 18848 --- [Product-Service] [DiscoveryClient-InstanceInfoReplicator-%d] com.netflix.discovery.DiscoveryClient    : DiscoveryClient_PRODUCT-SERVICE/LIN-5CG0215GZ8.corp.capgemini.com:Product-Service:8092: registering service...
2024-11-15T10:41:41.760+05:30  INFO 18848 --- [Product-Service] [Thread-37] j.LocalContainerEntityManagerFactoryBean : Closing JPA EntityManagerFactory for persistence unit 'default'
2024-11-15T10:41:41.762+05:30  INFO 18848 --- [Product-Service] [Thread-37] com.zaxxer.hikari.HikariDataSource       : HikariPool-7 - Shutdown initiated...
2024-11-15T10:41:41.766+05:30  INFO 18848 --- [Product-Service] [DiscoveryClient-InstanceInfoReplicator-%d] com.netflix.discovery.DiscoveryClient    : DiscoveryClient_PRODUCT-SERVICE/LIN-5CG0215GZ8.corp.capgemini.com:Product-Service:8092 - registration status: 204
2024-11-15T10:41:41.781+05:30  INFO 18848 --- [Product-Service] [Thread-37] com.zaxxer.hikari.HikariDataSource       : HikariPool-7 - Shutdown completed.
2024-11-15T10:41:41.782+05:30  INFO 18848 --- [Product-Service] [Thread-37] com.netflix.discovery.DiscoveryClient    : Shutting down DiscoveryClient ...
2024-11-15T10:41:44.797+05:30  INFO 18848 --- [Product-Service] [Thread-37] com.netflix.discovery.DiscoveryClient    : Unregistering ...
2024-11-15T10:41:44.819+05:30  INFO 18848 --- [Product-Service] [Thread-37] com.netflix.discovery.DiscoveryClient    : DiscoveryClient_PRODUCT-SERVICE/LIN-5CG0215GZ8.corp.capgemini.com:Product-Service:8092 - deregister  status: 200
2024-11-15T10:41:44.819+05:30  INFO 18848 --- [Product-Service] [Thread-37] com.netflix.discovery.DiscoveryClient    : Completed shut down of DiscoveryClient
2024-11-15T10:41:45.206+05:30  INFO 18848 --- [Product-Service] [restartedMain] c.e.product.ProductServiceApplication    : Starting ProductServiceApplication using Java 21.0.5 with PID 18848 (C:\Users\ddadasop\eclipse-workspace\Shopping-Cart\Product-Service\target\classes started by ddadasop in C:\Users\ddadasop\eclipse-workspace\Shopping-Cart\Product-Service)
2024-11-15T10:41:45.207+05:30  INFO 18848 --- [Product-Service] [restartedMain] c.e.product.ProductServiceApplication    : No active profile set, falling back to 1 default profile: "default"
2024-11-15T10:41:45.644+05:30  INFO 18848 --- [Product-Service] [restartedMain] .s.d.r.c.RepositoryConfigurationDelegate : Bootstrapping Spring Data JPA repositories in DEFAULT mode.
2024-11-15T10:41:45.661+05:30  INFO 18848 --- [Product-Service] [restartedMain] .s.d.r.c.RepositoryConfigurationDelegate : Finished Spring Data repository scanning in 17 ms. Found 1 JPA repository interface.
2024-11-15T10:41:45.843+05:30  INFO 18848 --- [Product-Service] [restartedMain] o.s.cloud.context.scope.GenericScope     : BeanFactory id=cc6d942e-5716-3ea7-a825-cd0b64964ced
2024-11-15T10:41:45.894+05:30  WARN 18848 --- [Product-Service] [restartedMain] trationDelegate$BeanPostProcessorChecker : Bean 'org.springframework.cloud.client.loadbalancer.LoadBalancerAutoConfiguration$DeferringLoadBalancerInterceptorConfig' of type [org.springframework.cloud.client.loadbalancer.LoadBalancerAutoConfiguration$DeferringLoadBalancerInterceptorConfig] is not eligible for getting processed by all BeanPostProcessors (for example: not eligible for auto-proxying). The currently created BeanPostProcessor [lbRestClientPostProcessor] is declared through a non-static factory method on that class; consider declaring it as static instead.
2024-11-15T10:41:45.896+05:30  WARN 18848 --- [Product-Service] [restartedMain] trationDelegate$BeanPostProcessorChecker : Bean 'deferringLoadBalancerInterceptor' of type [org.springframework.cloud.client.loadbalancer.DeferringLoadBalancerInterceptor] is not eligible for getting processed by all BeanPostProcessors (for example: not eligible for auto-proxying). Is this bean getting eagerly injected/applied to a currently created BeanPostProcessor [lbRestClientPostProcessor]? Check the corresponding BeanPostProcessor declaration and its dependencies/advisors. If this bean does not have to be post-processed, declare it with ROLE_INFRASTRUCTURE.
2024-11-15T10:41:46.000+05:30  INFO 18848 --- [Product-Service] [restartedMain] o.s.b.w.embedded.tomcat.TomcatWebServer  : Tomcat initialized with port 8092 (http)
2024-11-15T10:41:46.004+05:30  INFO 18848 --- [Product-Service] [restartedMain] o.apache.catalina.core.StandardService   : Starting service [Tomcat]
2024-11-15T10:41:46.005+05:30  INFO 18848 --- [Product-Service] [restartedMain] o.apache.catalina.core.StandardEngine    : Starting Servlet engine: [Apache Tomcat/10.1.31]
2024-11-15T10:41:46.114+05:30  INFO 18848 --- [Product-Service] [restartedMain] o.a.c.c.C.[Tomcat].[localhost].[/]       : Initializing Spring embedded WebApplicationContext
2024-11-15T10:41:46.115+05:30  INFO 18848 --- [Product-Service] [restartedMain] w.s.c.ServletWebServerApplicationContext : Root WebApplicationContext: initialization completed in 901 ms
2024-11-15T10:41:46.167+05:30  INFO 18848 --- [Product-Service] [restartedMain] o.hibernate.jpa.internal.util.LogHelper  : HHH000204: Processing PersistenceUnitInfo [name: default]
2024-11-15T10:41:46.174+05:30  INFO 18848 --- [Product-Service] [restartedMain] o.h.c.internal.RegionFactoryInitiator    : HHH000026: Second-level cache disabled
2024-11-15T10:41:46.194+05:30  INFO 18848 --- [Product-Service] [restartedMain] o.s.o.j.p.SpringPersistenceUnitInfo      : No LoadTimeWeaver setup: ignoring JPA class transformer
2024-11-15T10:41:46.196+05:30  INFO 18848 --- [Product-Service] [restartedMain] com.zaxxer.hikari.HikariDataSource       : HikariPool-8 - Starting...
2024-11-15T10:41:46.206+05:30  INFO 18848 --- [Product-Service] [restartedMain] com.zaxxer.hikari.pool.HikariPool        : HikariPool-8 - Added connection com.mysql.cj.jdbc.ConnectionImpl@462defc6
2024-11-15T10:41:46.207+05:30  INFO 18848 --- [Product-Service] [restartedMain] com.zaxxer.hikari.HikariDataSource       : HikariPool-8 - Start completed.
2024-11-15T10:41:46.209+05:30  WARN 18848 --- [Product-Service] [restartedMain] org.hibernate.orm.deprecation            : HHH90000025: MySQL8Dialect does not need to be specified explicitly using 'hibernate.dialect' (remove the property setting and it will be selected by default)
2024-11-15T10:41:46.210+05:30  WARN 18848 --- [Product-Service] [restartedMain] org.hibernate.orm.deprecation            : HHH90000026: MySQL8Dialect has been deprecated; use org.hibernate.dialect.MySQLDialect instead
2024-11-15T10:41:46.332+05:30  INFO 18848 --- [Product-Service] [restartedMain] o.h.e.t.j.p.i.JtaPlatformInitiator       : HHH000489: No JTA platform available (set 'hibernate.transaction.jta.platform' to enable JTA platform integration)
2024-11-15T10:41:46.448+05:30  INFO 18848 --- [Product-Service] [restartedMain] j.LocalContainerEntityManagerFactoryBean : Initialized JPA EntityManagerFactory for persistence unit 'default'
2024-11-15T10:41:46.582+05:30  WARN 18848 --- [Product-Service] [restartedMain] JpaBaseConfiguration$JpaWebConfiguration : spring.jpa.open-in-view is enabled by default. Therefore, database queries may be performed during view rendering. Explicitly configure spring.jpa.open-in-view to disable this warning
2024-11-15T10:41:46.863+05:30  WARN 18848 --- [Product-Service] [restartedMain] o.s.b.d.a.OptionalLiveReloadServer       : Unable to start LiveReload server
2024-11-15T10:41:46.920+05:30  INFO 18848 --- [Product-Service] [restartedMain] DiscoveryClientOptionalArgsConfiguration : Eureka HTTP Client uses RestTemplate.
2024-11-15T10:41:46.950+05:30  WARN 18848 --- [Product-Service] [restartedMain] iguration$LoadBalancerCaffeineWarnLogger : Spring Cloud LoadBalancer is currently working with the default cache. While this cache implementation is useful for development and tests, it's recommended to use Caffeine cache in production.You can switch to using Caffeine cache, by adding it and org.springframework.cache.caffeine.CaffeineCacheManager to the classpath.
2024-11-15T10:41:46.969+05:30  INFO 18848 --- [Product-Service] [restartedMain] o.s.c.n.eureka.InstanceInfoFactory       : Setting initial instance status as: STARTING
2024-11-15T10:41:46.973+05:30  INFO 18848 --- [Product-Service] [restartedMain] com.netflix.discovery.DiscoveryClient    : Initializing Eureka in region us-east-1
2024-11-15T10:41:46.975+05:30  INFO 18848 --- [Product-Service] [restartedMain] c.n.d.s.r.aws.ConfigClusterResolver      : Resolving eureka endpoints via configuration
2024-11-15T10:41:46.976+05:30  INFO 18848 --- [Product-Service] [restartedMain] com.netflix.discovery.DiscoveryClient    : Disable delta property : false
2024-11-15T10:41:46.976+05:30  INFO 18848 --- [Product-Service] [restartedMain] com.netflix.discovery.DiscoveryClient    : Single vip registry refresh property : null
2024-11-15T10:41:46.977+05:30  INFO 18848 --- [Product-Service] [restartedMain] com.netflix.discovery.DiscoveryClient    : Force full registry fetch : false
2024-11-15T10:41:46.977+05:30  INFO 18848 --- [Product-Service] [restartedMain] com.netflix.discovery.DiscoveryClient    : Application is null : false
2024-11-15T10:41:46.977+05:30  INFO 18848 --- [Product-Service] [restartedMain] com.netflix.discovery.DiscoveryClient    : Registered Applications size is zero : true
2024-11-15T10:41:46.977+05:30  INFO 18848 --- [Product-Service] [restartedMain] com.netflix.discovery.DiscoveryClient    : Application version is -1: true
2024-11-15T10:41:46.978+05:30  INFO 18848 --- [Product-Service] [restartedMain] com.netflix.discovery.DiscoveryClient    : Getting all instance registry info from the eureka server
2024-11-15T10:41:47.040+05:30  INFO 18848 --- [Product-Service] [restartedMain] com.netflix.discovery.DiscoveryClient    : The response status is 200
2024-11-15T10:41:47.042+05:30  INFO 18848 --- [Product-Service] [restartedMain] com.netflix.discovery.DiscoveryClient    : Starting heartbeat executor: renew interval is: 30
2024-11-15T10:41:47.043+05:30  INFO 18848 --- [Product-Service] [restartedMain] c.n.discovery.InstanceInfoReplicator     : InstanceInfoReplicator onDemand update allowed rate per min is 4
2024-11-15T10:41:47.044+05:30  INFO 18848 --- [Product-Service] [restartedMain] com.netflix.discovery.DiscoveryClient    : Discovery Client initialized at timestamp 1731647507044 with initial instances count: 2
2024-11-15T10:41:47.045+05:30  INFO 18848 --- [Product-Service] [restartedMain] o.s.c.n.e.s.EurekaServiceRegistry        : Registering application PRODUCT-SERVICE with eureka with status UP
2024-11-15T10:41:47.046+05:30  INFO 18848 --- [Product-Service] [restartedMain] com.netflix.discovery.DiscoveryClient    : Saw local status change event StatusChangeEvent [timestamp=1731647507046, current=UP, previous=STARTING]
2024-11-15T10:41:47.046+05:30  INFO 18848 --- [Product-Service] [DiscoveryClient-InstanceInfoReplicator-%d] com.netflix.discovery.DiscoveryClient    : DiscoveryClient_PRODUCT-SERVICE/LIN-5CG0215GZ8.corp.capgemini.com:Product-Service:8092: registering service...
2024-11-15T10:41:47.064+05:30  INFO 18848 --- [Product-Service] [restartedMain] o.s.b.w.embedded.tomcat.TomcatWebServer  : Tomcat started on port 8092 (http) with context path '/'
2024-11-15T10:41:47.066+05:30  INFO 18848 --- [Product-Service] [restartedMain] .s.c.n.e.s.EurekaAutoServiceRegistration : Updating port to 8092
2024-11-15T10:41:47.078+05:30  INFO 18848 --- [Product-Service] [DiscoveryClient-InstanceInfoReplicator-%d] com.netflix.discovery.DiscoveryClient    : DiscoveryClient_PRODUCT-SERVICE/LIN-5CG0215GZ8.corp.capgemini.com:Product-Service:8092 - registration status: 204
2024-11-15T10:41:47.083+05:30  INFO 18848 --- [Product-Service] [restartedMain] c.e.product.ProductServiceApplication    : Started ProductServiceApplication in 2.083 seconds (process running for 1162.535)
2024-11-15T10:41:47.086+05:30  INFO 18848 --- [Product-Service] [restartedMain] .ConditionEvaluationDeltaLoggingListener : Condition evaluation unchanged
