2024-11-15T10:50:37.927+05:30  INFO 23564 --- [Profile-Service] [restartedMain] c.e.profile.EShoppingZone1Application    : Starting EShoppingZone1Application using Java 21.0.5 with PID 23564 (C:\Users\ddadasop\eclipse-workspace\Shopping-Cart\Profile-Service\target\classes started by ddadasop in C:\Users\ddadasop\eclipse-workspace\Shopping-Cart\Profile-Service)
2024-11-15T10:50:37.964+05:30  INFO 23564 --- [Profile-Service] [restartedMain] c.e.profile.EShoppingZone1Application    : No active profile set, falling back to 1 default profile: "default"
2024-11-15T10:50:38.212+05:30  INFO 23564 --- [Profile-Service] [restartedMain] .e.DevToolsPropertyDefaultsPostProcessor : Devtools property defaults active! Set 'spring.devtools.add-properties' to 'false' to disable
2024-11-15T10:50:38.216+05:30  INFO 23564 --- [Profile-Service] [restartedMain] .e.DevToolsPropertyDefaultsPostProcessor : For additional web related logging consider setting the 'logging.level.web' property to 'DEBUG'
2024-11-15T10:50:40.074+05:30  INFO 23564 --- [Profile-Service] [restartedMain] .s.d.r.c.RepositoryConfigurationDelegate : Bootstrapping Spring Data JPA repositories in DEFAULT mode.
2024-11-15T10:50:40.584+05:30  INFO 23564 --- [Profile-Service] [restartedMain] .s.d.r.c.RepositoryConfigurationDelegate : Finished Spring Data repository scanning in 485 ms. Found 1 JPA repository interface.
2024-11-15T10:50:42.308+05:30  INFO 23564 --- [Profile-Service] [restartedMain] o.s.cloud.context.scope.GenericScope     : BeanFactory id=adbc6b87-b443-3617-9c3e-b5840f4d0fcd
2024-11-15T10:50:42.783+05:30  WARN 23564 --- [Profile-Service] [restartedMain] trationDelegate$BeanPostProcessorChecker : Bean 'org.springframework.cloud.client.loadbalancer.LoadBalancerAutoConfiguration$DeferringLoadBalancerInterceptorConfig' of type [org.springframework.cloud.client.loadbalancer.LoadBalancerAutoConfiguration$DeferringLoadBalancerInterceptorConfig] is not eligible for getting processed by all BeanPostProcessors (for example: not eligible for auto-proxying). The currently created BeanPostProcessor [lbRestClientPostProcessor] is declared through a non-static factory method on that class; consider declaring it as static instead.
2024-11-15T10:50:42.791+05:30  WARN 23564 --- [Profile-Service] [restartedMain] trationDelegate$BeanPostProcessorChecker : Bean 'deferringLoadBalancerInterceptor' of type [org.springframework.cloud.client.loadbalancer.DeferringLoadBalancerInterceptor] is not eligible for getting processed by all BeanPostProcessors (for example: not eligible for auto-proxying). Is this bean getting eagerly injected/applied to a currently created BeanPostProcessor [lbRestClientPostProcessor]? Check the corresponding BeanPostProcessor declaration and its dependencies/advisors. If this bean does not have to be post-processed, declare it with ROLE_INFRASTRUCTURE.
2024-11-15T10:50:44.104+05:30  INFO 23564 --- [Profile-Service] [restartedMain] o.s.b.w.embedded.tomcat.TomcatWebServer  : Tomcat initialized with port 8091 (http)
2024-11-15T10:50:44.160+05:30  INFO 23564 --- [Profile-Service] [restartedMain] o.apache.catalina.core.StandardService   : Starting service [Tomcat]
2024-11-15T10:50:44.161+05:30  INFO 23564 --- [Profile-Service] [restartedMain] o.apache.catalina.core.StandardEngine    : Starting Servlet engine: [Apache Tomcat/10.1.31]
2024-11-15T10:50:44.426+05:30  INFO 23564 --- [Profile-Service] [restartedMain] o.a.c.c.C.[Tomcat].[localhost].[/]       : Initializing Spring embedded WebApplicationContext
2024-11-15T10:50:44.427+05:30  INFO 23564 --- [Profile-Service] [restartedMain] w.s.c.ServletWebServerApplicationContext : Root WebApplicationContext: initialization completed in 6209 ms
2024-11-15T10:50:44.938+05:30  INFO 23564 --- [Profile-Service] [restartedMain] o.hibernate.jpa.internal.util.LogHelper  : HHH000204: Processing PersistenceUnitInfo [name: default]
2024-11-15T10:50:45.119+05:30  INFO 23564 --- [Profile-Service] [restartedMain] org.hibernate.Version                    : HHH000412: Hibernate ORM core version 6.5.3.Final
2024-11-15T10:50:45.210+05:30  INFO 23564 --- [Profile-Service] [restartedMain] o.h.c.internal.RegionFactoryInitiator    : HHH000026: Second-level cache disabled
2024-11-15T10:50:46.116+05:30  INFO 23564 --- [Profile-Service] [restartedMain] o.s.o.j.p.SpringPersistenceUnitInfo      : No LoadTimeWeaver setup: ignoring JPA class transformer
2024-11-15T10:50:46.213+05:30  INFO 23564 --- [Profile-Service] [restartedMain] com.zaxxer.hikari.HikariDataSource       : HikariPool-1 - Starting...
2024-11-15T10:50:46.702+05:30  INFO 23564 --- [Profile-Service] [restartedMain] com.zaxxer.hikari.pool.HikariPool        : HikariPool-1 - Added connection com.mysql.cj.jdbc.ConnectionImpl@29ae7499
2024-11-15T10:50:46.710+05:30  INFO 23564 --- [Profile-Service] [restartedMain] com.zaxxer.hikari.HikariDataSource       : HikariPool-1 - Start completed.
2024-11-15T10:50:46.855+05:30  WARN 23564 --- [Profile-Service] [restartedMain] org.hibernate.orm.deprecation            : HHH90000025: MySQL8Dialect does not need to be specified explicitly using 'hibernate.dialect' (remove the property setting and it will be selected by default)
2024-11-15T10:50:46.859+05:30  WARN 23564 --- [Profile-Service] [restartedMain] org.hibernate.orm.deprecation            : HHH90000026: MySQL8Dialect has been deprecated; use org.hibernate.dialect.MySQLDialect instead
2024-11-15T10:50:49.556+05:30  INFO 23564 --- [Profile-Service] [restartedMain] o.h.e.t.j.p.i.JtaPlatformInitiator       : HHH000489: No JTA platform available (set 'hibernate.transaction.jta.platform' to enable JTA platform integration)
2024-11-15T10:50:49.781+05:30  INFO 23564 --- [Profile-Service] [restartedMain] j.LocalContainerEntityManagerFactoryBean : Initialized JPA EntityManagerFactory for persistence unit 'default'
2024-11-15T10:50:51.063+05:30  WARN 23564 --- [Profile-Service] [restartedMain] JpaBaseConfiguration$JpaWebConfiguration : spring.jpa.open-in-view is enabled by default. Therefore, database queries may be performed during view rendering. Explicitly configure spring.jpa.open-in-view to disable this warning
2024-11-15T10:50:52.773+05:30  WARN 23564 --- [Profile-Service] [restartedMain] .s.s.UserDetailsServiceAutoConfiguration : 

Using generated security password: e148df3b-c4cd-4030-9376-216fabcb065e

This generated password is for development use only. Your security configuration must be updated before running your application in production.

2024-11-15T10:50:52.854+05:30  INFO 23564 --- [Profile-Service] [restartedMain] r$InitializeUserDetailsManagerConfigurer : Global AuthenticationManager configured with UserDetailsService bean with name inMemoryUserDetailsManager
2024-11-15T10:50:53.341+05:30  WARN 23564 --- [Profile-Service] [restartedMain] o.s.b.d.a.OptionalLiveReloadServer       : Unable to start LiveReload server
2024-11-15T10:50:53.449+05:30  INFO 23564 --- [Profile-Service] [restartedMain] DiscoveryClientOptionalArgsConfiguration : Eureka HTTP Client uses RestTemplate.
2024-11-15T10:50:53.521+05:30  WARN 23564 --- [Profile-Service] [restartedMain] iguration$LoadBalancerCaffeineWarnLogger : Spring Cloud LoadBalancer is currently working with the default cache. While this cache implementation is useful for development and tests, it's recommended to use Caffeine cache in production.You can switch to using Caffeine cache, by adding it and org.springframework.cache.caffeine.CaffeineCacheManager to the classpath.
2024-11-15T10:50:53.623+05:30  INFO 23564 --- [Profile-Service] [restartedMain] o.s.c.n.eureka.InstanceInfoFactory       : Setting initial instance status as: STARTING
2024-11-15T10:50:53.675+05:30  INFO 23564 --- [Profile-Service] [restartedMain] com.netflix.discovery.DiscoveryClient    : Initializing Eureka in region us-east-1
2024-11-15T10:50:53.684+05:30  INFO 23564 --- [Profile-Service] [restartedMain] c.n.d.s.r.aws.ConfigClusterResolver      : Resolving eureka endpoints via configuration
2024-11-15T10:50:53.704+05:30  INFO 23564 --- [Profile-Service] [restartedMain] com.netflix.discovery.DiscoveryClient    : Disable delta property : false
2024-11-15T10:50:53.704+05:30  INFO 23564 --- [Profile-Service] [restartedMain] com.netflix.discovery.DiscoveryClient    : Single vip registry refresh property : null
2024-11-15T10:50:53.704+05:30  INFO 23564 --- [Profile-Service] [restartedMain] com.netflix.discovery.DiscoveryClient    : Force full registry fetch : false
2024-11-15T10:50:53.705+05:30  INFO 23564 --- [Profile-Service] [restartedMain] com.netflix.discovery.DiscoveryClient    : Application is null : false
2024-11-15T10:50:53.705+05:30  INFO 23564 --- [Profile-Service] [restartedMain] com.netflix.discovery.DiscoveryClient    : Registered Applications size is zero : true
2024-11-15T10:50:53.705+05:30  INFO 23564 --- [Profile-Service] [restartedMain] com.netflix.discovery.DiscoveryClient    : Application version is -1: true
2024-11-15T10:50:53.705+05:30  INFO 23564 --- [Profile-Service] [restartedMain] com.netflix.discovery.DiscoveryClient    : Getting all instance registry info from the eureka server
2024-11-15T10:50:54.444+05:30  INFO 23564 --- [Profile-Service] [restartedMain] com.netflix.discovery.DiscoveryClient    : The response status is 200
2024-11-15T10:50:54.451+05:30  INFO 23564 --- [Profile-Service] [restartedMain] com.netflix.discovery.DiscoveryClient    : Starting heartbeat executor: renew interval is: 30
2024-11-15T10:50:54.458+05:30  INFO 23564 --- [Profile-Service] [restartedMain] c.n.discovery.InstanceInfoReplicator     : InstanceInfoReplicator onDemand update allowed rate per min is 4
2024-11-15T10:50:54.465+05:30  INFO 23564 --- [Profile-Service] [restartedMain] com.netflix.discovery.DiscoveryClient    : Discovery Client initialized at timestamp 1731648054462 with initial instances count: 2
2024-11-15T10:50:54.474+05:30  INFO 23564 --- [Profile-Service] [restartedMain] o.s.c.n.e.s.EurekaServiceRegistry        : Registering application PROFILE-SERVICE with eureka with status UP
2024-11-15T10:50:54.476+05:30  INFO 23564 --- [Profile-Service] [restartedMain] com.netflix.discovery.DiscoveryClient    : Saw local status change event StatusChangeEvent [timestamp=1731648054476, current=UP, previous=STARTING]
2024-11-15T10:50:54.484+05:30  INFO 23564 --- [Profile-Service] [DiscoveryClient-InstanceInfoReplicator-%d] com.netflix.discovery.DiscoveryClient    : DiscoveryClient_PROFILE-SERVICE/LIN-5CG0215GZ8.corp.capgemini.com:Profile-Service:8091: registering service...
2024-11-15T10:50:54.546+05:30  INFO 23564 --- [Profile-Service] [restartedMain] o.s.b.w.embedded.tomcat.TomcatWebServer  : Tomcat started on port 8091 (http) with context path '/'
2024-11-15T10:50:54.547+05:30  INFO 23564 --- [Profile-Service] [restartedMain] .s.c.n.e.s.EurekaAutoServiceRegistration : Updating port to 8091
2024-11-15T10:50:54.574+05:30  INFO 23564 --- [Profile-Service] [restartedMain] c.e.profile.EShoppingZone1Application    : Started EShoppingZone1Application in 17.983 seconds (process running for 21.012)
2024-11-15T10:50:54.576+05:30  INFO 23564 --- [Profile-Service] [DiscoveryClient-InstanceInfoReplicator-%d] com.netflix.discovery.DiscoveryClient    : DiscoveryClient_PROFILE-SERVICE/LIN-5CG0215GZ8.corp.capgemini.com:Profile-Service:8091 - registration status: 204
2024-11-15T10:55:53.710+05:30  INFO 23564 --- [Profile-Service] [AsyncResolver-bootstrap-executor-%d] c.n.d.s.r.aws.ConfigClusterResolver      : Resolving eureka endpoints via configuration
2024-11-15T10:58:22.050+05:30  INFO 23564 --- [Profile-Service] [File Watcher] rtingClassPathChangeChangedEventListener : Restarting due to 18 class path changes (0 additions, 18 deletions, 0 modifications)
2024-11-15T10:58:22.055+05:30  INFO 23564 --- [Profile-Service] [Thread-1] o.s.c.n.e.s.EurekaServiceRegistry        : Unregistering application PROFILE-SERVICE with eureka with status DOWN
2024-11-15T10:58:22.055+05:30  INFO 23564 --- [Profile-Service] [Thread-1] com.netflix.discovery.DiscoveryClient    : Saw local status change event StatusChangeEvent [timestamp=1731648502055, current=DOWN, previous=UP]
2024-11-15T10:58:22.055+05:30  INFO 23564 --- [Profile-Service] [DiscoveryClient-InstanceInfoReplicator-%d] com.netflix.discovery.DiscoveryClient    : DiscoveryClient_PROFILE-SERVICE/LIN-5CG0215GZ8.corp.capgemini.com:Profile-Service:8091: registering service...
2024-11-15T10:58:22.080+05:30  INFO 23564 --- [Profile-Service] [DiscoveryClient-InstanceInfoReplicator-%d] com.netflix.discovery.DiscoveryClient    : DiscoveryClient_PROFILE-SERVICE/LIN-5CG0215GZ8.corp.capgemini.com:Profile-Service:8091 - registration status: 204
2024-11-15T10:58:22.081+05:30  INFO 23564 --- [Profile-Service] [Thread-1] j.LocalContainerEntityManagerFactoryBean : Closing JPA EntityManagerFactory for persistence unit 'default'
2024-11-15T10:58:22.089+05:30  INFO 23564 --- [Profile-Service] [Thread-1] com.zaxxer.hikari.HikariDataSource       : HikariPool-1 - Shutdown initiated...
2024-11-15T10:58:22.108+05:30  INFO 23564 --- [Profile-Service] [Thread-1] com.zaxxer.hikari.HikariDataSource       : HikariPool-1 - Shutdown completed.
2024-11-15T10:58:22.109+05:30  INFO 23564 --- [Profile-Service] [Thread-1] com.netflix.discovery.DiscoveryClient    : Shutting down DiscoveryClient ...
2024-11-15T10:58:25.117+05:30  INFO 23564 --- [Profile-Service] [Thread-1] com.netflix.discovery.DiscoveryClient    : Unregistering ...
2024-11-15T10:58:25.118+05:30  WARN 23564 --- [Profile-Service] [DiscoveryClient-%d] c.netflix.discovery.TimedSupervisorTask  : task supervisor shutting down, can't accept the task
2024-11-15T10:58:25.131+05:30  INFO 23564 --- [Profile-Service] [Thread-1] com.netflix.discovery.DiscoveryClient    : DiscoveryClient_PROFILE-SERVICE/LIN-5CG0215GZ8.corp.capgemini.com:Profile-Service:8091 - deregister  status: 200
2024-11-15T10:58:25.133+05:30  INFO 23564 --- [Profile-Service] [Thread-1] com.netflix.discovery.DiscoveryClient    : Completed shut down of DiscoveryClient
2024-11-15T10:58:45.201+05:30  INFO 23564 --- [Profile-Service] [restartedMain] c.e.profile.EShoppingZone1Application    : Starting EShoppingZone1Application using Java 21.0.5 with PID 23564 (C:\Users\ddadasop\eclipse-workspace\Shopping-Cart\Profile-Service\target\classes started by ddadasop in C:\Users\ddadasop\eclipse-workspace\Shopping-Cart\Profile-Service)
2024-11-15T10:58:45.202+05:30  INFO 23564 --- [Profile-Service] [restartedMain] c.e.profile.EShoppingZone1Application    : No active profile set, falling back to 1 default profile: "default"
2024-11-15T10:58:46.333+05:30  INFO 23564 --- [Profile-Service] [restartedMain] .s.d.r.c.RepositoryConfigurationDelegate : Bootstrapping Spring Data JPA repositories in DEFAULT mode.
2024-11-15T10:58:46.373+05:30  INFO 23564 --- [Profile-Service] [restartedMain] .s.d.r.c.RepositoryConfigurationDelegate : Finished Spring Data repository scanning in 39 ms. Found 1 JPA repository interface.
2024-11-15T10:58:46.977+05:30  INFO 23564 --- [Profile-Service] [restartedMain] o.s.cloud.context.scope.GenericScope     : BeanFactory id=adbc6b87-b443-3617-9c3e-b5840f4d0fcd
2024-11-15T10:58:47.063+05:30  WARN 23564 --- [Profile-Service] [restartedMain] trationDelegate$BeanPostProcessorChecker : Bean 'org.springframework.cloud.client.loadbalancer.LoadBalancerAutoConfiguration$DeferringLoadBalancerInterceptorConfig' of type [org.springframework.cloud.client.loadbalancer.LoadBalancerAutoConfiguration$DeferringLoadBalancerInterceptorConfig] is not eligible for getting processed by all BeanPostProcessors (for example: not eligible for auto-proxying). The currently created BeanPostProcessor [lbRestClientPostProcessor] is declared through a non-static factory method on that class; consider declaring it as static instead.
2024-11-15T10:58:47.066+05:30  WARN 23564 --- [Profile-Service] [restartedMain] trationDelegate$BeanPostProcessorChecker : Bean 'deferringLoadBalancerInterceptor' of type [org.springframework.cloud.client.loadbalancer.DeferringLoadBalancerInterceptor] is not eligible for getting processed by all BeanPostProcessors (for example: not eligible for auto-proxying). Is this bean getting eagerly injected/applied to a currently created BeanPostProcessor [lbRestClientPostProcessor]? Check the corresponding BeanPostProcessor declaration and its dependencies/advisors. If this bean does not have to be post-processed, declare it with ROLE_INFRASTRUCTURE.
2024-11-15T10:58:47.285+05:30  INFO 23564 --- [Profile-Service] [restartedMain] o.s.b.w.embedded.tomcat.TomcatWebServer  : Tomcat initialized with port 8091 (http)
2024-11-15T10:58:47.290+05:30  INFO 23564 --- [Profile-Service] [restartedMain] o.apache.catalina.core.StandardService   : Starting service [Tomcat]
2024-11-15T10:58:47.291+05:30  INFO 23564 --- [Profile-Service] [restartedMain] o.apache.catalina.core.StandardEngine    : Starting Servlet engine: [Apache Tomcat/10.1.31]
2024-11-15T10:58:47.412+05:30  INFO 23564 --- [Profile-Service] [restartedMain] o.a.c.c.C.[Tomcat-1].[localhost].[/]     : Initializing Spring embedded WebApplicationContext
2024-11-15T10:58:47.413+05:30  INFO 23564 --- [Profile-Service] [restartedMain] w.s.c.ServletWebServerApplicationContext : Root WebApplicationContext: initialization completed in 2198 ms
2024-11-15T10:58:47.570+05:30  INFO 23564 --- [Profile-Service] [restartedMain] o.hibernate.jpa.internal.util.LogHelper  : HHH000204: Processing PersistenceUnitInfo [name: default]
2024-11-15T10:58:47.581+05:30  INFO 23564 --- [Profile-Service] [restartedMain] o.h.c.internal.RegionFactoryInitiator    : HHH000026: Second-level cache disabled
2024-11-15T10:58:47.613+05:30  INFO 23564 --- [Profile-Service] [restartedMain] o.s.o.j.p.SpringPersistenceUnitInfo      : No LoadTimeWeaver setup: ignoring JPA class transformer
2024-11-15T10:58:47.624+05:30  INFO 23564 --- [Profile-Service] [restartedMain] com.zaxxer.hikari.HikariDataSource       : HikariPool-2 - Starting...
2024-11-15T10:58:47.638+05:30  INFO 23564 --- [Profile-Service] [restartedMain] com.zaxxer.hikari.pool.HikariPool        : HikariPool-2 - Added connection com.mysql.cj.jdbc.ConnectionImpl@73722b0f
2024-11-15T10:58:47.638+05:30  INFO 23564 --- [Profile-Service] [restartedMain] com.zaxxer.hikari.HikariDataSource       : HikariPool-2 - Start completed.
2024-11-15T10:58:47.640+05:30  WARN 23564 --- [Profile-Service] [restartedMain] org.hibernate.orm.deprecation            : HHH90000025: MySQL8Dialect does not need to be specified explicitly using 'hibernate.dialect' (remove the property setting and it will be selected by default)
2024-11-15T10:58:47.640+05:30  WARN 23564 --- [Profile-Service] [restartedMain] org.hibernate.orm.deprecation            : HHH90000026: MySQL8Dialect has been deprecated; use org.hibernate.dialect.MySQLDialect instead
2024-11-15T10:58:47.894+05:30  INFO 23564 --- [Profile-Service] [restartedMain] o.h.e.t.j.p.i.JtaPlatformInitiator       : HHH000489: No JTA platform available (set 'hibernate.transaction.jta.platform' to enable JTA platform integration)
2024-11-15T10:58:47.941+05:30  INFO 23564 --- [Profile-Service] [restartedMain] j.LocalContainerEntityManagerFactoryBean : Initialized JPA EntityManagerFactory for persistence unit 'default'
2024-11-15T10:58:48.413+05:30  WARN 23564 --- [Profile-Service] [restartedMain] JpaBaseConfiguration$JpaWebConfiguration : spring.jpa.open-in-view is enabled by default. Therefore, database queries may be performed during view rendering. Explicitly configure spring.jpa.open-in-view to disable this warning
2024-11-15T10:58:49.415+05:30  WARN 23564 --- [Profile-Service] [restartedMain] .s.s.UserDetailsServiceAutoConfiguration : 

Using generated security password: d5148000-bb84-4b8f-949c-585b136be3c1

This generated password is for development use only. Your security configuration must be updated before running your application in production.

2024-11-15T10:58:49.455+05:30  INFO 23564 --- [Profile-Service] [restartedMain] r$InitializeUserDetailsManagerConfigurer : Global AuthenticationManager configured with UserDetailsService bean with name inMemoryUserDetailsManager
2024-11-15T10:58:49.640+05:30  WARN 23564 --- [Profile-Service] [restartedMain] o.s.b.d.a.OptionalLiveReloadServer       : Unable to start LiveReload server
2024-11-15T10:58:49.803+05:30  INFO 23564 --- [Profile-Service] [restartedMain] DiscoveryClientOptionalArgsConfiguration : Eureka HTTP Client uses RestTemplate.
2024-11-15T10:58:49.864+05:30  WARN 23564 --- [Profile-Service] [restartedMain] iguration$LoadBalancerCaffeineWarnLogger : Spring Cloud LoadBalancer is currently working with the default cache. While this cache implementation is useful for development and tests, it's recommended to use Caffeine cache in production.You can switch to using Caffeine cache, by adding it and org.springframework.cache.caffeine.CaffeineCacheManager to the classpath.
2024-11-15T10:58:49.977+05:30  INFO 23564 --- [Profile-Service] [restartedMain] o.s.c.n.eureka.InstanceInfoFactory       : Setting initial instance status as: STARTING
2024-11-15T10:58:49.992+05:30  INFO 23564 --- [Profile-Service] [restartedMain] com.netflix.discovery.DiscoveryClient    : Initializing Eureka in region us-east-1
2024-11-15T10:58:49.993+05:30  INFO 23564 --- [Profile-Service] [restartedMain] c.n.d.s.r.aws.ConfigClusterResolver      : Resolving eureka endpoints via configuration
2024-11-15T10:58:49.995+05:30  INFO 23564 --- [Profile-Service] [restartedMain] com.netflix.discovery.DiscoveryClient    : Disable delta property : false
2024-11-15T10:58:49.995+05:30  INFO 23564 --- [Profile-Service] [restartedMain] com.netflix.discovery.DiscoveryClient    : Single vip registry refresh property : null
2024-11-15T10:58:49.996+05:30  INFO 23564 --- [Profile-Service] [restartedMain] com.netflix.discovery.DiscoveryClient    : Force full registry fetch : false
2024-11-15T10:58:49.996+05:30  INFO 23564 --- [Profile-Service] [restartedMain] com.netflix.discovery.DiscoveryClient    : Application is null : false
2024-11-15T10:58:49.996+05:30  INFO 23564 --- [Profile-Service] [restartedMain] com.netflix.discovery.DiscoveryClient    : Registered Applications size is zero : true
2024-11-15T10:58:49.996+05:30  INFO 23564 --- [Profile-Service] [restartedMain] com.netflix.discovery.DiscoveryClient    : Application version is -1: true
2024-11-15T10:58:49.996+05:30  INFO 23564 --- [Profile-Service] [restartedMain] com.netflix.discovery.DiscoveryClient    : Getting all instance registry info from the eureka server
2024-11-15T10:58:50.148+05:30  INFO 23564 --- [Profile-Service] [restartedMain] com.netflix.discovery.DiscoveryClient    : The response status is 200
2024-11-15T10:58:50.151+05:30  INFO 23564 --- [Profile-Service] [restartedMain] com.netflix.discovery.DiscoveryClient    : Starting heartbeat executor: renew interval is: 30
2024-11-15T10:58:50.153+05:30  INFO 23564 --- [Profile-Service] [restartedMain] c.n.discovery.InstanceInfoReplicator     : InstanceInfoReplicator onDemand update allowed rate per min is 4
2024-11-15T10:58:50.154+05:30  INFO 23564 --- [Profile-Service] [restartedMain] com.netflix.discovery.DiscoveryClient    : Discovery Client initialized at timestamp 1731648530154 with initial instances count: 2
2024-11-15T10:58:50.161+05:30  INFO 23564 --- [Profile-Service] [restartedMain] o.s.c.n.e.s.EurekaServiceRegistry        : Registering application PROFILE-SERVICE with eureka with status UP
2024-11-15T10:58:50.163+05:30  INFO 23564 --- [Profile-Service] [restartedMain] com.netflix.discovery.DiscoveryClient    : Saw local status change event StatusChangeEvent [timestamp=1731648530163, current=UP, previous=STARTING]
2024-11-15T10:58:50.163+05:30  INFO 23564 --- [Profile-Service] [DiscoveryClient-InstanceInfoReplicator-%d] com.netflix.discovery.DiscoveryClient    : DiscoveryClient_PROFILE-SERVICE/LIN-5CG0215GZ8.corp.capgemini.com:Profile-Service:8091: registering service...
2024-11-15T10:58:50.196+05:30  INFO 23564 --- [Profile-Service] [DiscoveryClient-InstanceInfoReplicator-%d] com.netflix.discovery.DiscoveryClient    : DiscoveryClient_PROFILE-SERVICE/LIN-5CG0215GZ8.corp.capgemini.com:Profile-Service:8091 - registration status: 204
2024-11-15T10:58:50.206+05:30  INFO 23564 --- [Profile-Service] [restartedMain] o.s.b.w.embedded.tomcat.TomcatWebServer  : Tomcat started on port 8091 (http) with context path '/'
2024-11-15T10:58:50.207+05:30  INFO 23564 --- [Profile-Service] [restartedMain] .s.c.n.e.s.EurekaAutoServiceRegistration : Updating port to 8091
2024-11-15T10:58:50.229+05:30  INFO 23564 --- [Profile-Service] [restartedMain] c.e.profile.EShoppingZone1Application    : Started EShoppingZone1Application in 5.182 seconds (process running for 496.669)
2024-11-15T10:58:50.239+05:30  INFO 23564 --- [Profile-Service] [restartedMain] .ConditionEvaluationDeltaLoggingListener : Condition evaluation unchanged
2024-11-15T11:03:50.001+05:30  INFO 23564 --- [Profile-Service] [AsyncResolver-bootstrap-executor-%d] c.n.d.s.r.aws.ConfigClusterResolver      : Resolving eureka endpoints via configuration
2024-11-15T11:08:50.004+05:30  INFO 23564 --- [Profile-Service] [AsyncResolver-bootstrap-executor-%d] c.n.d.s.r.aws.ConfigClusterResolver      : Resolving eureka endpoints via configuration
2024-11-15T11:13:40.748+05:30  INFO 23564 --- [Profile-Service] [RMI TCP Connection(25)-127.0.0.1] inMXBeanRegistrar$SpringApplicationAdmin : Application shutdown requested.
2024-11-15T11:13:40.751+05:30  INFO 23564 --- [Profile-Service] [RMI TCP Connection(25)-127.0.0.1] o.s.c.n.e.s.EurekaServiceRegistry        : Unregistering application PROFILE-SERVICE with eureka with status DOWN
2024-11-15T11:13:40.753+05:30  INFO 23564 --- [Profile-Service] [RMI TCP Connection(25)-127.0.0.1] com.netflix.discovery.DiscoveryClient    : Saw local status change event StatusChangeEvent [timestamp=1731649420753, current=DOWN, previous=UP]
2024-11-15T11:13:40.753+05:30  INFO 23564 --- [Profile-Service] [DiscoveryClient-InstanceInfoReplicator-%d] com.netflix.discovery.DiscoveryClient    : DiscoveryClient_PROFILE-SERVICE/LIN-5CG0215GZ8.corp.capgemini.com:Profile-Service:8091: registering service...
2024-11-15T11:13:40.779+05:30  INFO 23564 --- [Profile-Service] [DiscoveryClient-InstanceInfoReplicator-%d] com.netflix.discovery.DiscoveryClient    : DiscoveryClient_PROFILE-SERVICE/LIN-5CG0215GZ8.corp.capgemini.com:Profile-Service:8091 - registration status: 204
2024-11-15T11:13:40.785+05:30  INFO 23564 --- [Profile-Service] [RMI TCP Connection(25)-127.0.0.1] j.LocalContainerEntityManagerFactoryBean : Closing JPA EntityManagerFactory for persistence unit 'default'
2024-11-15T11:13:40.788+05:30  INFO 23564 --- [Profile-Service] [RMI TCP Connection(25)-127.0.0.1] com.zaxxer.hikari.HikariDataSource       : HikariPool-2 - Shutdown initiated...
2024-11-15T11:13:40.801+05:30  INFO 23564 --- [Profile-Service] [RMI TCP Connection(25)-127.0.0.1] com.zaxxer.hikari.HikariDataSource       : HikariPool-2 - Shutdown completed.
2024-11-15T11:13:40.803+05:30  INFO 23564 --- [Profile-Service] [RMI TCP Connection(25)-127.0.0.1] com.netflix.discovery.DiscoveryClient    : Shutting down DiscoveryClient ...
2024-11-15T11:50:43.835+05:30  INFO 22712 --- [Profile-Service] [restartedMain] c.e.profile.EShoppingZone1Application    : Starting EShoppingZone1Application using Java 21.0.5 with PID 22712 (C:\Users\ddadasop\eclipse-workspace\Shopping-Cart\Profile-Service\target\classes started by ddadasop in C:\Users\ddadasop\eclipse-workspace\Shopping-Cart\Profile-Service)
2024-11-15T11:50:43.842+05:30  INFO 22712 --- [Profile-Service] [restartedMain] c.e.profile.EShoppingZone1Application    : No active profile set, falling back to 1 default profile: "default"
2024-11-15T11:50:44.045+05:30  INFO 22712 --- [Profile-Service] [restartedMain] .e.DevToolsPropertyDefaultsPostProcessor : Devtools property defaults active! Set 'spring.devtools.add-properties' to 'false' to disable
2024-11-15T11:50:44.047+05:30  INFO 22712 --- [Profile-Service] [restartedMain] .e.DevToolsPropertyDefaultsPostProcessor : For additional web related logging consider setting the 'logging.level.web' property to 'DEBUG'
2024-11-15T11:50:46.179+05:30  INFO 22712 --- [Profile-Service] [restartedMain] .s.d.r.c.RepositoryConfigurationDelegate : Bootstrapping Spring Data JPA repositories in DEFAULT mode.
2024-11-15T11:50:46.622+05:30  INFO 22712 --- [Profile-Service] [restartedMain] .s.d.r.c.RepositoryConfigurationDelegate : Finished Spring Data repository scanning in 420 ms. Found 1 JPA repository interface.
2024-11-15T11:50:48.454+05:30  INFO 22712 --- [Profile-Service] [restartedMain] o.s.cloud.context.scope.GenericScope     : BeanFactory id=17a1a849-b807-38d1-8f3c-a1cf2c326bde
2024-11-15T11:50:48.960+05:30  WARN 22712 --- [Profile-Service] [restartedMain] trationDelegate$BeanPostProcessorChecker : Bean 'org.springframework.cloud.client.loadbalancer.LoadBalancerAutoConfiguration$DeferringLoadBalancerInterceptorConfig' of type [org.springframework.cloud.client.loadbalancer.LoadBalancerAutoConfiguration$DeferringLoadBalancerInterceptorConfig] is not eligible for getting processed by all BeanPostProcessors (for example: not eligible for auto-proxying). The currently created BeanPostProcessor [lbRestClientPostProcessor] is declared through a non-static factory method on that class; consider declaring it as static instead.
2024-11-15T11:50:48.966+05:30  WARN 22712 --- [Profile-Service] [restartedMain] trationDelegate$BeanPostProcessorChecker : Bean 'deferringLoadBalancerInterceptor' of type [org.springframework.cloud.client.loadbalancer.DeferringLoadBalancerInterceptor] is not eligible for getting processed by all BeanPostProcessors (for example: not eligible for auto-proxying). Is this bean getting eagerly injected/applied to a currently created BeanPostProcessor [lbRestClientPostProcessor]? Check the corresponding BeanPostProcessor declaration and its dependencies/advisors. If this bean does not have to be post-processed, declare it with ROLE_INFRASTRUCTURE.
2024-11-15T11:50:50.012+05:30  INFO 22712 --- [Profile-Service] [restartedMain] o.s.b.w.embedded.tomcat.TomcatWebServer  : Tomcat initialized with port 8091 (http)
2024-11-15T11:50:50.071+05:30  INFO 22712 --- [Profile-Service] [restartedMain] o.apache.catalina.core.StandardService   : Starting service [Tomcat]
2024-11-15T11:50:50.072+05:30  INFO 22712 --- [Profile-Service] [restartedMain] o.apache.catalina.core.StandardEngine    : Starting Servlet engine: [Apache Tomcat/10.1.31]
2024-11-15T11:50:50.305+05:30  INFO 22712 --- [Profile-Service] [restartedMain] o.a.c.c.C.[Tomcat].[localhost].[/]       : Initializing Spring embedded WebApplicationContext
2024-11-15T11:50:50.306+05:30  INFO 22712 --- [Profile-Service] [restartedMain] w.s.c.ServletWebServerApplicationContext : Root WebApplicationContext: initialization completed in 6256 ms
2024-11-15T11:50:50.816+05:30  INFO 22712 --- [Profile-Service] [restartedMain] o.hibernate.jpa.internal.util.LogHelper  : HHH000204: Processing PersistenceUnitInfo [name: default]
2024-11-15T11:50:51.001+05:30  INFO 22712 --- [Profile-Service] [restartedMain] org.hibernate.Version                    : HHH000412: Hibernate ORM core version 6.5.3.Final
2024-11-15T11:50:51.111+05:30  INFO 22712 --- [Profile-Service] [restartedMain] o.h.c.internal.RegionFactoryInitiator    : HHH000026: Second-level cache disabled
2024-11-15T11:50:51.994+05:30  INFO 22712 --- [Profile-Service] [restartedMain] o.s.o.j.p.SpringPersistenceUnitInfo      : No LoadTimeWeaver setup: ignoring JPA class transformer
2024-11-15T11:50:52.091+05:30  INFO 22712 --- [Profile-Service] [restartedMain] com.zaxxer.hikari.HikariDataSource       : HikariPool-1 - Starting...
2024-11-15T11:50:52.544+05:30  INFO 22712 --- [Profile-Service] [restartedMain] com.zaxxer.hikari.pool.HikariPool        : HikariPool-1 - Added connection com.mysql.cj.jdbc.ConnectionImpl@281b2724
2024-11-15T11:50:52.549+05:30  INFO 22712 --- [Profile-Service] [restartedMain] com.zaxxer.hikari.HikariDataSource       : HikariPool-1 - Start completed.
2024-11-15T11:50:52.688+05:30  WARN 22712 --- [Profile-Service] [restartedMain] org.hibernate.orm.deprecation            : HHH90000025: MySQL8Dialect does not need to be specified explicitly using 'hibernate.dialect' (remove the property setting and it will be selected by default)
2024-11-15T11:50:52.692+05:30  WARN 22712 --- [Profile-Service] [restartedMain] org.hibernate.orm.deprecation            : HHH90000026: MySQL8Dialect has been deprecated; use org.hibernate.dialect.MySQLDialect instead
2024-11-15T11:50:55.477+05:30  INFO 22712 --- [Profile-Service] [restartedMain] o.h.e.t.j.p.i.JtaPlatformInitiator       : HHH000489: No JTA platform available (set 'hibernate.transaction.jta.platform' to enable JTA platform integration)
2024-11-15T11:50:55.760+05:30  INFO 22712 --- [Profile-Service] [restartedMain] j.LocalContainerEntityManagerFactoryBean : Initialized JPA EntityManagerFactory for persistence unit 'default'
2024-11-15T11:50:57.022+05:30  WARN 22712 --- [Profile-Service] [restartedMain] JpaBaseConfiguration$JpaWebConfiguration : spring.jpa.open-in-view is enabled by default. Therefore, database queries may be performed during view rendering. Explicitly configure spring.jpa.open-in-view to disable this warning
2024-11-15T11:50:58.552+05:30  WARN 22712 --- [Profile-Service] [restartedMain] .s.s.UserDetailsServiceAutoConfiguration : 

Using generated security password: 4b60b54c-1a0c-44cf-a430-96d33912fb9f

This generated password is for development use only. Your security configuration must be updated before running your application in production.

2024-11-15T11:50:58.642+05:30  INFO 22712 --- [Profile-Service] [restartedMain] r$InitializeUserDetailsManagerConfigurer : Global AuthenticationManager configured with UserDetailsService bean with name inMemoryUserDetailsManager
2024-11-15T11:50:59.221+05:30  INFO 22712 --- [Profile-Service] [restartedMain] o.s.b.d.a.OptionalLiveReloadServer       : LiveReload server is running on port 35729
2024-11-15T11:50:59.440+05:30  INFO 22712 --- [Profile-Service] [restartedMain] DiscoveryClientOptionalArgsConfiguration : Eureka HTTP Client uses RestTemplate.
2024-11-15T11:50:59.566+05:30  WARN 22712 --- [Profile-Service] [restartedMain] iguration$LoadBalancerCaffeineWarnLogger : Spring Cloud LoadBalancer is currently working with the default cache. While this cache implementation is useful for development and tests, it's recommended to use Caffeine cache in production.You can switch to using Caffeine cache, by adding it and org.springframework.cache.caffeine.CaffeineCacheManager to the classpath.
2024-11-15T11:50:59.737+05:30  INFO 22712 --- [Profile-Service] [restartedMain] o.s.c.n.eureka.InstanceInfoFactory       : Setting initial instance status as: STARTING
2024-11-15T11:50:59.834+05:30  INFO 22712 --- [Profile-Service] [restartedMain] com.netflix.discovery.DiscoveryClient    : Initializing Eureka in region us-east-1
2024-11-15T11:50:59.855+05:30  INFO 22712 --- [Profile-Service] [restartedMain] c.n.d.s.r.aws.ConfigClusterResolver      : Resolving eureka endpoints via configuration
2024-11-15T11:50:59.897+05:30  INFO 22712 --- [Profile-Service] [restartedMain] com.netflix.discovery.DiscoveryClient    : Disable delta property : false
2024-11-15T11:50:59.898+05:30  INFO 22712 --- [Profile-Service] [restartedMain] com.netflix.discovery.DiscoveryClient    : Single vip registry refresh property : null
2024-11-15T11:50:59.898+05:30  INFO 22712 --- [Profile-Service] [restartedMain] com.netflix.discovery.DiscoveryClient    : Force full registry fetch : false
2024-11-15T11:50:59.899+05:30  INFO 22712 --- [Profile-Service] [restartedMain] com.netflix.discovery.DiscoveryClient    : Application is null : false
2024-11-15T11:50:59.899+05:30  INFO 22712 --- [Profile-Service] [restartedMain] com.netflix.discovery.DiscoveryClient    : Registered Applications size is zero : true
2024-11-15T11:50:59.900+05:30  INFO 22712 --- [Profile-Service] [restartedMain] com.netflix.discovery.DiscoveryClient    : Application version is -1: true
2024-11-15T11:50:59.900+05:30  INFO 22712 --- [Profile-Service] [restartedMain] com.netflix.discovery.DiscoveryClient    : Getting all instance registry info from the eureka server
2024-11-15T11:51:01.337+05:30  INFO 22712 --- [Profile-Service] [restartedMain] com.netflix.discovery.DiscoveryClient    : The response status is 200
2024-11-15T11:51:01.343+05:30  INFO 22712 --- [Profile-Service] [restartedMain] com.netflix.discovery.DiscoveryClient    : Starting heartbeat executor: renew interval is: 30
2024-11-15T11:51:01.351+05:30  INFO 22712 --- [Profile-Service] [restartedMain] c.n.discovery.InstanceInfoReplicator     : InstanceInfoReplicator onDemand update allowed rate per min is 4
2024-11-15T11:51:01.358+05:30  INFO 22712 --- [Profile-Service] [restartedMain] com.netflix.discovery.DiscoveryClient    : Discovery Client initialized at timestamp 1731651661356 with initial instances count: 0
2024-11-15T11:51:01.372+05:30  INFO 22712 --- [Profile-Service] [restartedMain] o.s.c.n.e.s.EurekaServiceRegistry        : Registering application PROFILE-SERVICE with eureka with status UP
2024-11-15T11:51:01.375+05:30  INFO 22712 --- [Profile-Service] [restartedMain] com.netflix.discovery.DiscoveryClient    : Saw local status change event StatusChangeEvent [timestamp=1731651661375, current=UP, previous=STARTING]
2024-11-15T11:51:01.381+05:30  INFO 22712 --- [Profile-Service] [DiscoveryClient-InstanceInfoReplicator-%d] com.netflix.discovery.DiscoveryClient    : DiscoveryClient_PROFILE-SERVICE/LIN-5CG0215GZ8.corp.capgemini.com:Profile-Service:8091: registering service...
2024-11-15T11:51:01.468+05:30  INFO 22712 --- [Profile-Service] [restartedMain] o.s.b.w.embedded.tomcat.TomcatWebServer  : Tomcat started on port 8091 (http) with context path '/'
2024-11-15T11:51:01.471+05:30  INFO 22712 --- [Profile-Service] [restartedMain] .s.c.n.e.s.EurekaAutoServiceRegistration : Updating port to 8091
2024-11-15T11:51:01.512+05:30  INFO 22712 --- [Profile-Service] [restartedMain] c.e.profile.EShoppingZone1Application    : Started EShoppingZone1Application in 18.961 seconds (process running for 21.803)
2024-11-15T11:51:01.711+05:30  INFO 22712 --- [Profile-Service] [DiscoveryClient-InstanceInfoReplicator-%d] com.netflix.discovery.DiscoveryClient    : DiscoveryClient_PROFILE-SERVICE/LIN-5CG0215GZ8.corp.capgemini.com:Profile-Service:8091 - registration status: 204
2024-11-15T11:51:29.132+05:30  INFO 22712 --- [Profile-Service] [http-nio-8091-exec-1] o.a.c.c.C.[Tomcat].[localhost].[/]       : Initializing Spring DispatcherServlet 'dispatcherServlet'
2024-11-15T11:51:29.133+05:30  INFO 22712 --- [Profile-Service] [http-nio-8091-exec-1] o.s.web.servlet.DispatcherServlet        : Initializing Servlet 'dispatcherServlet'
2024-11-15T11:51:29.137+05:30  INFO 22712 --- [Profile-Service] [http-nio-8091-exec-1] o.s.web.servlet.DispatcherServlet        : Completed initialization in 2 ms
2024-11-15T11:51:31.351+05:30  INFO 22712 --- [Profile-Service] [DiscoveryClient-CacheRefreshExecutor-%d] com.netflix.discovery.DiscoveryClient    : Disable delta property : false
2024-11-15T11:51:31.352+05:30  INFO 22712 --- [Profile-Service] [DiscoveryClient-CacheRefreshExecutor-%d] com.netflix.discovery.DiscoveryClient    : Single vip registry refresh property : null
2024-11-15T11:51:31.353+05:30  INFO 22712 --- [Profile-Service] [DiscoveryClient-CacheRefreshExecutor-%d] com.netflix.discovery.DiscoveryClient    : Force full registry fetch : false
2024-11-15T11:51:31.353+05:30  INFO 22712 --- [Profile-Service] [DiscoveryClient-CacheRefreshExecutor-%d] com.netflix.discovery.DiscoveryClient    : Application is null : false
2024-11-15T11:51:31.353+05:30  INFO 22712 --- [Profile-Service] [DiscoveryClient-CacheRefreshExecutor-%d] com.netflix.discovery.DiscoveryClient    : Registered Applications size is zero : true
2024-11-15T11:51:31.354+05:30  INFO 22712 --- [Profile-Service] [DiscoveryClient-CacheRefreshExecutor-%d] com.netflix.discovery.DiscoveryClient    : Application version is -1: false
2024-11-15T11:51:31.354+05:30  INFO 22712 --- [Profile-Service] [DiscoveryClient-CacheRefreshExecutor-%d] com.netflix.discovery.DiscoveryClient    : Getting all instance registry info from the eureka server
2024-11-15T11:51:31.421+05:30  INFO 22712 --- [Profile-Service] [DiscoveryClient-CacheRefreshExecutor-%d] com.netflix.discovery.DiscoveryClient    : The response status is 200
2024-11-15T11:52:06.001+05:30  INFO 22712 --- [Profile-Service] [RMI TCP Connection(5)-127.0.0.1] inMXBeanRegistrar$SpringApplicationAdmin : Application shutdown requested.
2024-11-15T11:52:06.004+05:30  INFO 22712 --- [Profile-Service] [RMI TCP Connection(5)-127.0.0.1] o.s.c.n.e.s.EurekaServiceRegistry        : Unregistering application PROFILE-SERVICE with eureka with status DOWN
2024-11-15T11:52:06.005+05:30  INFO 22712 --- [Profile-Service] [RMI TCP Connection(5)-127.0.0.1] com.netflix.discovery.DiscoveryClient    : Saw local status change event StatusChangeEvent [timestamp=1731651726005, current=DOWN, previous=UP]
2024-11-15T11:52:06.006+05:30  INFO 22712 --- [Profile-Service] [DiscoveryClient-InstanceInfoReplicator-%d] com.netflix.discovery.DiscoveryClient    : DiscoveryClient_PROFILE-SERVICE/LIN-5CG0215GZ8.corp.capgemini.com:Profile-Service:8091: registering service...
2024-11-15T11:52:06.039+05:30  INFO 22712 --- [Profile-Service] [DiscoveryClient-InstanceInfoReplicator-%d] com.netflix.discovery.DiscoveryClient    : DiscoveryClient_PROFILE-SERVICE/LIN-5CG0215GZ8.corp.capgemini.com:Profile-Service:8091 - registration status: 204
2024-11-15T11:52:06.051+05:30  INFO 22712 --- [Profile-Service] [RMI TCP Connection(5)-127.0.0.1] j.LocalContainerEntityManagerFactoryBean : Closing JPA EntityManagerFactory for persistence unit 'default'
2024-11-15T11:52:06.064+05:30  INFO 22712 --- [Profile-Service] [RMI TCP Connection(5)-127.0.0.1] com.zaxxer.hikari.HikariDataSource       : HikariPool-1 - Shutdown initiated...
2024-11-15T11:52:06.087+05:30  INFO 22712 --- [Profile-Service] [RMI TCP Connection(5)-127.0.0.1] com.zaxxer.hikari.HikariDataSource       : HikariPool-1 - Shutdown completed.
2024-11-15T11:52:06.090+05:30  INFO 22712 --- [Profile-Service] [RMI TCP Connection(5)-127.0.0.1] com.netflix.discovery.DiscoveryClient    : Shutting down DiscoveryClient ...
2024-11-15T11:53:35.718+05:30  INFO 25188 --- [Profile-Service] [restartedMain] c.e.profile.EShoppingZone1Application    : Starting EShoppingZone1Application using Java 21.0.5 with PID 25188 (C:\Users\ddadasop\eclipse-workspace\Shopping-Cart\Profile-Service\target\classes started by ddadasop in C:\Users\ddadasop\eclipse-workspace\Shopping-Cart\Profile-Service)
2024-11-15T11:53:35.727+05:30  INFO 25188 --- [Profile-Service] [restartedMain] c.e.profile.EShoppingZone1Application    : No active profile set, falling back to 1 default profile: "default"
2024-11-15T11:53:35.951+05:30  INFO 25188 --- [Profile-Service] [restartedMain] .e.DevToolsPropertyDefaultsPostProcessor : Devtools property defaults active! Set 'spring.devtools.add-properties' to 'false' to disable
2024-11-15T11:53:35.952+05:30  INFO 25188 --- [Profile-Service] [restartedMain] .e.DevToolsPropertyDefaultsPostProcessor : For additional web related logging consider setting the 'logging.level.web' property to 'DEBUG'
2024-11-15T11:53:38.046+05:30  INFO 25188 --- [Profile-Service] [restartedMain] .s.d.r.c.RepositoryConfigurationDelegate : Bootstrapping Spring Data JPA repositories in DEFAULT mode.
2024-11-15T11:53:38.528+05:30  INFO 25188 --- [Profile-Service] [restartedMain] .s.d.r.c.RepositoryConfigurationDelegate : Finished Spring Data repository scanning in 461 ms. Found 1 JPA repository interface.
2024-11-15T11:53:40.305+05:30  INFO 25188 --- [Profile-Service] [restartedMain] o.s.cloud.context.scope.GenericScope     : BeanFactory id=17a1a849-b807-38d1-8f3c-a1cf2c326bde
2024-11-15T11:53:40.978+05:30  WARN 25188 --- [Profile-Service] [restartedMain] trationDelegate$BeanPostProcessorChecker : Bean 'org.springframework.cloud.client.loadbalancer.LoadBalancerAutoConfiguration$DeferringLoadBalancerInterceptorConfig' of type [org.springframework.cloud.client.loadbalancer.LoadBalancerAutoConfiguration$DeferringLoadBalancerInterceptorConfig] is not eligible for getting processed by all BeanPostProcessors (for example: not eligible for auto-proxying). The currently created BeanPostProcessor [lbRestClientPostProcessor] is declared through a non-static factory method on that class; consider declaring it as static instead.
2024-11-15T11:53:40.985+05:30  WARN 25188 --- [Profile-Service] [restartedMain] trationDelegate$BeanPostProcessorChecker : Bean 'deferringLoadBalancerInterceptor' of type [org.springframework.cloud.client.loadbalancer.DeferringLoadBalancerInterceptor] is not eligible for getting processed by all BeanPostProcessors (for example: not eligible for auto-proxying). Is this bean getting eagerly injected/applied to a currently created BeanPostProcessor [lbRestClientPostProcessor]? Check the corresponding BeanPostProcessor declaration and its dependencies/advisors. If this bean does not have to be post-processed, declare it with ROLE_INFRASTRUCTURE.
2024-11-15T11:53:42.074+05:30  INFO 25188 --- [Profile-Service] [restartedMain] o.s.b.w.embedded.tomcat.TomcatWebServer  : Tomcat initialized with port 8091 (http)
2024-11-15T11:53:42.114+05:30  INFO 25188 --- [Profile-Service] [restartedMain] o.apache.catalina.core.StandardService   : Starting service [Tomcat]
2024-11-15T11:53:42.117+05:30  INFO 25188 --- [Profile-Service] [restartedMain] o.apache.catalina.core.StandardEngine    : Starting Servlet engine: [Apache Tomcat/10.1.31]
2024-11-15T11:53:42.331+05:30  INFO 25188 --- [Profile-Service] [restartedMain] o.a.c.c.C.[Tomcat].[localhost].[/]       : Initializing Spring embedded WebApplicationContext
2024-11-15T11:53:42.332+05:30  INFO 25188 --- [Profile-Service] [restartedMain] w.s.c.ServletWebServerApplicationContext : Root WebApplicationContext: initialization completed in 6378 ms
2024-11-15T11:53:42.801+05:30  INFO 25188 --- [Profile-Service] [restartedMain] o.hibernate.jpa.internal.util.LogHelper  : HHH000204: Processing PersistenceUnitInfo [name: default]
2024-11-15T11:53:42.978+05:30  INFO 25188 --- [Profile-Service] [restartedMain] org.hibernate.Version                    : HHH000412: Hibernate ORM core version 6.5.3.Final
2024-11-15T11:53:43.102+05:30  INFO 25188 --- [Profile-Service] [restartedMain] o.h.c.internal.RegionFactoryInitiator    : HHH000026: Second-level cache disabled
2024-11-15T11:53:43.959+05:30  INFO 25188 --- [Profile-Service] [restartedMain] o.s.o.j.p.SpringPersistenceUnitInfo      : No LoadTimeWeaver setup: ignoring JPA class transformer
2024-11-15T11:53:44.058+05:30  INFO 25188 --- [Profile-Service] [restartedMain] com.zaxxer.hikari.HikariDataSource       : HikariPool-1 - Starting...
2024-11-15T11:53:44.572+05:30  INFO 25188 --- [Profile-Service] [restartedMain] com.zaxxer.hikari.pool.HikariPool        : HikariPool-1 - Added connection com.mysql.cj.jdbc.ConnectionImpl@1c11254
2024-11-15T11:53:44.580+05:30  INFO 25188 --- [Profile-Service] [restartedMain] com.zaxxer.hikari.HikariDataSource       : HikariPool-1 - Start completed.
2024-11-15T11:53:44.743+05:30  WARN 25188 --- [Profile-Service] [restartedMain] org.hibernate.orm.deprecation            : HHH90000025: MySQL8Dialect does not need to be specified explicitly using 'hibernate.dialect' (remove the property setting and it will be selected by default)
2024-11-15T11:53:44.748+05:30  WARN 25188 --- [Profile-Service] [restartedMain] org.hibernate.orm.deprecation            : HHH90000026: MySQL8Dialect has been deprecated; use org.hibernate.dialect.MySQLDialect instead
2024-11-15T11:53:47.556+05:30  INFO 25188 --- [Profile-Service] [restartedMain] o.h.e.t.j.p.i.JtaPlatformInitiator       : HHH000489: No JTA platform available (set 'hibernate.transaction.jta.platform' to enable JTA platform integration)
2024-11-15T11:53:47.871+05:30  INFO 25188 --- [Profile-Service] [restartedMain] j.LocalContainerEntityManagerFactoryBean : Initialized JPA EntityManagerFactory for persistence unit 'default'
2024-11-15T11:53:49.191+05:30  WARN 25188 --- [Profile-Service] [restartedMain] JpaBaseConfiguration$JpaWebConfiguration : spring.jpa.open-in-view is enabled by default. Therefore, database queries may be performed during view rendering. Explicitly configure spring.jpa.open-in-view to disable this warning
2024-11-15T11:53:50.739+05:30  WARN 25188 --- [Profile-Service] [restartedMain] .s.s.UserDetailsServiceAutoConfiguration : 

Using generated security password: 85f7ad0b-2111-4d88-99b6-c936737f63c7

This generated password is for development use only. Your security configuration must be updated before running your application in production.

2024-11-15T11:53:50.813+05:30  INFO 25188 --- [Profile-Service] [restartedMain] r$InitializeUserDetailsManagerConfigurer : Global AuthenticationManager configured with UserDetailsService bean with name inMemoryUserDetailsManager
2024-11-15T11:53:51.335+05:30  INFO 25188 --- [Profile-Service] [restartedMain] o.s.b.d.a.OptionalLiveReloadServer       : LiveReload server is running on port 35729
2024-11-15T11:53:51.555+05:30  INFO 25188 --- [Profile-Service] [restartedMain] DiscoveryClientOptionalArgsConfiguration : Eureka HTTP Client uses RestTemplate.
2024-11-15T11:53:51.724+05:30  WARN 25188 --- [Profile-Service] [restartedMain] iguration$LoadBalancerCaffeineWarnLogger : Spring Cloud LoadBalancer is currently working with the default cache. While this cache implementation is useful for development and tests, it's recommended to use Caffeine cache in production.You can switch to using Caffeine cache, by adding it and org.springframework.cache.caffeine.CaffeineCacheManager to the classpath.
2024-11-15T11:53:51.952+05:30  INFO 25188 --- [Profile-Service] [restartedMain] o.s.c.n.eureka.InstanceInfoFactory       : Setting initial instance status as: STARTING
2024-11-15T11:53:52.083+05:30  INFO 25188 --- [Profile-Service] [restartedMain] com.netflix.discovery.DiscoveryClient    : Initializing Eureka in region us-east-1
2024-11-15T11:53:52.106+05:30  INFO 25188 --- [Profile-Service] [restartedMain] c.n.d.s.r.aws.ConfigClusterResolver      : Resolving eureka endpoints via configuration
2024-11-15T11:53:52.149+05:30  INFO 25188 --- [Profile-Service] [restartedMain] com.netflix.discovery.DiscoveryClient    : Disable delta property : false
2024-11-15T11:53:52.150+05:30  INFO 25188 --- [Profile-Service] [restartedMain] com.netflix.discovery.DiscoveryClient    : Single vip registry refresh property : null
2024-11-15T11:53:52.151+05:30  INFO 25188 --- [Profile-Service] [restartedMain] com.netflix.discovery.DiscoveryClient    : Force full registry fetch : false
2024-11-15T11:53:52.151+05:30  INFO 25188 --- [Profile-Service] [restartedMain] com.netflix.discovery.DiscoveryClient    : Application is null : false
2024-11-15T11:53:52.152+05:30  INFO 25188 --- [Profile-Service] [restartedMain] com.netflix.discovery.DiscoveryClient    : Registered Applications size is zero : true
2024-11-15T11:53:52.152+05:30  INFO 25188 --- [Profile-Service] [restartedMain] com.netflix.discovery.DiscoveryClient    : Application version is -1: true
2024-11-15T11:53:52.153+05:30  INFO 25188 --- [Profile-Service] [restartedMain] com.netflix.discovery.DiscoveryClient    : Getting all instance registry info from the eureka server
2024-11-15T11:53:53.531+05:30  INFO 25188 --- [Profile-Service] [restartedMain] com.netflix.discovery.DiscoveryClient    : The response status is 200
2024-11-15T11:53:53.537+05:30  INFO 25188 --- [Profile-Service] [restartedMain] com.netflix.discovery.DiscoveryClient    : Starting heartbeat executor: renew interval is: 30
2024-11-15T11:53:53.543+05:30  INFO 25188 --- [Profile-Service] [restartedMain] c.n.discovery.InstanceInfoReplicator     : InstanceInfoReplicator onDemand update allowed rate per min is 4
2024-11-15T11:53:53.549+05:30  INFO 25188 --- [Profile-Service] [restartedMain] com.netflix.discovery.DiscoveryClient    : Discovery Client initialized at timestamp 1731651833547 with initial instances count: 1
2024-11-15T11:53:53.560+05:30  INFO 25188 --- [Profile-Service] [restartedMain] o.s.c.n.e.s.EurekaServiceRegistry        : Registering application PROFILE-SERVICE with eureka with status UP
2024-11-15T11:53:53.562+05:30  INFO 25188 --- [Profile-Service] [restartedMain] com.netflix.discovery.DiscoveryClient    : Saw local status change event StatusChangeEvent [timestamp=1731651833562, current=UP, previous=STARTING]
2024-11-15T11:53:53.568+05:30  INFO 25188 --- [Profile-Service] [DiscoveryClient-InstanceInfoReplicator-%d] com.netflix.discovery.DiscoveryClient    : DiscoveryClient_PROFILE-SERVICE/LIN-5CG0215GZ8.corp.capgemini.com:Profile-Service:8091: registering service...
2024-11-15T11:53:53.652+05:30  INFO 25188 --- [Profile-Service] [restartedMain] o.s.b.w.embedded.tomcat.TomcatWebServer  : Tomcat started on port 8091 (http) with context path '/'
2024-11-15T11:53:53.655+05:30  INFO 25188 --- [Profile-Service] [restartedMain] .s.c.n.e.s.EurekaAutoServiceRegistration : Updating port to 8091
2024-11-15T11:53:53.702+05:30  INFO 25188 --- [Profile-Service] [restartedMain] c.e.profile.EShoppingZone1Application    : Started EShoppingZone1Application in 19.375 seconds (process running for 22.166)
2024-11-15T11:53:53.711+05:30  INFO 25188 --- [Profile-Service] [DiscoveryClient-InstanceInfoReplicator-%d] com.netflix.discovery.DiscoveryClient    : DiscoveryClient_PROFILE-SERVICE/LIN-5CG0215GZ8.corp.capgemini.com:Profile-Service:8091 - registration status: 204
2024-11-15T11:54:16.853+05:30  INFO 25188 --- [Profile-Service] [http-nio-8091-exec-46] o.a.c.c.C.[Tomcat].[localhost].[/]       : Initializing Spring DispatcherServlet 'dispatcherServlet'
2024-11-15T11:54:16.854+05:30  INFO 25188 --- [Profile-Service] [http-nio-8091-exec-46] o.s.web.servlet.DispatcherServlet        : Initializing Servlet 'dispatcherServlet'
2024-11-15T11:54:16.859+05:30  INFO 25188 --- [Profile-Service] [http-nio-8091-exec-46] o.s.web.servlet.DispatcherServlet        : Completed initialization in 5 ms
2024-11-15T11:55:16.838+05:30  INFO 25188 --- [Profile-Service] [File Watcher] rtingClassPathChangeChangedEventListener : Restarting due to 1 class path change (0 additions, 0 deletions, 1 modification)
2024-11-15T11:55:16.844+05:30  INFO 25188 --- [Profile-Service] [Thread-6] o.s.c.n.e.s.EurekaServiceRegistry        : Unregistering application PROFILE-SERVICE with eureka with status DOWN
2024-11-15T11:55:16.845+05:30  INFO 25188 --- [Profile-Service] [Thread-6] com.netflix.discovery.DiscoveryClient    : Saw local status change event StatusChangeEvent [timestamp=1731651916845, current=DOWN, previous=UP]
2024-11-15T11:55:16.846+05:30  INFO 25188 --- [Profile-Service] [DiscoveryClient-InstanceInfoReplicator-%d] com.netflix.discovery.DiscoveryClient    : DiscoveryClient_PROFILE-SERVICE/LIN-5CG0215GZ8.corp.capgemini.com:Profile-Service:8091: registering service...
2024-11-15T11:55:16.876+05:30  INFO 25188 --- [Profile-Service] [DiscoveryClient-InstanceInfoReplicator-%d] com.netflix.discovery.DiscoveryClient    : DiscoveryClient_PROFILE-SERVICE/LIN-5CG0215GZ8.corp.capgemini.com:Profile-Service:8091 - registration status: 204
2024-11-15T11:55:16.904+05:30  INFO 25188 --- [Profile-Service] [Thread-6] j.LocalContainerEntityManagerFactoryBean : Closing JPA EntityManagerFactory for persistence unit 'default'
2024-11-15T11:55:16.918+05:30  INFO 25188 --- [Profile-Service] [Thread-6] com.zaxxer.hikari.HikariDataSource       : HikariPool-1 - Shutdown initiated...
2024-11-15T11:55:16.955+05:30  INFO 25188 --- [Profile-Service] [Thread-6] com.zaxxer.hikari.HikariDataSource       : HikariPool-1 - Shutdown completed.
2024-11-15T11:55:16.957+05:30  INFO 25188 --- [Profile-Service] [Thread-6] com.netflix.discovery.DiscoveryClient    : Shutting down DiscoveryClient ...
2024-11-15T11:55:19.971+05:30  INFO 25188 --- [Profile-Service] [Thread-6] com.netflix.discovery.DiscoveryClient    : Unregistering ...
2024-11-15T11:55:20.000+05:30  INFO 25188 --- [Profile-Service] [Thread-6] com.netflix.discovery.DiscoveryClient    : DiscoveryClient_PROFILE-SERVICE/LIN-5CG0215GZ8.corp.capgemini.com:Profile-Service:8091 - deregister  status: 200
2024-11-15T11:55:20.002+05:30  INFO 25188 --- [Profile-Service] [Thread-6] com.netflix.discovery.DiscoveryClient    : Completed shut down of DiscoveryClient
2024-11-15T11:55:20.471+05:30  INFO 25188 --- [Profile-Service] [restartedMain] c.e.profile.EShoppingZone1Application    : Starting EShoppingZone1Application using Java 21.0.5 with PID 25188 (C:\Users\ddadasop\eclipse-workspace\Shopping-Cart\Profile-Service\target\classes started by ddadasop in C:\Users\ddadasop\eclipse-workspace\Shopping-Cart\Profile-Service)
2024-11-15T11:55:20.472+05:30  INFO 25188 --- [Profile-Service] [restartedMain] c.e.profile.EShoppingZone1Application    : No active profile set, falling back to 1 default profile: "default"
2024-11-15T11:55:21.340+05:30  INFO 25188 --- [Profile-Service] [restartedMain] .s.d.r.c.RepositoryConfigurationDelegate : Bootstrapping Spring Data JPA repositories in DEFAULT mode.
2024-11-15T11:55:21.394+05:30  INFO 25188 --- [Profile-Service] [restartedMain] .s.d.r.c.RepositoryConfigurationDelegate : Finished Spring Data repository scanning in 52 ms. Found 1 JPA repository interface.
2024-11-15T11:55:22.004+05:30  INFO 25188 --- [Profile-Service] [restartedMain] o.s.cloud.context.scope.GenericScope     : BeanFactory id=17a1a849-b807-38d1-8f3c-a1cf2c326bde
2024-11-15T11:55:22.094+05:30  WARN 25188 --- [Profile-Service] [restartedMain] trationDelegate$BeanPostProcessorChecker : Bean 'org.springframework.cloud.client.loadbalancer.LoadBalancerAutoConfiguration$DeferringLoadBalancerInterceptorConfig' of type [org.springframework.cloud.client.loadbalancer.LoadBalancerAutoConfiguration$DeferringLoadBalancerInterceptorConfig] is not eligible for getting processed by all BeanPostProcessors (for example: not eligible for auto-proxying). The currently created BeanPostProcessor [lbRestClientPostProcessor] is declared through a non-static factory method on that class; consider declaring it as static instead.
2024-11-15T11:55:22.099+05:30  WARN 25188 --- [Profile-Service] [restartedMain] trationDelegate$BeanPostProcessorChecker : Bean 'deferringLoadBalancerInterceptor' of type [org.springframework.cloud.client.loadbalancer.DeferringLoadBalancerInterceptor] is not eligible for getting processed by all BeanPostProcessors (for example: not eligible for auto-proxying). Is this bean getting eagerly injected/applied to a currently created BeanPostProcessor [lbRestClientPostProcessor]? Check the corresponding BeanPostProcessor declaration and its dependencies/advisors. If this bean does not have to be post-processed, declare it with ROLE_INFRASTRUCTURE.
2024-11-15T11:55:22.353+05:30  INFO 25188 --- [Profile-Service] [restartedMain] o.s.b.w.embedded.tomcat.TomcatWebServer  : Tomcat initialized with port 8091 (http)
2024-11-15T11:55:22.359+05:30  INFO 25188 --- [Profile-Service] [restartedMain] o.apache.catalina.core.StandardService   : Starting service [Tomcat]
2024-11-15T11:55:22.360+05:30  INFO 25188 --- [Profile-Service] [restartedMain] o.apache.catalina.core.StandardEngine    : Starting Servlet engine: [Apache Tomcat/10.1.31]
2024-11-15T11:55:22.509+05:30  INFO 25188 --- [Profile-Service] [restartedMain] o.a.c.c.C.[Tomcat].[localhost].[/]       : Initializing Spring embedded WebApplicationContext
2024-11-15T11:55:22.510+05:30  INFO 25188 --- [Profile-Service] [restartedMain] w.s.c.ServletWebServerApplicationContext : Root WebApplicationContext: initialization completed in 2025 ms
2024-11-15T11:55:22.698+05:30  INFO 25188 --- [Profile-Service] [restartedMain] o.hibernate.jpa.internal.util.LogHelper  : HHH000204: Processing PersistenceUnitInfo [name: default]
2024-11-15T11:55:22.713+05:30  INFO 25188 --- [Profile-Service] [restartedMain] o.h.c.internal.RegionFactoryInitiator    : HHH000026: Second-level cache disabled
2024-11-15T11:55:22.752+05:30  INFO 25188 --- [Profile-Service] [restartedMain] o.s.o.j.p.SpringPersistenceUnitInfo      : No LoadTimeWeaver setup: ignoring JPA class transformer
2024-11-15T11:55:22.756+05:30  INFO 25188 --- [Profile-Service] [restartedMain] com.zaxxer.hikari.HikariDataSource       : HikariPool-2 - Starting...
2024-11-15T11:55:22.772+05:30  INFO 25188 --- [Profile-Service] [restartedMain] com.zaxxer.hikari.pool.HikariPool        : HikariPool-2 - Added connection com.mysql.cj.jdbc.ConnectionImpl@5bbb6569
2024-11-15T11:55:22.773+05:30  INFO 25188 --- [Profile-Service] [restartedMain] com.zaxxer.hikari.HikariDataSource       : HikariPool-2 - Start completed.
2024-11-15T11:55:22.774+05:30  WARN 25188 --- [Profile-Service] [restartedMain] org.hibernate.orm.deprecation            : HHH90000025: MySQL8Dialect does not need to be specified explicitly using 'hibernate.dialect' (remove the property setting and it will be selected by default)
2024-11-15T11:55:22.775+05:30  WARN 25188 --- [Profile-Service] [restartedMain] org.hibernate.orm.deprecation            : HHH90000026: MySQL8Dialect has been deprecated; use org.hibernate.dialect.MySQLDialect instead
2024-11-15T11:55:23.023+05:30  INFO 25188 --- [Profile-Service] [restartedMain] o.h.e.t.j.p.i.JtaPlatformInitiator       : HHH000489: No JTA platform available (set 'hibernate.transaction.jta.platform' to enable JTA platform integration)
2024-11-15T11:55:23.077+05:30  INFO 25188 --- [Profile-Service] [restartedMain] j.LocalContainerEntityManagerFactoryBean : Initialized JPA EntityManagerFactory for persistence unit 'default'
2024-11-15T11:55:23.421+05:30  WARN 25188 --- [Profile-Service] [restartedMain] JpaBaseConfiguration$JpaWebConfiguration : spring.jpa.open-in-view is enabled by default. Therefore, database queries may be performed during view rendering. Explicitly configure spring.jpa.open-in-view to disable this warning
2024-11-15T11:55:24.027+05:30  WARN 25188 --- [Profile-Service] [restartedMain] .s.s.UserDetailsServiceAutoConfiguration : 

Using generated security password: 8ff12781-9cfa-4431-a815-42bdf113955e

This generated password is for development use only. Your security configuration must be updated before running your application in production.

2024-11-15T11:55:24.033+05:30  INFO 25188 --- [Profile-Service] [restartedMain] r$InitializeUserDetailsManagerConfigurer : Global AuthenticationManager configured with UserDetailsService bean with name inMemoryUserDetailsManager
2024-11-15T11:55:24.169+05:30  INFO 25188 --- [Profile-Service] [restartedMain] o.s.b.d.a.OptionalLiveReloadServer       : LiveReload server is running on port 35729
2024-11-15T11:55:24.293+05:30  INFO 25188 --- [Profile-Service] [restartedMain] DiscoveryClientOptionalArgsConfiguration : Eureka HTTP Client uses RestTemplate.
2024-11-15T11:55:24.350+05:30  WARN 25188 --- [Profile-Service] [restartedMain] iguration$LoadBalancerCaffeineWarnLogger : Spring Cloud LoadBalancer is currently working with the default cache. While this cache implementation is useful for development and tests, it's recommended to use Caffeine cache in production.You can switch to using Caffeine cache, by adding it and org.springframework.cache.caffeine.CaffeineCacheManager to the classpath.
2024-11-15T11:55:24.426+05:30  INFO 25188 --- [Profile-Service] [restartedMain] o.s.c.n.eureka.InstanceInfoFactory       : Setting initial instance status as: STARTING
2024-11-15T11:55:24.436+05:30  INFO 25188 --- [Profile-Service] [restartedMain] com.netflix.discovery.DiscoveryClient    : Initializing Eureka in region us-east-1
2024-11-15T11:55:24.437+05:30  INFO 25188 --- [Profile-Service] [restartedMain] c.n.d.s.r.aws.ConfigClusterResolver      : Resolving eureka endpoints via configuration
2024-11-15T11:55:24.438+05:30  INFO 25188 --- [Profile-Service] [restartedMain] com.netflix.discovery.DiscoveryClient    : Disable delta property : false
2024-11-15T11:55:24.438+05:30  INFO 25188 --- [Profile-Service] [restartedMain] com.netflix.discovery.DiscoveryClient    : Single vip registry refresh property : null
2024-11-15T11:55:24.438+05:30  INFO 25188 --- [Profile-Service] [restartedMain] com.netflix.discovery.DiscoveryClient    : Force full registry fetch : false
2024-11-15T11:55:24.438+05:30  INFO 25188 --- [Profile-Service] [restartedMain] com.netflix.discovery.DiscoveryClient    : Application is null : false
2024-11-15T11:55:24.439+05:30  INFO 25188 --- [Profile-Service] [restartedMain] com.netflix.discovery.DiscoveryClient    : Registered Applications size is zero : true
2024-11-15T11:55:24.439+05:30  INFO 25188 --- [Profile-Service] [restartedMain] com.netflix.discovery.DiscoveryClient    : Application version is -1: true
2024-11-15T11:55:24.439+05:30  INFO 25188 --- [Profile-Service] [restartedMain] com.netflix.discovery.DiscoveryClient    : Getting all instance registry info from the eureka server
2024-11-15T11:55:24.543+05:30  INFO 25188 --- [Profile-Service] [restartedMain] com.netflix.discovery.DiscoveryClient    : The response status is 200
2024-11-15T11:55:24.545+05:30  INFO 25188 --- [Profile-Service] [restartedMain] com.netflix.discovery.DiscoveryClient    : Starting heartbeat executor: renew interval is: 30
2024-11-15T11:55:24.547+05:30  INFO 25188 --- [Profile-Service] [restartedMain] c.n.discovery.InstanceInfoReplicator     : InstanceInfoReplicator onDemand update allowed rate per min is 4
2024-11-15T11:55:24.549+05:30  INFO 25188 --- [Profile-Service] [restartedMain] com.netflix.discovery.DiscoveryClient    : Discovery Client initialized at timestamp 1731651924549 with initial instances count: 2
2024-11-15T11:55:24.555+05:30  INFO 25188 --- [Profile-Service] [restartedMain] o.s.c.n.e.s.EurekaServiceRegistry        : Registering application PROFILE-SERVICE with eureka with status UP
2024-11-15T11:55:24.556+05:30  INFO 25188 --- [Profile-Service] [restartedMain] com.netflix.discovery.DiscoveryClient    : Saw local status change event StatusChangeEvent [timestamp=1731651924556, current=UP, previous=STARTING]
2024-11-15T11:55:24.557+05:30  INFO 25188 --- [Profile-Service] [DiscoveryClient-InstanceInfoReplicator-%d] com.netflix.discovery.DiscoveryClient    : DiscoveryClient_PROFILE-SERVICE/LIN-5CG0215GZ8.corp.capgemini.com:Profile-Service:8091: registering service...
2024-11-15T11:55:24.580+05:30  INFO 25188 --- [Profile-Service] [restartedMain] o.s.b.w.embedded.tomcat.TomcatWebServer  : Tomcat started on port 8091 (http) with context path '/'
2024-11-15T11:55:24.583+05:30  INFO 25188 --- [Profile-Service] [restartedMain] .s.c.n.e.s.EurekaAutoServiceRegistration : Updating port to 8091
2024-11-15T11:55:24.599+05:30  INFO 25188 --- [Profile-Service] [DiscoveryClient-InstanceInfoReplicator-%d] com.netflix.discovery.DiscoveryClient    : DiscoveryClient_PROFILE-SERVICE/LIN-5CG0215GZ8.corp.capgemini.com:Profile-Service:8091 - registration status: 204
2024-11-15T11:55:24.611+05:30  INFO 25188 --- [Profile-Service] [restartedMain] c.e.profile.EShoppingZone1Application    : Started EShoppingZone1Application in 4.372 seconds (process running for 113.076)
2024-11-15T11:55:24.619+05:30  INFO 25188 --- [Profile-Service] [restartedMain] .ConditionEvaluationDeltaLoggingListener : Condition evaluation unchanged
2024-11-15T11:55:28.034+05:30  INFO 25188 --- [Profile-Service] [http-nio-8091-exec-1] o.a.c.c.C.[Tomcat].[localhost].[/]       : Initializing Spring DispatcherServlet 'dispatcherServlet'
2024-11-15T11:55:28.034+05:30  INFO 25188 --- [Profile-Service] [http-nio-8091-exec-1] o.s.web.servlet.DispatcherServlet        : Initializing Servlet 'dispatcherServlet'
2024-11-15T11:55:28.038+05:30  INFO 25188 --- [Profile-Service] [http-nio-8091-exec-1] o.s.web.servlet.DispatcherServlet        : Completed initialization in 3 ms
2024-11-15T12:00:24.449+05:30  INFO 25188 --- [Profile-Service] [AsyncResolver-bootstrap-executor-%d] c.n.d.s.r.aws.ConfigClusterResolver      : Resolving eureka endpoints via configuration
2024-11-15T12:05:24.460+05:30  INFO 25188 --- [Profile-Service] [AsyncResolver-bootstrap-executor-%d] c.n.d.s.r.aws.ConfigClusterResolver      : Resolving eureka endpoints via configuration
2024-11-15T12:06:54.321+05:30  INFO 25188 --- [Profile-Service] [File Watcher] rtingClassPathChangeChangedEventListener : Restarting due to 18 class path changes (0 additions, 0 deletions, 18 modifications)
2024-11-15T12:06:54.324+05:30  INFO 25188 --- [Profile-Service] [Thread-9] o.s.c.n.e.s.EurekaServiceRegistry        : Unregistering application PROFILE-SERVICE with eureka with status DOWN
2024-11-15T12:06:54.326+05:30  INFO 25188 --- [Profile-Service] [Thread-9] com.netflix.discovery.DiscoveryClient    : Saw local status change event StatusChangeEvent [timestamp=1731652614326, current=DOWN, previous=UP]
2024-11-15T12:06:54.327+05:30  INFO 25188 --- [Profile-Service] [DiscoveryClient-InstanceInfoReplicator-%d] com.netflix.discovery.DiscoveryClient    : DiscoveryClient_PROFILE-SERVICE/LIN-5CG0215GZ8.corp.capgemini.com:Profile-Service:8091: registering service...
2024-11-15T12:06:54.343+05:30  INFO 25188 --- [Profile-Service] [DiscoveryClient-InstanceInfoReplicator-%d] com.netflix.discovery.DiscoveryClient    : DiscoveryClient_PROFILE-SERVICE/LIN-5CG0215GZ8.corp.capgemini.com:Profile-Service:8091 - registration status: 204
2024-11-15T12:06:54.358+05:30  INFO 25188 --- [Profile-Service] [Thread-9] j.LocalContainerEntityManagerFactoryBean : Closing JPA EntityManagerFactory for persistence unit 'default'
2024-11-15T12:06:54.360+05:30  INFO 25188 --- [Profile-Service] [Thread-9] com.zaxxer.hikari.HikariDataSource       : HikariPool-2 - Shutdown initiated...
2024-11-15T12:06:54.372+05:30  INFO 25188 --- [Profile-Service] [Thread-9] com.zaxxer.hikari.HikariDataSource       : HikariPool-2 - Shutdown completed.
2024-11-15T12:06:54.374+05:30  INFO 25188 --- [Profile-Service] [Thread-9] com.netflix.discovery.DiscoveryClient    : Shutting down DiscoveryClient ...
2024-11-15T12:06:57.550+05:30  WARN 25188 --- [Profile-Service] [DiscoveryClient-%d] c.netflix.discovery.TimedSupervisorTask  : task supervisor shutting down, can't accept the task
2024-11-15T12:06:57.563+05:30  INFO 25188 --- [Profile-Service] [Thread-9] com.netflix.discovery.DiscoveryClient    : Unregistering ...
2024-11-15T12:06:57.606+05:30  INFO 25188 --- [Profile-Service] [Thread-9] com.netflix.discovery.DiscoveryClient    : DiscoveryClient_PROFILE-SERVICE/LIN-5CG0215GZ8.corp.capgemini.com:Profile-Service:8091 - deregister  status: 200
2024-11-15T12:06:57.607+05:30  INFO 25188 --- [Profile-Service] [Thread-9] com.netflix.discovery.DiscoveryClient    : Completed shut down of DiscoveryClient
2024-11-15T12:06:58.061+05:30  INFO 25188 --- [Profile-Service] [restartedMain] c.e.profile.EShoppingZone1Application    : Starting EShoppingZone1Application using Java 21.0.5 with PID 25188 (C:\Users\ddadasop\eclipse-workspace\Shopping-Cart\Profile-Service\target\classes started by ddadasop in C:\Users\ddadasop\eclipse-workspace\Shopping-Cart\Profile-Service)
2024-11-15T12:06:58.066+05:30  INFO 25188 --- [Profile-Service] [restartedMain] c.e.profile.EShoppingZone1Application    : No active profile set, falling back to 1 default profile: "default"
2024-11-15T12:06:59.119+05:30  INFO 25188 --- [Profile-Service] [restartedMain] .s.d.r.c.RepositoryConfigurationDelegate : Bootstrapping Spring Data JPA repositories in DEFAULT mode.
2024-11-15T12:06:59.171+05:30  INFO 25188 --- [Profile-Service] [restartedMain] .s.d.r.c.RepositoryConfigurationDelegate : Finished Spring Data repository scanning in 51 ms. Found 1 JPA repository interface.
2024-11-15T12:06:59.851+05:30  INFO 25188 --- [Profile-Service] [restartedMain] o.s.cloud.context.scope.GenericScope     : BeanFactory id=17a1a849-b807-38d1-8f3c-a1cf2c326bde
2024-11-15T12:06:59.917+05:30  WARN 25188 --- [Profile-Service] [restartedMain] trationDelegate$BeanPostProcessorChecker : Bean 'org.springframework.cloud.client.loadbalancer.LoadBalancerAutoConfiguration$DeferringLoadBalancerInterceptorConfig' of type [org.springframework.cloud.client.loadbalancer.LoadBalancerAutoConfiguration$DeferringLoadBalancerInterceptorConfig] is not eligible for getting processed by all BeanPostProcessors (for example: not eligible for auto-proxying). The currently created BeanPostProcessor [lbRestClientPostProcessor] is declared through a non-static factory method on that class; consider declaring it as static instead.
2024-11-15T12:06:59.918+05:30  WARN 25188 --- [Profile-Service] [restartedMain] trationDelegate$BeanPostProcessorChecker : Bean 'deferringLoadBalancerInterceptor' of type [org.springframework.cloud.client.loadbalancer.DeferringLoadBalancerInterceptor] is not eligible for getting processed by all BeanPostProcessors (for example: not eligible for auto-proxying). Is this bean getting eagerly injected/applied to a currently created BeanPostProcessor [lbRestClientPostProcessor]? Check the corresponding BeanPostProcessor declaration and its dependencies/advisors. If this bean does not have to be post-processed, declare it with ROLE_INFRASTRUCTURE.
2024-11-15T12:07:00.054+05:30  INFO 25188 --- [Profile-Service] [restartedMain] o.s.b.w.embedded.tomcat.TomcatWebServer  : Tomcat initialized with port 8091 (http)
2024-11-15T12:07:00.064+05:30  INFO 25188 --- [Profile-Service] [restartedMain] o.apache.catalina.core.StandardService   : Starting service [Tomcat]
2024-11-15T12:07:00.065+05:30  INFO 25188 --- [Profile-Service] [restartedMain] o.apache.catalina.core.StandardEngine    : Starting Servlet engine: [Apache Tomcat/10.1.31]
2024-11-15T12:07:00.153+05:30  INFO 25188 --- [Profile-Service] [restartedMain] o.a.c.c.C.[Tomcat].[localhost].[/]       : Initializing Spring embedded WebApplicationContext
2024-11-15T12:07:00.154+05:30  INFO 25188 --- [Profile-Service] [restartedMain] w.s.c.ServletWebServerApplicationContext : Root WebApplicationContext: initialization completed in 2061 ms
2024-11-15T12:07:00.291+05:30  INFO 25188 --- [Profile-Service] [restartedMain] o.hibernate.jpa.internal.util.LogHelper  : HHH000204: Processing PersistenceUnitInfo [name: default]
2024-11-15T12:07:00.302+05:30  INFO 25188 --- [Profile-Service] [restartedMain] o.h.c.internal.RegionFactoryInitiator    : HHH000026: Second-level cache disabled
2024-11-15T12:07:00.334+05:30  INFO 25188 --- [Profile-Service] [restartedMain] o.s.o.j.p.SpringPersistenceUnitInfo      : No LoadTimeWeaver setup: ignoring JPA class transformer
2024-11-15T12:07:00.337+05:30  INFO 25188 --- [Profile-Service] [restartedMain] com.zaxxer.hikari.HikariDataSource       : HikariPool-3 - Starting...
2024-11-15T12:07:00.348+05:30  INFO 25188 --- [Profile-Service] [restartedMain] com.zaxxer.hikari.pool.HikariPool        : HikariPool-3 - Added connection com.mysql.cj.jdbc.ConnectionImpl@af5d175
2024-11-15T12:07:00.349+05:30  INFO 25188 --- [Profile-Service] [restartedMain] com.zaxxer.hikari.HikariDataSource       : HikariPool-3 - Start completed.
2024-11-15T12:07:00.350+05:30  WARN 25188 --- [Profile-Service] [restartedMain] org.hibernate.orm.deprecation            : HHH90000025: MySQL8Dialect does not need to be specified explicitly using 'hibernate.dialect' (remove the property setting and it will be selected by default)
2024-11-15T12:07:00.351+05:30  WARN 25188 --- [Profile-Service] [restartedMain] org.hibernate.orm.deprecation            : HHH90000026: MySQL8Dialect has been deprecated; use org.hibernate.dialect.MySQLDialect instead
2024-11-15T12:07:00.544+05:30  INFO 25188 --- [Profile-Service] [restartedMain] o.h.e.t.j.p.i.JtaPlatformInitiator       : HHH000489: No JTA platform available (set 'hibernate.transaction.jta.platform' to enable JTA platform integration)
2024-11-15T12:07:00.580+05:30  INFO 25188 --- [Profile-Service] [restartedMain] j.LocalContainerEntityManagerFactoryBean : Initialized JPA EntityManagerFactory for persistence unit 'default'
2024-11-15T12:07:00.807+05:30  WARN 25188 --- [Profile-Service] [restartedMain] JpaBaseConfiguration$JpaWebConfiguration : spring.jpa.open-in-view is enabled by default. Therefore, database queries may be performed during view rendering. Explicitly configure spring.jpa.open-in-view to disable this warning
2024-11-15T12:07:01.161+05:30  WARN 25188 --- [Profile-Service] [restartedMain] .s.s.UserDetailsServiceAutoConfiguration : 

Using generated security password: 202a9eff-d5df-4930-b11e-b255c19d6e8d

This generated password is for development use only. Your security configuration must be updated before running your application in production.

2024-11-15T12:07:01.163+05:30  INFO 25188 --- [Profile-Service] [restartedMain] r$InitializeUserDetailsManagerConfigurer : Global AuthenticationManager configured with UserDetailsService bean with name inMemoryUserDetailsManager
2024-11-15T12:07:01.250+05:30  INFO 25188 --- [Profile-Service] [restartedMain] o.s.b.d.a.OptionalLiveReloadServer       : LiveReload server is running on port 35729
2024-11-15T12:07:01.365+05:30  INFO 25188 --- [Profile-Service] [restartedMain] DiscoveryClientOptionalArgsConfiguration : Eureka HTTP Client uses RestTemplate.
2024-11-15T12:07:01.418+05:30  WARN 25188 --- [Profile-Service] [restartedMain] iguration$LoadBalancerCaffeineWarnLogger : Spring Cloud LoadBalancer is currently working with the default cache. While this cache implementation is useful for development and tests, it's recommended to use Caffeine cache in production.You can switch to using Caffeine cache, by adding it and org.springframework.cache.caffeine.CaffeineCacheManager to the classpath.
2024-11-15T12:07:01.486+05:30  INFO 25188 --- [Profile-Service] [restartedMain] o.s.c.n.eureka.InstanceInfoFactory       : Setting initial instance status as: STARTING
2024-11-15T12:07:01.495+05:30  INFO 25188 --- [Profile-Service] [restartedMain] com.netflix.discovery.DiscoveryClient    : Initializing Eureka in region us-east-1
2024-11-15T12:07:01.495+05:30  INFO 25188 --- [Profile-Service] [restartedMain] c.n.d.s.r.aws.ConfigClusterResolver      : Resolving eureka endpoints via configuration
2024-11-15T12:07:01.496+05:30  INFO 25188 --- [Profile-Service] [restartedMain] com.netflix.discovery.DiscoveryClient    : Disable delta property : false
2024-11-15T12:07:01.496+05:30  INFO 25188 --- [Profile-Service] [restartedMain] com.netflix.discovery.DiscoveryClient    : Single vip registry refresh property : null
2024-11-15T12:07:01.496+05:30  INFO 25188 --- [Profile-Service] [restartedMain] com.netflix.discovery.DiscoveryClient    : Force full registry fetch : false
2024-11-15T12:07:01.496+05:30  INFO 25188 --- [Profile-Service] [restartedMain] com.netflix.discovery.DiscoveryClient    : Application is null : false
2024-11-15T12:07:01.496+05:30  INFO 25188 --- [Profile-Service] [restartedMain] com.netflix.discovery.DiscoveryClient    : Registered Applications size is zero : true
2024-11-15T12:07:01.497+05:30  INFO 25188 --- [Profile-Service] [restartedMain] com.netflix.discovery.DiscoveryClient    : Application version is -1: true
2024-11-15T12:07:01.497+05:30  INFO 25188 --- [Profile-Service] [restartedMain] com.netflix.discovery.DiscoveryClient    : Getting all instance registry info from the eureka server
2024-11-15T12:07:01.588+05:30  INFO 25188 --- [Profile-Service] [restartedMain] com.netflix.discovery.DiscoveryClient    : The response status is 200
2024-11-15T12:07:01.589+05:30  INFO 25188 --- [Profile-Service] [restartedMain] com.netflix.discovery.DiscoveryClient    : Starting heartbeat executor: renew interval is: 30
2024-11-15T12:07:01.591+05:30  INFO 25188 --- [Profile-Service] [restartedMain] c.n.discovery.InstanceInfoReplicator     : InstanceInfoReplicator onDemand update allowed rate per min is 4
2024-11-15T12:07:01.593+05:30  INFO 25188 --- [Profile-Service] [restartedMain] com.netflix.discovery.DiscoveryClient    : Discovery Client initialized at timestamp 1731652621593 with initial instances count: 1
2024-11-15T12:07:01.600+05:30  INFO 25188 --- [Profile-Service] [restartedMain] o.s.c.n.e.s.EurekaServiceRegistry        : Registering application PROFILE-SERVICE with eureka with status UP
2024-11-15T12:07:01.600+05:30  INFO 25188 --- [Profile-Service] [restartedMain] com.netflix.discovery.DiscoveryClient    : Saw local status change event StatusChangeEvent [timestamp=1731652621600, current=UP, previous=STARTING]
2024-11-15T12:07:01.601+05:30  INFO 25188 --- [Profile-Service] [DiscoveryClient-InstanceInfoReplicator-%d] com.netflix.discovery.DiscoveryClient    : DiscoveryClient_PROFILE-SERVICE/LIN-5CG0215GZ8.corp.capgemini.com:Profile-Service:8091: registering service...
2024-11-15T12:07:01.622+05:30  INFO 25188 --- [Profile-Service] [restartedMain] o.s.b.w.embedded.tomcat.TomcatWebServer  : Tomcat started on port 8091 (http) with context path '/'
2024-11-15T12:07:01.624+05:30  INFO 25188 --- [Profile-Service] [restartedMain] .s.c.n.e.s.EurekaAutoServiceRegistration : Updating port to 8091
2024-11-15T12:07:01.631+05:30  INFO 25188 --- [Profile-Service] [DiscoveryClient-InstanceInfoReplicator-%d] com.netflix.discovery.DiscoveryClient    : DiscoveryClient_PROFILE-SERVICE/LIN-5CG0215GZ8.corp.capgemini.com:Profile-Service:8091 - registration status: 204
2024-11-15T12:07:01.641+05:30  INFO 25188 --- [Profile-Service] [restartedMain] c.e.profile.EShoppingZone1Application    : Started EShoppingZone1Application in 3.789 seconds (process running for 810.118)
2024-11-15T12:07:01.645+05:30  INFO 25188 --- [Profile-Service] [restartedMain] .ConditionEvaluationDeltaLoggingListener : Condition evaluation unchanged
2024-11-15T12:07:01.990+05:30  INFO 25188 --- [Profile-Service] [http-nio-8091-exec-1] o.a.c.c.C.[Tomcat].[localhost].[/]       : Initializing Spring DispatcherServlet 'dispatcherServlet'
2024-11-15T12:07:01.990+05:30  INFO 25188 --- [Profile-Service] [http-nio-8091-exec-1] o.s.web.servlet.DispatcherServlet        : Initializing Servlet 'dispatcherServlet'
2024-11-15T12:07:01.995+05:30  INFO 25188 --- [Profile-Service] [http-nio-8091-exec-1] o.s.web.servlet.DispatcherServlet        : Completed initialization in 4 ms
2024-11-15T12:07:20.973+05:30  INFO 25188 --- [Profile-Service] [RMI TCP Connection(17)-127.0.0.1] inMXBeanRegistrar$SpringApplicationAdmin : Application shutdown requested.
2024-11-15T12:07:20.975+05:30  INFO 25188 --- [Profile-Service] [RMI TCP Connection(17)-127.0.0.1] o.s.c.n.e.s.EurekaServiceRegistry        : Unregistering application PROFILE-SERVICE with eureka with status DOWN
2024-11-15T12:07:20.975+05:30  INFO 25188 --- [Profile-Service] [RMI TCP Connection(17)-127.0.0.1] com.netflix.discovery.DiscoveryClient    : Saw local status change event StatusChangeEvent [timestamp=1731652640975, current=DOWN, previous=UP]
2024-11-15T12:07:20.976+05:30  INFO 25188 --- [Profile-Service] [DiscoveryClient-InstanceInfoReplicator-%d] com.netflix.discovery.DiscoveryClient    : DiscoveryClient_PROFILE-SERVICE/LIN-5CG0215GZ8.corp.capgemini.com:Profile-Service:8091: registering service...
2024-11-15T12:07:20.990+05:30  INFO 25188 --- [Profile-Service] [DiscoveryClient-InstanceInfoReplicator-%d] com.netflix.discovery.DiscoveryClient    : DiscoveryClient_PROFILE-SERVICE/LIN-5CG0215GZ8.corp.capgemini.com:Profile-Service:8091 - registration status: 204
2024-11-15T12:07:20.999+05:30  INFO 25188 --- [Profile-Service] [RMI TCP Connection(17)-127.0.0.1] j.LocalContainerEntityManagerFactoryBean : Closing JPA EntityManagerFactory for persistence unit 'default'
2024-11-15T12:07:21.001+05:30  INFO 25188 --- [Profile-Service] [RMI TCP Connection(17)-127.0.0.1] com.zaxxer.hikari.HikariDataSource       : HikariPool-3 - Shutdown initiated...
2024-11-15T12:07:21.011+05:30  INFO 25188 --- [Profile-Service] [RMI TCP Connection(17)-127.0.0.1] com.zaxxer.hikari.HikariDataSource       : HikariPool-3 - Shutdown completed.
2024-11-15T12:07:21.012+05:30  INFO 25188 --- [Profile-Service] [RMI TCP Connection(17)-127.0.0.1] com.netflix.discovery.DiscoveryClient    : Shutting down DiscoveryClient ...
2024-11-15T12:07:24.014+05:30  INFO 25188 --- [Profile-Service] [RMI TCP Connection(17)-127.0.0.1] com.netflix.discovery.DiscoveryClient    : Unregistering ...
2024-11-15T12:07:24.024+05:30  INFO 25188 --- [Profile-Service] [RMI TCP Connection(17)-127.0.0.1] com.netflix.discovery.DiscoveryClient    : DiscoveryClient_PROFILE-SERVICE/LIN-5CG0215GZ8.corp.capgemini.com:Profile-Service:8091 - deregister  status: 200
2024-11-15T12:07:24.025+05:30  INFO 25188 --- [Profile-Service] [RMI TCP Connection(17)-127.0.0.1] com.netflix.discovery.DiscoveryClient    : Completed shut down of DiscoveryClient
2024-11-15T12:09:11.887+05:30  INFO 10396 --- [Profile-Service] [restartedMain] c.e.profile.EShoppingZone1Application    : Starting EShoppingZone1Application using Java 21.0.5 with PID 10396 (C:\Users\ddadasop\eclipse-workspace\Shopping-Cart\Profile-Service\target\classes started by ddadasop in C:\Users\ddadasop\eclipse-workspace\Shopping-Cart\Profile-Service)
2024-11-15T12:09:11.895+05:30  INFO 10396 --- [Profile-Service] [restartedMain] c.e.profile.EShoppingZone1Application    : No active profile set, falling back to 1 default profile: "default"
2024-11-15T12:09:12.092+05:30  INFO 10396 --- [Profile-Service] [restartedMain] .e.DevToolsPropertyDefaultsPostProcessor : Devtools property defaults active! Set 'spring.devtools.add-properties' to 'false' to disable
2024-11-15T12:09:12.093+05:30  INFO 10396 --- [Profile-Service] [restartedMain] .e.DevToolsPropertyDefaultsPostProcessor : For additional web related logging consider setting the 'logging.level.web' property to 'DEBUG'
2024-11-15T12:09:13.924+05:30  INFO 10396 --- [Profile-Service] [restartedMain] .s.d.r.c.RepositoryConfigurationDelegate : Bootstrapping Spring Data JPA repositories in DEFAULT mode.
2024-11-15T12:09:14.365+05:30  INFO 10396 --- [Profile-Service] [restartedMain] .s.d.r.c.RepositoryConfigurationDelegate : Finished Spring Data repository scanning in 419 ms. Found 1 JPA repository interface.
2024-11-15T12:09:15.901+05:30  INFO 10396 --- [Profile-Service] [restartedMain] o.s.cloud.context.scope.GenericScope     : BeanFactory id=0f888fd5-edf8-3f64-b943-6db38d830886
2024-11-15T12:09:16.364+05:30  WARN 10396 --- [Profile-Service] [restartedMain] trationDelegate$BeanPostProcessorChecker : Bean 'org.springframework.cloud.client.loadbalancer.LoadBalancerAutoConfiguration$DeferringLoadBalancerInterceptorConfig' of type [org.springframework.cloud.client.loadbalancer.LoadBalancerAutoConfiguration$DeferringLoadBalancerInterceptorConfig] is not eligible for getting processed by all BeanPostProcessors (for example: not eligible for auto-proxying). The currently created BeanPostProcessor [lbRestClientPostProcessor] is declared through a non-static factory method on that class; consider declaring it as static instead.
2024-11-15T12:09:16.371+05:30  WARN 10396 --- [Profile-Service] [restartedMain] trationDelegate$BeanPostProcessorChecker : Bean 'deferringLoadBalancerInterceptor' of type [org.springframework.cloud.client.loadbalancer.DeferringLoadBalancerInterceptor] is not eligible for getting processed by all BeanPostProcessors (for example: not eligible for auto-proxying). Is this bean getting eagerly injected/applied to a currently created BeanPostProcessor [lbRestClientPostProcessor]? Check the corresponding BeanPostProcessor declaration and its dependencies/advisors. If this bean does not have to be post-processed, declare it with ROLE_INFRASTRUCTURE.
2024-11-15T12:09:17.455+05:30  INFO 10396 --- [Profile-Service] [restartedMain] o.s.b.w.embedded.tomcat.TomcatWebServer  : Tomcat initialized with port 8091 (http)
2024-11-15T12:09:17.508+05:30  INFO 10396 --- [Profile-Service] [restartedMain] o.apache.catalina.core.StandardService   : Starting service [Tomcat]
2024-11-15T12:09:17.510+05:30  INFO 10396 --- [Profile-Service] [restartedMain] o.apache.catalina.core.StandardEngine    : Starting Servlet engine: [Apache Tomcat/10.1.31]
2024-11-15T12:09:17.791+05:30  INFO 10396 --- [Profile-Service] [restartedMain] o.a.c.c.C.[Tomcat].[localhost].[/]       : Initializing Spring embedded WebApplicationContext
2024-11-15T12:09:17.793+05:30  INFO 10396 --- [Profile-Service] [restartedMain] w.s.c.ServletWebServerApplicationContext : Root WebApplicationContext: initialization completed in 5697 ms
2024-11-15T12:09:18.341+05:30  INFO 10396 --- [Profile-Service] [restartedMain] o.hibernate.jpa.internal.util.LogHelper  : HHH000204: Processing PersistenceUnitInfo [name: default]
2024-11-15T12:09:18.523+05:30  INFO 10396 --- [Profile-Service] [restartedMain] org.hibernate.Version                    : HHH000412: Hibernate ORM core version 6.5.3.Final
2024-11-15T12:09:18.638+05:30  INFO 10396 --- [Profile-Service] [restartedMain] o.h.c.internal.RegionFactoryInitiator    : HHH000026: Second-level cache disabled
2024-11-15T12:09:19.664+05:30  INFO 10396 --- [Profile-Service] [restartedMain] o.s.o.j.p.SpringPersistenceUnitInfo      : No LoadTimeWeaver setup: ignoring JPA class transformer
2024-11-15T12:09:19.756+05:30  INFO 10396 --- [Profile-Service] [restartedMain] com.zaxxer.hikari.HikariDataSource       : HikariPool-1 - Starting...
2024-11-15T12:09:20.242+05:30  INFO 10396 --- [Profile-Service] [restartedMain] com.zaxxer.hikari.pool.HikariPool        : HikariPool-1 - Added connection com.mysql.cj.jdbc.ConnectionImpl@3ce7b038
2024-11-15T12:09:20.248+05:30  INFO 10396 --- [Profile-Service] [restartedMain] com.zaxxer.hikari.HikariDataSource       : HikariPool-1 - Start completed.
2024-11-15T12:09:20.385+05:30  WARN 10396 --- [Profile-Service] [restartedMain] org.hibernate.orm.deprecation            : HHH90000025: MySQL8Dialect does not need to be specified explicitly using 'hibernate.dialect' (remove the property setting and it will be selected by default)
2024-11-15T12:09:20.390+05:30  WARN 10396 --- [Profile-Service] [restartedMain] org.hibernate.orm.deprecation            : HHH90000026: MySQL8Dialect has been deprecated; use org.hibernate.dialect.MySQLDialect instead
2024-11-15T12:09:23.240+05:30  INFO 10396 --- [Profile-Service] [restartedMain] o.h.e.t.j.p.i.JtaPlatformInitiator       : HHH000489: No JTA platform available (set 'hibernate.transaction.jta.platform' to enable JTA platform integration)
2024-11-15T12:09:23.439+05:30  INFO 10396 --- [Profile-Service] [restartedMain] j.LocalContainerEntityManagerFactoryBean : Initialized JPA EntityManagerFactory for persistence unit 'default'
2024-11-15T12:09:24.735+05:30  WARN 10396 --- [Profile-Service] [restartedMain] JpaBaseConfiguration$JpaWebConfiguration : spring.jpa.open-in-view is enabled by default. Therefore, database queries may be performed during view rendering. Explicitly configure spring.jpa.open-in-view to disable this warning
2024-11-15T12:09:26.285+05:30  INFO 10396 --- [Profile-Service] [restartedMain] o.s.b.d.a.OptionalLiveReloadServer       : LiveReload server is running on port 35729
2024-11-15T12:09:26.492+05:30  INFO 10396 --- [Profile-Service] [restartedMain] DiscoveryClientOptionalArgsConfiguration : Eureka HTTP Client uses RestTemplate.
2024-11-15T12:09:26.625+05:30  WARN 10396 --- [Profile-Service] [restartedMain] iguration$LoadBalancerCaffeineWarnLogger : Spring Cloud LoadBalancer is currently working with the default cache. While this cache implementation is useful for development and tests, it's recommended to use Caffeine cache in production.You can switch to using Caffeine cache, by adding it and org.springframework.cache.caffeine.CaffeineCacheManager to the classpath.
2024-11-15T12:09:26.785+05:30  INFO 10396 --- [Profile-Service] [restartedMain] o.s.c.n.eureka.InstanceInfoFactory       : Setting initial instance status as: STARTING
2024-11-15T12:09:26.868+05:30  INFO 10396 --- [Profile-Service] [restartedMain] com.netflix.discovery.DiscoveryClient    : Initializing Eureka in region us-east-1
2024-11-15T12:09:26.883+05:30  INFO 10396 --- [Profile-Service] [restartedMain] c.n.d.s.r.aws.ConfigClusterResolver      : Resolving eureka endpoints via configuration
2024-11-15T12:09:26.913+05:30  INFO 10396 --- [Profile-Service] [restartedMain] com.netflix.discovery.DiscoveryClient    : Disable delta property : false
2024-11-15T12:09:26.914+05:30  INFO 10396 --- [Profile-Service] [restartedMain] com.netflix.discovery.DiscoveryClient    : Single vip registry refresh property : null
2024-11-15T12:09:26.915+05:30  INFO 10396 --- [Profile-Service] [restartedMain] com.netflix.discovery.DiscoveryClient    : Force full registry fetch : false
2024-11-15T12:09:26.915+05:30  INFO 10396 --- [Profile-Service] [restartedMain] com.netflix.discovery.DiscoveryClient    : Application is null : false
2024-11-15T12:09:26.915+05:30  INFO 10396 --- [Profile-Service] [restartedMain] com.netflix.discovery.DiscoveryClient    : Registered Applications size is zero : true
2024-11-15T12:09:26.916+05:30  INFO 10396 --- [Profile-Service] [restartedMain] com.netflix.discovery.DiscoveryClient    : Application version is -1: true
2024-11-15T12:09:26.916+05:30  INFO 10396 --- [Profile-Service] [restartedMain] com.netflix.discovery.DiscoveryClient    : Getting all instance registry info from the eureka server
2024-11-15T12:09:28.112+05:30  INFO 10396 --- [Profile-Service] [restartedMain] com.netflix.discovery.DiscoveryClient    : The response status is 200
2024-11-15T12:09:28.118+05:30  INFO 10396 --- [Profile-Service] [restartedMain] com.netflix.discovery.DiscoveryClient    : Starting heartbeat executor: renew interval is: 30
2024-11-15T12:09:28.125+05:30  INFO 10396 --- [Profile-Service] [restartedMain] c.n.discovery.InstanceInfoReplicator     : InstanceInfoReplicator onDemand update allowed rate per min is 4
2024-11-15T12:09:28.131+05:30  INFO 10396 --- [Profile-Service] [restartedMain] com.netflix.discovery.DiscoveryClient    : Discovery Client initialized at timestamp 1731652768129 with initial instances count: 1
2024-11-15T12:09:28.141+05:30  INFO 10396 --- [Profile-Service] [restartedMain] o.s.c.n.e.s.EurekaServiceRegistry        : Registering application PROFILE-SERVICE with eureka with status UP
2024-11-15T12:09:28.144+05:30  INFO 10396 --- [Profile-Service] [restartedMain] com.netflix.discovery.DiscoveryClient    : Saw local status change event StatusChangeEvent [timestamp=1731652768144, current=UP, previous=STARTING]
2024-11-15T12:09:28.149+05:30  INFO 10396 --- [Profile-Service] [DiscoveryClient-InstanceInfoReplicator-%d] com.netflix.discovery.DiscoveryClient    : DiscoveryClient_PROFILE-SERVICE/LIN-5CG0215GZ8.corp.capgemini.com:Profile-Service:8091: registering service...
2024-11-15T12:09:28.231+05:30  INFO 10396 --- [Profile-Service] [restartedMain] o.s.b.w.embedded.tomcat.TomcatWebServer  : Tomcat started on port 8091 (http) with context path '/'
2024-11-15T12:09:28.235+05:30  INFO 10396 --- [Profile-Service] [restartedMain] .s.c.n.e.s.EurekaAutoServiceRegistration : Updating port to 8091
2024-11-15T12:09:28.282+05:30  INFO 10396 --- [Profile-Service] [restartedMain] c.e.profile.EShoppingZone1Application    : Started EShoppingZone1Application in 17.588 seconds (process running for 20.385)
2024-11-15T12:09:28.287+05:30  INFO 10396 --- [Profile-Service] [DiscoveryClient-InstanceInfoReplicator-%d] com.netflix.discovery.DiscoveryClient    : DiscoveryClient_PROFILE-SERVICE/LIN-5CG0215GZ8.corp.capgemini.com:Profile-Service:8091 - registration status: 204
2024-11-15T12:10:34.227+05:30  INFO 10396 --- [Profile-Service] [http-nio-8091-exec-6] o.a.c.c.C.[Tomcat].[localhost].[/]       : Initializing Spring DispatcherServlet 'dispatcherServlet'
2024-11-15T12:10:34.228+05:30  INFO 10396 --- [Profile-Service] [http-nio-8091-exec-6] o.s.web.servlet.DispatcherServlet        : Initializing Servlet 'dispatcherServlet'
2024-11-15T12:10:34.232+05:30  INFO 10396 --- [Profile-Service] [http-nio-8091-exec-6] o.s.web.servlet.DispatcherServlet        : Completed initialization in 3 ms
