2024-11-15T10:16:22.477+05:30  INFO 20900 --- [Cart-Service] [restartedMain] c.eshopping.cart.CartServiceApplication  : Starting CartServiceApplication using Java 21.0.5 with PID 20900 (C:\Users\ddadasop\eclipse-workspace\Shopping-Cart\Cart-Service\target\classes started by ddadasop in C:\Users\ddadasop\eclipse-workspace\Shopping-Cart\Cart-Service)
2024-11-15T10:16:22.531+05:30  INFO 20900 --- [Cart-Service] [restartedMain] c.eshopping.cart.CartServiceApplication  : No active profile set, falling back to 1 default profile: "default"
2024-11-15T10:16:22.890+05:30  INFO 20900 --- [Cart-Service] [restartedMain] .e.DevToolsPropertyDefaultsPostProcessor : Devtools property defaults active! Set 'spring.devtools.add-properties' to 'false' to disable
2024-11-15T10:16:22.892+05:30  INFO 20900 --- [Cart-Service] [restartedMain] .e.DevToolsPropertyDefaultsPostProcessor : For additional web related logging consider setting the 'logging.level.web' property to 'DEBUG'
2024-11-15T10:16:24.972+05:30  INFO 20900 --- [Cart-Service] [restartedMain] .s.d.r.c.RepositoryConfigurationDelegate : Bootstrapping Spring Data JPA repositories in DEFAULT mode.
2024-11-15T10:16:25.537+05:30  INFO 20900 --- [Cart-Service] [restartedMain] .s.d.r.c.RepositoryConfigurationDelegate : Finished Spring Data repository scanning in 535 ms. Found 1 JPA repository interface.
2024-11-15T10:16:27.479+05:30  INFO 20900 --- [Cart-Service] [restartedMain] o.s.cloud.context.scope.GenericScope     : BeanFactory id=05932721-4ea8-3c0d-9b24-d40574aed3af
2024-11-15T10:16:28.198+05:30  WARN 20900 --- [Cart-Service] [restartedMain] trationDelegate$BeanPostProcessorChecker : Bean 'org.springframework.cloud.client.loadbalancer.LoadBalancerAutoConfiguration$DeferringLoadBalancerInterceptorConfig' of type [org.springframework.cloud.client.loadbalancer.LoadBalancerAutoConfiguration$DeferringLoadBalancerInterceptorConfig] is not eligible for getting processed by all BeanPostProcessors (for example: not eligible for auto-proxying). The currently created BeanPostProcessor [lbRestClientPostProcessor] is declared through a non-static factory method on that class; consider declaring it as static instead.
2024-11-15T10:16:28.209+05:30  WARN 20900 --- [Cart-Service] [restartedMain] trationDelegate$BeanPostProcessorChecker : Bean 'deferringLoadBalancerInterceptor' of type [org.springframework.cloud.client.loadbalancer.DeferringLoadBalancerInterceptor] is not eligible for getting processed by all BeanPostProcessors (for example: not eligible for auto-proxying). Is this bean getting eagerly injected/applied to a currently created BeanPostProcessor [lbRestClientPostProcessor]? Check the corresponding BeanPostProcessor declaration and its dependencies/advisors. If this bean does not have to be post-processed, declare it with ROLE_INFRASTRUCTURE.
2024-11-15T10:16:29.985+05:30  INFO 20900 --- [Cart-Service] [restartedMain] o.s.b.w.embedded.tomcat.TomcatWebServer  : Tomcat initialized with port 8093 (http)
2024-11-15T10:16:30.043+05:30  INFO 20900 --- [Cart-Service] [restartedMain] o.apache.catalina.core.StandardService   : Starting service [Tomcat]
2024-11-15T10:16:30.044+05:30  INFO 20900 --- [Cart-Service] [restartedMain] o.apache.catalina.core.StandardEngine    : Starting Servlet engine: [Apache Tomcat/10.1.31]
2024-11-15T10:16:30.390+05:30  INFO 20900 --- [Cart-Service] [restartedMain] o.a.c.c.C.[Tomcat].[localhost].[/]       : Initializing Spring embedded WebApplicationContext
2024-11-15T10:16:30.392+05:30  INFO 20900 --- [Cart-Service] [restartedMain] w.s.c.ServletWebServerApplicationContext : Root WebApplicationContext: initialization completed in 7496 ms
2024-11-15T10:16:31.098+05:30  INFO 20900 --- [Cart-Service] [restartedMain] o.hibernate.jpa.internal.util.LogHelper  : HHH000204: Processing PersistenceUnitInfo [name: default]
2024-11-15T10:16:31.423+05:30  INFO 20900 --- [Cart-Service] [restartedMain] org.hibernate.Version                    : HHH000412: Hibernate ORM core version 6.5.3.Final
2024-11-15T10:16:31.617+05:30  INFO 20900 --- [Cart-Service] [restartedMain] o.h.c.internal.RegionFactoryInitiator    : HHH000026: Second-level cache disabled
2024-11-15T10:16:33.076+05:30  INFO 20900 --- [Cart-Service] [restartedMain] o.s.o.j.p.SpringPersistenceUnitInfo      : No LoadTimeWeaver setup: ignoring JPA class transformer
2024-11-15T10:16:33.204+05:30  INFO 20900 --- [Cart-Service] [restartedMain] com.zaxxer.hikari.HikariDataSource       : HikariPool-1 - Starting...
2024-11-15T10:16:33.818+05:30  INFO 20900 --- [Cart-Service] [restartedMain] com.zaxxer.hikari.pool.HikariPool        : HikariPool-1 - Added connection com.mysql.cj.jdbc.ConnectionImpl@5cb86bbf
2024-11-15T10:16:33.825+05:30  INFO 20900 --- [Cart-Service] [restartedMain] com.zaxxer.hikari.HikariDataSource       : HikariPool-1 - Start completed.
2024-11-15T10:16:34.041+05:30  WARN 20900 --- [Cart-Service] [restartedMain] org.hibernate.orm.deprecation            : HHH90000025: MySQL8Dialect does not need to be specified explicitly using 'hibernate.dialect' (remove the property setting and it will be selected by default)
2024-11-15T10:16:34.047+05:30  WARN 20900 --- [Cart-Service] [restartedMain] org.hibernate.orm.deprecation            : HHH90000026: MySQL8Dialect has been deprecated; use org.hibernate.dialect.MySQLDialect instead
2024-11-15T10:16:37.555+05:30  INFO 20900 --- [Cart-Service] [restartedMain] o.h.e.t.j.p.i.JtaPlatformInitiator       : HHH000489: No JTA platform available (set 'hibernate.transaction.jta.platform' to enable JTA platform integration)
2024-11-15T10:16:37.804+05:30  INFO 20900 --- [Cart-Service] [restartedMain] j.LocalContainerEntityManagerFactoryBean : Initialized JPA EntityManagerFactory for persistence unit 'default'
2024-11-15T10:16:39.576+05:30  WARN 20900 --- [Cart-Service] [restartedMain] JpaBaseConfiguration$JpaWebConfiguration : spring.jpa.open-in-view is enabled by default. Therefore, database queries may be performed during view rendering. Explicitly configure spring.jpa.open-in-view to disable this warning
2024-11-15T10:16:41.812+05:30  INFO 20900 --- [Cart-Service] [restartedMain] o.s.b.d.a.OptionalLiveReloadServer       : LiveReload server is running on port 35729
2024-11-15T10:16:42.103+05:30  INFO 20900 --- [Cart-Service] [restartedMain] DiscoveryClientOptionalArgsConfiguration : Eureka HTTP Client uses RestTemplate.
2024-11-15T10:16:42.302+05:30  WARN 20900 --- [Cart-Service] [restartedMain] iguration$LoadBalancerCaffeineWarnLogger : Spring Cloud LoadBalancer is currently working with the default cache. While this cache implementation is useful for development and tests, it's recommended to use Caffeine cache in production.You can switch to using Caffeine cache, by adding it and org.springframework.cache.caffeine.CaffeineCacheManager to the classpath.
2024-11-15T10:16:42.421+05:30  INFO 20900 --- [Cart-Service] [restartedMain] o.s.c.n.eureka.InstanceInfoFactory       : Setting initial instance status as: STARTING
2024-11-15T10:16:42.606+05:30  INFO 20900 --- [Cart-Service] [restartedMain] com.netflix.discovery.DiscoveryClient    : Initializing Eureka in region us-east-1
2024-11-15T10:16:42.627+05:30  INFO 20900 --- [Cart-Service] [restartedMain] c.n.d.s.r.aws.ConfigClusterResolver      : Resolving eureka endpoints via configuration
2024-11-15T10:16:42.670+05:30  INFO 20900 --- [Cart-Service] [restartedMain] com.netflix.discovery.DiscoveryClient    : Disable delta property : false
2024-11-15T10:16:42.671+05:30  INFO 20900 --- [Cart-Service] [restartedMain] com.netflix.discovery.DiscoveryClient    : Single vip registry refresh property : null
2024-11-15T10:16:42.671+05:30  INFO 20900 --- [Cart-Service] [restartedMain] com.netflix.discovery.DiscoveryClient    : Force full registry fetch : false
2024-11-15T10:16:42.672+05:30  INFO 20900 --- [Cart-Service] [restartedMain] com.netflix.discovery.DiscoveryClient    : Application is null : false
2024-11-15T10:16:42.672+05:30  INFO 20900 --- [Cart-Service] [restartedMain] com.netflix.discovery.DiscoveryClient    : Registered Applications size is zero : true
2024-11-15T10:16:42.673+05:30  INFO 20900 --- [Cart-Service] [restartedMain] com.netflix.discovery.DiscoveryClient    : Application version is -1: true
2024-11-15T10:16:42.673+05:30  INFO 20900 --- [Cart-Service] [restartedMain] com.netflix.discovery.DiscoveryClient    : Getting all instance registry info from the eureka server
2024-11-15T10:16:44.352+05:30  INFO 20900 --- [Cart-Service] [restartedMain] com.netflix.discovery.DiscoveryClient    : The response status is 200
2024-11-15T10:16:44.359+05:30  INFO 20900 --- [Cart-Service] [restartedMain] com.netflix.discovery.DiscoveryClient    : Starting heartbeat executor: renew interval is: 30
2024-11-15T10:16:44.367+05:30  INFO 20900 --- [Cart-Service] [restartedMain] c.n.discovery.InstanceInfoReplicator     : InstanceInfoReplicator onDemand update allowed rate per min is 4
2024-11-15T10:16:44.374+05:30  INFO 20900 --- [Cart-Service] [restartedMain] com.netflix.discovery.DiscoveryClient    : Discovery Client initialized at timestamp 1731646004371 with initial instances count: 0
2024-11-15T10:16:44.387+05:30  INFO 20900 --- [Cart-Service] [restartedMain] o.s.c.n.e.s.EurekaServiceRegistry        : Registering application CART-SERVICE with eureka with status UP
2024-11-15T10:16:44.390+05:30  INFO 20900 --- [Cart-Service] [restartedMain] com.netflix.discovery.DiscoveryClient    : Saw local status change event StatusChangeEvent [timestamp=1731646004390, current=UP, previous=STARTING]
2024-11-15T10:16:44.398+05:30  INFO 20900 --- [Cart-Service] [DiscoveryClient-InstanceInfoReplicator-%d] com.netflix.discovery.DiscoveryClient    : DiscoveryClient_CART-SERVICE/LIN-5CG0215GZ8.corp.capgemini.com:Cart-Service:8093: registering service...
2024-11-15T10:16:44.500+05:30  INFO 20900 --- [Cart-Service] [restartedMain] o.s.b.w.embedded.tomcat.TomcatWebServer  : Tomcat started on port 8093 (http) with context path '/'
2024-11-15T10:16:44.504+05:30  INFO 20900 --- [Cart-Service] [restartedMain] .s.c.n.e.s.EurekaAutoServiceRegistration : Updating port to 8093
2024-11-15T10:16:44.581+05:30  INFO 20900 --- [Cart-Service] [restartedMain] c.eshopping.cart.CartServiceApplication  : Started CartServiceApplication in 24.064 seconds (process running for 26.434)
2024-11-15T10:16:44.880+05:30  INFO 20900 --- [Cart-Service] [DiscoveryClient-InstanceInfoReplicator-%d] com.netflix.discovery.DiscoveryClient    : DiscoveryClient_CART-SERVICE/LIN-5CG0215GZ8.corp.capgemini.com:Cart-Service:8093 - registration status: 204
2024-11-15T10:17:14.363+05:30  INFO 20900 --- [Cart-Service] [DiscoveryClient-CacheRefreshExecutor-%d] com.netflix.discovery.DiscoveryClient    : Disable delta property : false
2024-11-15T10:17:14.364+05:30  INFO 20900 --- [Cart-Service] [DiscoveryClient-CacheRefreshExecutor-%d] com.netflix.discovery.DiscoveryClient    : Single vip registry refresh property : null
2024-11-15T10:17:14.364+05:30  INFO 20900 --- [Cart-Service] [DiscoveryClient-CacheRefreshExecutor-%d] com.netflix.discovery.DiscoveryClient    : Force full registry fetch : false
2024-11-15T10:17:14.364+05:30  INFO 20900 --- [Cart-Service] [DiscoveryClient-CacheRefreshExecutor-%d] com.netflix.discovery.DiscoveryClient    : Application is null : false
2024-11-15T10:17:14.365+05:30  INFO 20900 --- [Cart-Service] [DiscoveryClient-CacheRefreshExecutor-%d] com.netflix.discovery.DiscoveryClient    : Registered Applications size is zero : true
2024-11-15T10:17:14.365+05:30  INFO 20900 --- [Cart-Service] [DiscoveryClient-CacheRefreshExecutor-%d] com.netflix.discovery.DiscoveryClient    : Application version is -1: false
2024-11-15T10:17:14.365+05:30  INFO 20900 --- [Cart-Service] [DiscoveryClient-CacheRefreshExecutor-%d] com.netflix.discovery.DiscoveryClient    : Getting all instance registry info from the eureka server
2024-11-15T10:17:14.494+05:30  INFO 20900 --- [Cart-Service] [DiscoveryClient-CacheRefreshExecutor-%d] com.netflix.discovery.DiscoveryClient    : The response status is 200
2024-11-15T10:21:42.683+05:30  INFO 20900 --- [Cart-Service] [AsyncResolver-bootstrap-executor-%d] c.n.d.s.r.aws.ConfigClusterResolver      : Resolving eureka endpoints via configuration
2024-11-15T10:26:42.439+05:30  INFO 20900 --- [Cart-Service] [AsyncResolver-bootstrap-executor-%d] c.n.d.s.r.aws.ConfigClusterResolver      : Resolving eureka endpoints via configuration
2024-11-15T10:31:42.428+05:30  INFO 20900 --- [Cart-Service] [AsyncResolver-bootstrap-executor-%d] c.n.d.s.r.aws.ConfigClusterResolver      : Resolving eureka endpoints via configuration
2024-11-15T10:36:42.434+05:30  INFO 20900 --- [Cart-Service] [AsyncResolver-bootstrap-executor-%d] c.n.d.s.r.aws.ConfigClusterResolver      : Resolving eureka endpoints via configuration
2024-11-15T10:41:42.442+05:30  INFO 20900 --- [Cart-Service] [AsyncResolver-bootstrap-executor-%d] c.n.d.s.r.aws.ConfigClusterResolver      : Resolving eureka endpoints via configuration
