2024-11-14T19:48:45.392+05:30  INFO 25320 --- [Wallet-Service] [restartedMain] c.e.wallet.WalletServiceApplication      : Starting WalletServiceApplication using Java 21.0.5 with PID 25320 (C:\Users\ddadasop\eclipse-workspace\Shopping-Cart\Wallet-Service\target\classes started by ddadasop in C:\Users\ddadasop\eclipse-workspace\Shopping-Cart\Wallet-Service)
2024-11-14T19:48:45.437+05:30  INFO 25320 --- [Wallet-Service] [restartedMain] c.e.wallet.WalletServiceApplication      : No active profile set, falling back to 1 default profile: "default"
2024-11-14T19:48:45.648+05:30  INFO 25320 --- [Wallet-Service] [restartedMain] .e.DevToolsPropertyDefaultsPostProcessor : Devtools property defaults active! Set 'spring.devtools.add-properties' to 'false' to disable
2024-11-14T19:48:45.651+05:30  INFO 25320 --- [Wallet-Service] [restartedMain] .e.DevToolsPropertyDefaultsPostProcessor : For additional web related logging consider setting the 'logging.level.web' property to 'DEBUG'
2024-11-14T19:48:47.285+05:30  INFO 25320 --- [Wallet-Service] [restartedMain] .s.d.r.c.RepositoryConfigurationDelegate : Bootstrapping Spring Data JPA repositories in DEFAULT mode.
2024-11-14T19:48:47.464+05:30  INFO 25320 --- [Wallet-Service] [restartedMain] .s.d.r.c.RepositoryConfigurationDelegate : Finished Spring Data repository scanning in 157 ms. Found 2 JPA repository interfaces.
2024-11-14T19:48:49.911+05:30  INFO 25320 --- [Wallet-Service] [restartedMain] o.s.b.w.embedded.tomcat.TomcatWebServer  : Tomcat initialized with port 8095 (http)
2024-11-14T19:48:49.951+05:30  INFO 25320 --- [Wallet-Service] [restartedMain] o.apache.catalina.core.StandardService   : Starting service [Tomcat]
2024-11-14T19:48:49.952+05:30  INFO 25320 --- [Wallet-Service] [restartedMain] o.apache.catalina.core.StandardEngine    : Starting Servlet engine: [Apache Tomcat/10.1.31]
2024-11-14T19:48:50.131+05:30  INFO 25320 --- [Wallet-Service] [restartedMain] o.a.c.c.C.[Tomcat].[localhost].[/]       : Initializing Spring embedded WebApplicationContext
2024-11-14T19:48:50.132+05:30  INFO 25320 --- [Wallet-Service] [restartedMain] w.s.c.ServletWebServerApplicationContext : Root WebApplicationContext: initialization completed in 4479 ms
2024-11-14T19:48:50.563+05:30  INFO 25320 --- [Wallet-Service] [restartedMain] o.hibernate.jpa.internal.util.LogHelper  : HHH000204: Processing PersistenceUnitInfo [name: default]
2024-11-14T19:48:50.742+05:30  INFO 25320 --- [Wallet-Service] [restartedMain] org.hibernate.Version                    : HHH000412: Hibernate ORM core version 6.5.3.Final
2024-11-14T19:48:50.850+05:30  INFO 25320 --- [Wallet-Service] [restartedMain] o.h.c.internal.RegionFactoryInitiator    : HHH000026: Second-level cache disabled
2024-11-14T19:48:51.713+05:30  INFO 25320 --- [Wallet-Service] [restartedMain] o.s.o.j.p.SpringPersistenceUnitInfo      : No LoadTimeWeaver setup: ignoring JPA class transformer
2024-11-14T19:48:51.823+05:30  INFO 25320 --- [Wallet-Service] [restartedMain] com.zaxxer.hikari.HikariDataSource       : HikariPool-1 - Starting...
2024-11-14T19:48:52.285+05:30  INFO 25320 --- [Wallet-Service] [restartedMain] com.zaxxer.hikari.pool.HikariPool        : HikariPool-1 - Added connection com.mysql.cj.jdbc.ConnectionImpl@36b31956
2024-11-14T19:48:52.291+05:30  INFO 25320 --- [Wallet-Service] [restartedMain] com.zaxxer.hikari.HikariDataSource       : HikariPool-1 - Start completed.
2024-11-14T19:48:52.457+05:30  WARN 25320 --- [Wallet-Service] [restartedMain] org.hibernate.orm.deprecation            : HHH90000025: MySQL8Dialect does not need to be specified explicitly using 'hibernate.dialect' (remove the property setting and it will be selected by default)
2024-11-14T19:48:52.460+05:30  WARN 25320 --- [Wallet-Service] [restartedMain] org.hibernate.orm.deprecation            : HHH90000026: MySQL8Dialect has been deprecated; use org.hibernate.dialect.MySQLDialect instead
2024-11-14T19:48:55.077+05:30  INFO 25320 --- [Wallet-Service] [restartedMain] o.h.e.t.j.p.i.JtaPlatformInitiator       : HHH000489: No JTA platform available (set 'hibernate.transaction.jta.platform' to enable JTA platform integration)
2024-11-14T19:48:55.279+05:30  INFO 25320 --- [Wallet-Service] [restartedMain] j.LocalContainerEntityManagerFactoryBean : Initialized JPA EntityManagerFactory for persistence unit 'default'
2024-11-14T19:48:56.527+05:30  WARN 25320 --- [Wallet-Service] [restartedMain] JpaBaseConfiguration$JpaWebConfiguration : spring.jpa.open-in-view is enabled by default. Therefore, database queries may be performed during view rendering. Explicitly configure spring.jpa.open-in-view to disable this warning
2024-11-14T19:48:57.724+05:30  INFO 25320 --- [Wallet-Service] [restartedMain] o.s.b.d.a.OptionalLiveReloadServer       : LiveReload server is running on port 35729
2024-11-14T19:48:57.852+05:30  INFO 25320 --- [Wallet-Service] [restartedMain] o.s.b.w.embedded.tomcat.TomcatWebServer  : Tomcat started on port 8095 (http) with context path '/'
2024-11-14T19:48:57.881+05:30  INFO 25320 --- [Wallet-Service] [restartedMain] c.e.wallet.WalletServiceApplication      : Started WalletServiceApplication in 13.601 seconds (process running for 15.897)
2024-11-14T19:49:02.310+05:30  INFO 25320 --- [Wallet-Service] [RMI TCP Connection(2)-127.0.0.1] inMXBeanRegistrar$SpringApplicationAdmin : Application shutdown requested.
2024-11-14T19:49:02.348+05:30  INFO 25320 --- [Wallet-Service] [RMI TCP Connection(2)-127.0.0.1] j.LocalContainerEntityManagerFactoryBean : Closing JPA EntityManagerFactory for persistence unit 'default'
2024-11-14T19:49:02.358+05:30  INFO 25320 --- [Wallet-Service] [RMI TCP Connection(2)-127.0.0.1] com.zaxxer.hikari.HikariDataSource       : HikariPool-1 - Shutdown initiated...
2024-11-14T19:49:02.384+05:30  INFO 25320 --- [Wallet-Service] [RMI TCP Connection(2)-127.0.0.1] com.zaxxer.hikari.HikariDataSource       : HikariPool-1 - Shutdown completed.
