2024-11-15T11:04:59.821+05:30  INFO 1664 --- [Wallet-Service] [restartedMain] c.e.wallet.WalletServiceApplication      : Starting WalletServiceApplication using Java 21.0.1 with PID 1664 (C:\Users\ddadasop\eclipse-workspace\Shopping-Cart\Wallet-Service\target\classes started by ddadasop in C:\Users\ddadasop\eclipse-workspace\Shopping-Cart)
2024-11-15T11:04:59.838+05:30  INFO 1664 --- [Wallet-Service] [restartedMain] c.e.wallet.WalletServiceApplication      : No active profile set, falling back to 1 default profile: "default"
2024-11-15T11:05:00.129+05:30  INFO 1664 --- [Wallet-Service] [restartedMain] .e.DevToolsPropertyDefaultsPostProcessor : Devtools property defaults active! Set 'spring.devtools.add-properties' to 'false' to disable
2024-11-15T11:05:00.131+05:30  INFO 1664 --- [Wallet-Service] [restartedMain] .e.DevToolsPropertyDefaultsPostProcessor : For additional web related logging consider setting the 'logging.level.web' property to 'DEBUG'
2024-11-15T11:05:02.365+05:30  INFO 1664 --- [Wallet-Service] [restartedMain] .s.d.r.c.RepositoryConfigurationDelegate : Bootstrapping Spring Data JPA repositories in DEFAULT mode.
2024-11-15T11:05:02.875+05:30  INFO 1664 --- [Wallet-Service] [restartedMain] .s.d.r.c.RepositoryConfigurationDelegate : Finished Spring Data repository scanning in 487 ms. Found 2 JPA repository interfaces.
2024-11-15T11:05:04.147+05:30  INFO 1664 --- [Wallet-Service] [restartedMain] o.s.cloud.context.scope.GenericScope     : BeanFactory id=81f020bd-f2d3-3199-aafe-330ff16e089a
2024-11-15T11:05:04.520+05:30  WARN 1664 --- [Wallet-Service] [restartedMain] trationDelegate$BeanPostProcessorChecker : Bean 'org.springframework.cloud.client.loadbalancer.LoadBalancerAutoConfiguration$DeferringLoadBalancerInterceptorConfig' of type [org.springframework.cloud.client.loadbalancer.LoadBalancerAutoConfiguration$DeferringLoadBalancerInterceptorConfig] is not eligible for getting processed by all BeanPostProcessors (for example: not eligible for auto-proxying). The currently created BeanPostProcessor [lbRestClientPostProcessor] is declared through a non-static factory method on that class; consider declaring it as static instead.
2024-11-15T11:05:04.525+05:30  WARN 1664 --- [Wallet-Service] [restartedMain] trationDelegate$BeanPostProcessorChecker : Bean 'deferringLoadBalancerInterceptor' of type [org.springframework.cloud.client.loadbalancer.DeferringLoadBalancerInterceptor] is not eligible for getting processed by all BeanPostProcessors (for example: not eligible for auto-proxying). Is this bean getting eagerly injected/applied to a currently created BeanPostProcessor [lbRestClientPostProcessor]? Check the corresponding BeanPostProcessor declaration and its dependencies/advisors. If this bean does not have to be post-processed, declare it with ROLE_INFRASTRUCTURE.
2024-11-15T11:05:05.451+05:30  INFO 1664 --- [Wallet-Service] [restartedMain] o.s.b.w.embedded.tomcat.TomcatWebServer  : Tomcat initialized with port 8095 (http)
2024-11-15T11:05:05.485+05:30  INFO 1664 --- [Wallet-Service] [restartedMain] o.apache.catalina.core.StandardService   : Starting service [Tomcat]
2024-11-15T11:05:05.486+05:30  INFO 1664 --- [Wallet-Service] [restartedMain] o.apache.catalina.core.StandardEngine    : Starting Servlet engine: [Apache Tomcat/10.1.31]
2024-11-15T11:05:05.643+05:30  INFO 1664 --- [Wallet-Service] [restartedMain] o.a.c.c.C.[Tomcat].[localhost].[/]       : Initializing Spring embedded WebApplicationContext
2024-11-15T11:05:05.644+05:30  INFO 1664 --- [Wallet-Service] [restartedMain] w.s.c.ServletWebServerApplicationContext : Root WebApplicationContext: initialization completed in 5511 ms
2024-11-15T11:05:06.098+05:30  INFO 1664 --- [Wallet-Service] [restartedMain] o.hibernate.jpa.internal.util.LogHelper  : HHH000204: Processing PersistenceUnitInfo [name: default]
2024-11-15T11:05:06.251+05:30  INFO 1664 --- [Wallet-Service] [restartedMain] org.hibernate.Version                    : HHH000412: Hibernate ORM core version 6.5.3.Final
2024-11-15T11:05:06.336+05:30  INFO 1664 --- [Wallet-Service] [restartedMain] o.h.c.internal.RegionFactoryInitiator    : HHH000026: Second-level cache disabled
2024-11-15T11:05:07.084+05:30  INFO 1664 --- [Wallet-Service] [restartedMain] o.s.o.j.p.SpringPersistenceUnitInfo      : No LoadTimeWeaver setup: ignoring JPA class transformer
2024-11-15T11:05:07.212+05:30  INFO 1664 --- [Wallet-Service] [restartedMain] com.zaxxer.hikari.HikariDataSource       : HikariPool-1 - Starting...
2024-11-15T11:05:07.579+05:30  INFO 1664 --- [Wallet-Service] [restartedMain] com.zaxxer.hikari.pool.HikariPool        : HikariPool-1 - Added connection com.mysql.cj.jdbc.ConnectionImpl@5b087f9b
2024-11-15T11:05:07.584+05:30  INFO 1664 --- [Wallet-Service] [restartedMain] com.zaxxer.hikari.HikariDataSource       : HikariPool-1 - Start completed.
2024-11-15T11:05:07.671+05:30  WARN 1664 --- [Wallet-Service] [restartedMain] org.hibernate.orm.deprecation            : HHH90000025: MySQL8Dialect does not need to be specified explicitly using 'hibernate.dialect' (remove the property setting and it will be selected by default)
2024-11-15T11:05:07.675+05:30  WARN 1664 --- [Wallet-Service] [restartedMain] org.hibernate.orm.deprecation            : HHH90000026: MySQL8Dialect has been deprecated; use org.hibernate.dialect.MySQLDialect instead
2024-11-15T11:05:10.345+05:30  INFO 1664 --- [Wallet-Service] [restartedMain] o.h.e.t.j.p.i.JtaPlatformInitiator       : HHH000489: No JTA platform available (set 'hibernate.transaction.jta.platform' to enable JTA platform integration)
2024-11-15T11:05:10.708+05:30  INFO 1664 --- [Wallet-Service] [restartedMain] j.LocalContainerEntityManagerFactoryBean : Initialized JPA EntityManagerFactory for persistence unit 'default'
