2024-11-15T10:35:16.794+05:30  INFO 484 --- [Order-Service] [restartedMain] c.e.order.OrderServiceApplication        : Starting OrderServiceApplication using Java 21.0.5 with PID 484 (C:\Users\ddadasop\eclipse-workspace\Shopping-Cart\Order-Service\target\classes started by ddadasop in C:\Users\ddadasop\eclipse-workspace\Shopping-Cart\Order-Service)
2024-11-15T10:35:16.827+05:30  INFO 484 --- [Order-Service] [restartedMain] c.e.order.OrderServiceApplication        : No active profile set, falling back to 1 default profile: "default"
2024-11-15T10:35:17.058+05:30  INFO 484 --- [Order-Service] [restartedMain] .e.DevToolsPropertyDefaultsPostProcessor : Devtools property defaults active! Set 'spring.devtools.add-properties' to 'false' to disable
2024-11-15T10:35:17.067+05:30  INFO 484 --- [Order-Service] [restartedMain] .e.DevToolsPropertyDefaultsPostProcessor : For additional web related logging consider setting the 'logging.level.web' property to 'DEBUG'
2024-11-15T10:35:20.036+05:30  WARN 484 --- [Order-Service] [restartedMain] ConfigServletWebServerApplicationContext : Exception encountered during context initialization - cancelling refresh attempt: org.springframework.beans.factory.support.BeanDefinitionOverrideException: Invalid bean definition with name 'customAPI' defined in class path resource [com/eshopping/profile/config/OpenApiProfileConfig.class]: Cannot register bean definition [Root bean: class [null]; scope=; abstract=false; lazyInit=null; autowireMode=3; dependencyCheck=0; autowireCandidate=true; primary=false; factoryBeanName=openApiProfileConfig; factoryMethodName=customAPI; initMethodNames=null; destroyMethodNames=[(inferred)]; defined in class path resource [com/eshopping/profile/config/OpenApiProfileConfig.class]] for bean 'customAPI' since there is already [Root bean: class [null]; scope=; abstract=false; lazyInit=null; autowireMode=3; dependencyCheck=0; autowireCandidate=true; primary=false; factoryBeanName=openApiProductConfig; factoryMethodName=customAPI; initMethodNames=null; destroyMethodNames=[(inferred)]; defined in class path resource [com/eshopping/order/config/OpenApiProductConfig.class]] bound.
2024-11-15T10:35:20.068+05:30  INFO 484 --- [Order-Service] [restartedMain] .s.b.a.l.ConditionEvaluationReportLogger : 

Error starting ApplicationContext. To display the condition evaluation report re-run your application with 'debug' enabled.
2024-11-15T10:35:20.200+05:30 ERROR 484 --- [Order-Service] [restartedMain] o.s.b.d.LoggingFailureAnalysisReporter   : 

***************************
APPLICATION FAILED TO START
***************************

Description:

The bean 'customAPI', defined in class path resource [com/eshopping/profile/config/OpenApiProfileConfig.class], could not be registered. A bean with that name has already been defined in class path resource [com/eshopping/order/config/OpenApiProductConfig.class] and overriding is disabled.

Action:

Consider renaming one of the beans or enabling overriding by setting spring.main.allow-bean-definition-overriding=true

2024-11-15T10:36:44.410+05:30  INFO 16988 --- [Order-Service] [restartedMain] c.e.order.OrderServiceApplication        : Starting OrderServiceApplication using Java 21.0.5 with PID 16988 (C:\Users\ddadasop\eclipse-workspace\Shopping-Cart\Order-Service\target\classes started by ddadasop in C:\Users\ddadasop\eclipse-workspace\Shopping-Cart\Order-Service)
2024-11-15T10:36:44.428+05:30  INFO 16988 --- [Order-Service] [restartedMain] c.e.order.OrderServiceApplication        : No active profile set, falling back to 1 default profile: "default"
2024-11-15T10:36:44.859+05:30  INFO 16988 --- [Order-Service] [restartedMain] .e.DevToolsPropertyDefaultsPostProcessor : Devtools property defaults active! Set 'spring.devtools.add-properties' to 'false' to disable
2024-11-15T10:36:44.861+05:30  INFO 16988 --- [Order-Service] [restartedMain] .e.DevToolsPropertyDefaultsPostProcessor : For additional web related logging consider setting the 'logging.level.web' property to 'DEBUG'
2024-11-15T10:36:47.475+05:30  WARN 16988 --- [Order-Service] [restartedMain] ConfigServletWebServerApplicationContext : Exception encountered during context initialization - cancelling refresh attempt: org.springframework.beans.factory.support.BeanDefinitionOverrideException: Invalid bean definition with name 'customAPI' defined in class path resource [com/eshopping/profile/config/OpenApiProfileConfig.class]: Cannot register bean definition [Root bean: class [null]; scope=; abstract=false; lazyInit=null; autowireMode=3; dependencyCheck=0; autowireCandidate=true; primary=false; factoryBeanName=openApiProfileConfig; factoryMethodName=customAPI; initMethodNames=null; destroyMethodNames=[(inferred)]; defined in class path resource [com/eshopping/profile/config/OpenApiProfileConfig.class]] for bean 'customAPI' since there is already [Root bean: class [null]; scope=; abstract=false; lazyInit=null; autowireMode=3; dependencyCheck=0; autowireCandidate=true; primary=false; factoryBeanName=openApiProductConfig; factoryMethodName=customAPI; initMethodNames=null; destroyMethodNames=[(inferred)]; defined in class path resource [com/eshopping/order/config/OpenApiProductConfig.class]] bound.
2024-11-15T10:36:47.502+05:30  INFO 16988 --- [Order-Service] [restartedMain] .s.b.a.l.ConditionEvaluationReportLogger : 

Error starting ApplicationContext. To display the condition evaluation report re-run your application with 'debug' enabled.
2024-11-15T10:36:47.588+05:30 ERROR 16988 --- [Order-Service] [restartedMain] o.s.b.d.LoggingFailureAnalysisReporter   : 

***************************
APPLICATION FAILED TO START
***************************

Description:

The bean 'customAPI', defined in class path resource [com/eshopping/profile/config/OpenApiProfileConfig.class], could not be registered. A bean with that name has already been defined in class path resource [com/eshopping/order/config/OpenApiProductConfig.class] and overriding is disabled.

Action:

Consider renaming one of the beans or enabling overriding by setting spring.main.allow-bean-definition-overriding=true

2024-11-15T10:46:35.717+05:30  INFO 13396 --- [Order-Service] [restartedMain] c.e.order.OrderServiceApplication        : Starting OrderServiceApplication using Java 21.0.5 with PID 13396 (C:\Users\ddadasop\eclipse-workspace\Shopping-Cart\Order-Service\target\classes started by ddadasop in C:\Users\ddadasop\eclipse-workspace\Shopping-Cart\Order-Service)
2024-11-15T10:46:35.725+05:30  INFO 13396 --- [Order-Service] [restartedMain] c.e.order.OrderServiceApplication        : No active profile set, falling back to 1 default profile: "default"
2024-11-15T10:46:35.979+05:30  INFO 13396 --- [Order-Service] [restartedMain] .e.DevToolsPropertyDefaultsPostProcessor : Devtools property defaults active! Set 'spring.devtools.add-properties' to 'false' to disable
2024-11-15T10:46:35.980+05:30  INFO 13396 --- [Order-Service] [restartedMain] .e.DevToolsPropertyDefaultsPostProcessor : For additional web related logging consider setting the 'logging.level.web' property to 'DEBUG'
2024-11-15T10:46:38.780+05:30  WARN 13396 --- [Order-Service] [restartedMain] ConfigServletWebServerApplicationContext : Exception encountered during context initialization - cancelling refresh attempt: org.springframework.beans.factory.support.BeanDefinitionOverrideException: Invalid bean definition with name 'customAPI' defined in class path resource [com/eshopping/profile/config/OpenApiProfileConfig.class]: Cannot register bean definition [Root bean: class [null]; scope=; abstract=false; lazyInit=null; autowireMode=3; dependencyCheck=0; autowireCandidate=true; primary=false; factoryBeanName=openApiProfileConfig; factoryMethodName=customAPI; initMethodNames=null; destroyMethodNames=[(inferred)]; defined in class path resource [com/eshopping/profile/config/OpenApiProfileConfig.class]] for bean 'customAPI' since there is already [Root bean: class [null]; scope=; abstract=false; lazyInit=null; autowireMode=3; dependencyCheck=0; autowireCandidate=true; primary=false; factoryBeanName=openApiProductConfig; factoryMethodName=customAPI; initMethodNames=null; destroyMethodNames=[(inferred)]; defined in class path resource [com/eshopping/order/config/OpenApiProductConfig.class]] bound.
2024-11-15T10:46:38.811+05:30  INFO 13396 --- [Order-Service] [restartedMain] .s.b.a.l.ConditionEvaluationReportLogger : 

Error starting ApplicationContext. To display the condition evaluation report re-run your application with 'debug' enabled.
2024-11-15T10:46:38.909+05:30 ERROR 13396 --- [Order-Service] [restartedMain] o.s.b.d.LoggingFailureAnalysisReporter   : 

***************************
APPLICATION FAILED TO START
***************************

Description:

The bean 'customAPI', defined in class path resource [com/eshopping/profile/config/OpenApiProfileConfig.class], could not be registered. A bean with that name has already been defined in class path resource [com/eshopping/order/config/OpenApiProductConfig.class] and overriding is disabled.

Action:

Consider renaming one of the beans or enabling overriding by setting spring.main.allow-bean-definition-overriding=true

2024-11-15T10:48:04.953+05:30  INFO 1980 --- [Order-Service] [restartedMain] c.e.order.OrderServiceApplication        : Starting OrderServiceApplication using Java 21.0.5 with PID 1980 (C:\Users\ddadasop\eclipse-workspace\Shopping-Cart\Order-Service\target\classes started by ddadasop in C:\Users\ddadasop\eclipse-workspace\Shopping-Cart\Order-Service)
2024-11-15T10:48:04.961+05:30  INFO 1980 --- [Order-Service] [restartedMain] c.e.order.OrderServiceApplication        : No active profile set, falling back to 1 default profile: "default"
2024-11-15T10:48:05.164+05:30  INFO 1980 --- [Order-Service] [restartedMain] .e.DevToolsPropertyDefaultsPostProcessor : Devtools property defaults active! Set 'spring.devtools.add-properties' to 'false' to disable
2024-11-15T10:48:05.164+05:30  INFO 1980 --- [Order-Service] [restartedMain] .e.DevToolsPropertyDefaultsPostProcessor : For additional web related logging consider setting the 'logging.level.web' property to 'DEBUG'
2024-11-15T10:48:07.247+05:30  WARN 1980 --- [Order-Service] [restartedMain] ConfigServletWebServerApplicationContext : Exception encountered during context initialization - cancelling refresh attempt: org.springframework.beans.factory.support.BeanDefinitionOverrideException: Invalid bean definition with name 'customAPI' defined in class path resource [com/eshopping/profile/config/OpenApiProfileConfig.class]: Cannot register bean definition [Root bean: class [null]; scope=; abstract=false; lazyInit=null; autowireMode=3; dependencyCheck=0; autowireCandidate=true; primary=false; factoryBeanName=openApiProfileConfig; factoryMethodName=customAPI; initMethodNames=null; destroyMethodNames=[(inferred)]; defined in class path resource [com/eshopping/profile/config/OpenApiProfileConfig.class]] for bean 'customAPI' since there is already [Root bean: class [null]; scope=; abstract=false; lazyInit=null; autowireMode=3; dependencyCheck=0; autowireCandidate=true; primary=false; factoryBeanName=openApiProductConfig; factoryMethodName=customAPI; initMethodNames=null; destroyMethodNames=[(inferred)]; defined in class path resource [com/eshopping/order/config/OpenApiProductConfig.class]] bound.
2024-11-15T10:48:07.280+05:30  INFO 1980 --- [Order-Service] [restartedMain] .s.b.a.l.ConditionEvaluationReportLogger : 

Error starting ApplicationContext. To display the condition evaluation report re-run your application with 'debug' enabled.
2024-11-15T10:48:07.413+05:30 ERROR 1980 --- [Order-Service] [restartedMain] o.s.b.d.LoggingFailureAnalysisReporter   : 

***************************
APPLICATION FAILED TO START
***************************

Description:

The bean 'customAPI', defined in class path resource [com/eshopping/profile/config/OpenApiProfileConfig.class], could not be registered. A bean with that name has already been defined in class path resource [com/eshopping/order/config/OpenApiProductConfig.class] and overriding is disabled.

Action:

Consider renaming one of the beans or enabling overriding by setting spring.main.allow-bean-definition-overriding=true

2024-11-15T10:55:19.193+05:30  INFO 3548 --- [Order-Service] [restartedMain] c.e.order.OrderServiceApplication        : Starting OrderServiceApplication using Java 21.0.5 with PID 3548 (C:\Users\ddadasop\eclipse-workspace\Shopping-Cart\Order-Service\target\classes started by ddadasop in C:\Users\ddadasop\eclipse-workspace\Shopping-Cart\Order-Service)
2024-11-15T10:55:19.199+05:30  INFO 3548 --- [Order-Service] [restartedMain] c.e.order.OrderServiceApplication        : No active profile set, falling back to 1 default profile: "default"
2024-11-15T10:55:19.405+05:30  INFO 3548 --- [Order-Service] [restartedMain] .e.DevToolsPropertyDefaultsPostProcessor : Devtools property defaults active! Set 'spring.devtools.add-properties' to 'false' to disable
2024-11-15T10:55:19.406+05:30  INFO 3548 --- [Order-Service] [restartedMain] .e.DevToolsPropertyDefaultsPostProcessor : For additional web related logging consider setting the 'logging.level.web' property to 'DEBUG'
2024-11-15T10:55:21.948+05:30  WARN 3548 --- [Order-Service] [restartedMain] ConfigServletWebServerApplicationContext : Exception encountered during context initialization - cancelling refresh attempt: org.springframework.beans.factory.support.BeanDefinitionOverrideException: Invalid bean definition with name 'customAPI' defined in class path resource [com/eshopping/profile/config/OpenApiProfileConfig.class]: Cannot register bean definition [Root bean: class [null]; scope=; abstract=false; lazyInit=null; autowireMode=3; dependencyCheck=0; autowireCandidate=true; primary=false; factoryBeanName=openApiProfileConfig; factoryMethodName=customAPI; initMethodNames=null; destroyMethodNames=[(inferred)]; defined in class path resource [com/eshopping/profile/config/OpenApiProfileConfig.class]] for bean 'customAPI' since there is already [Root bean: class [null]; scope=; abstract=false; lazyInit=null; autowireMode=3; dependencyCheck=0; autowireCandidate=true; primary=false; factoryBeanName=openApiProductConfig; factoryMethodName=customAPI; initMethodNames=null; destroyMethodNames=[(inferred)]; defined in class path resource [com/eshopping/order/config/OpenApiProductConfig.class]] bound.
2024-11-15T10:55:21.974+05:30  INFO 3548 --- [Order-Service] [restartedMain] .s.b.a.l.ConditionEvaluationReportLogger : 

Error starting ApplicationContext. To display the condition evaluation report re-run your application with 'debug' enabled.
2024-11-15T10:55:22.090+05:30 ERROR 3548 --- [Order-Service] [restartedMain] o.s.b.d.LoggingFailureAnalysisReporter   : 

***************************
APPLICATION FAILED TO START
***************************

Description:

The bean 'customAPI', defined in class path resource [com/eshopping/profile/config/OpenApiProfileConfig.class], could not be registered. A bean with that name has already been defined in class path resource [com/eshopping/order/config/OpenApiProductConfig.class] and overriding is disabled.

Action:

Consider renaming one of the beans or enabling overriding by setting spring.main.allow-bean-definition-overriding=true

